#
# A fatal error has been detected by the Java Runtime Environment:
#
#  SIGILL (0x4) at pc=0x000000012ad861a8, pid=5643, tid=0x0000000000000f03
#
# JRE version: Java(TM) SE Runtime Environment (8.0_201-b09) (build 1.8.0_201-b09)
# Java VM: Java HotSpot(TM) 64-Bit Server VM (25.201-b09 mixed mode bsd-amd64 compressed oops)
# Problematic frame:
# C  [GLEngine+0x361a8]  glTranslate_Exec+0x4a
#
# Failed to write core dump. Core dumps have been disabled. To enable core dumping, try "ulimit -c unlimited" before starting Java again
#
# If you would like to submit a bug report, please visit:
#   http://bugreport.java.com/bugreport/crash.jsp
# The crash happened outside the Java Virtual Machine in native code.
# See problematic frame for where to report the bug.
#

---------------  T H R E A D  ---------------

Current thread (0x00007fb478009000):  JavaThread "Client thread" [_thread_in_native, id=3843, stack(0x0000700009103000,0x0000700009203000)]

siginfo: si_signo: 4 (SIGILL), si_code: 1 (ILL_ILLOPC), si_addr: 0x000000012ad861a8

Registers:
RAX=0x0000000000000012, RBX=0x000000012f2e49a8, RCX=0x00007fb479c4de00, RDX=0x00007fff334bf2cf
RSP=0x0000700009200c80, RBP=0x0000700009200c80, RSI=0x0000700009200cc0, RDI=0x00007fb479c4b000
R8 =0x000000074950dd28, R9 =0x000000000001b660, R10=0x000000011377f081, R11=0x00000000e86f363a
R12=0x0000000000000000, R13=0x0000000000000033, R14=0x0000700009200cc0, R15=0x00007fb478009000
RIP=0x000000012ad861a8, EFLAGS=0x0000000000010293, ERR=0x0000000000000000
  TRAPNO=0x0000000000000006

Top of Stack: (sp=0x0000700009200c80)
0x0000700009200c80:   0000700009200cd0 000000011377f127
0x0000700009200c90:   0000000797963f98 00000001150a0058
0x0000700009200ca0:   000000074f255ee0 0000000b00000019
0x0000700009200cb0:   00007000e9b1c570 0000000743281a30
0x0000700009200cc0:   000000074329b1a8 000000074950c160
0x0000700009200cd0:   0000000000000000 0000000114e7b194
0x0000700009200ce0:   00000007c0022d68 000000013d800000
0x0000700009200cf0:   000000074950dd28 0000003a00000000
0x0000700009200d00:   0000000797963f10 0000000f0000000f
0x0000700009200d10:   00000007c0319ed0 000000000000000f
0x0000700009200d20:   0000000745f83bd0 0000000115710e60
0x0000700009200d30:   0000000745f83bb0 00000001137fbaf6
0x0000700009200d40:   0000000000000000 00000001145b9610
0x0000700009200d50:   000000074950c190 000000073d800000
0x0000700009200d60:   4050000000000000 00000001167d6bec
0x0000700009200d70:   000000074950c160 000000011676a170
0x0000700009200d80:   000000074d8e2448 000000013a78df3c
0x0000700009200d90:   0000000000000000 3d80000000000000
0x0000700009200da0:   000000074950c160 000000074d8e2448
0x0000700009200db0:   0000000000000001 0000000115cfcf38
0x0000700009200dc0:   000000074329b1a8 000000012af28b2b
0x0000700009200dd0:   0000000000000000 0000000115ea0070
0x0000700009200de0:   366000003d800000 000000074d8e2448
0x0000700009200df0:   4027b5c94fc1afe0 0000000000000000
0x0000700009200e00:   4043a4919b118c3c 00000001c0e10000
0x0000700009200e10:   00000007c0022d68 0000000740013138
0x0000700009200e20:   000000074950c160 000000074d8e2448
0x0000700009200e30:   0000000136600000 0000000000000000
0x0000700009200e40:   00000000c2070000 000000013a78df3c
0x0000700009200e50:   000000074a0ac308 0000000115627624
0x0000700009200e60:   0000000797963db8 000000074d915a68
0x0000700009200e70:   0000000000000000 0000000b00000019 

Instructions: (pc=0x000000012ad861a8)
0x000000012ad86188:   00 00 02 05 e9 b5 00 00 00 48 8b 8f b0 5d 00 00
0x000000012ad86198:   8b 87 b0 5f 00 00 0f c6 c0 00 0f 28 19 0f 59 d8
0x000000012ad861a8:   0f c6 c9 00 0f 28 61 10 0f 59 e1 0f 58 e3 0f c6
0x000000012ad861b8:   d2 00 0f 28 59 20 0f 59 da 0f 58 dc 0f 58 59 30 

Register to memory mapping:

RAX=0x0000000000000012 is an unknown value
RBX={method} {0x000000012f2e49a8} 'render' '(Lnet/minecraft/entity/Entity;FFFFFF)V' in 'net/minecraft/client/model/ModelChicken'
RCX=0x00007fb479c4de00 is an unknown value
RDX=0x00007fff334bf2cf: glTranslatef+0 in /System/Library/Frameworks/OpenGL.framework/Versions/A/Libraries/libGL.dylib at 0x00007fff334bc000
RSP=0x0000700009200c80 is pointing into the stack for thread: 0x00007fb478009000
RBP=0x0000700009200c80 is pointing into the stack for thread: 0x00007fb478009000
RSI=0x0000700009200cc0 is pointing into the stack for thread: 0x00007fb478009000
RDI=0x00007fb479c4b000 is an unknown value
R8 =0x000000074950dd28 is an oop
net.minecraft.client.model.ModelRenderer 
 - klass: 'net/minecraft/client/model/ModelRenderer'
R9 =0x000000000001b660 is an unknown value
R10=0x000000011377f081 is at entry_point+65 in (nmethod*)0x000000011377eed0
R11=0x00000000e86f363a is an unknown value
R12=0x0000000000000000 is an unknown value
R13=0x0000000000000033 is an unknown value
R14=0x0000700009200cc0 is pointing into the stack for thread: 0x00007fb478009000
R15=0x00007fb478009000 is a thread


Stack: [0x0000700009103000,0x0000700009203000],  sp=0x0000700009200c80,  free space=1015k
Native frames: (J=compiled Java code, j=interpreted, Vv=VM code, C=native code)
C  [GLEngine+0x361a8]  glTranslate_Exec+0x4a
J 3855  org.lwjgl.opengl.GL11.nglTranslatef(FFFJ)V (0 bytes) @ 0x000000011377f127 [0x000000011377f040+0xe7]
J 19976 C2 net.minecraft.client.model.ModelRenderer.render(F)V (414 bytes) @ 0x0000000114e7b194 [0x0000000114e7ab80+0x614]
J 20129 C2 net.minecraft.client.model.ModelChicken.render(Lnet/minecraft/entity/Entity;FFFFFF)V (217 bytes) @ 0x00000001145b9610 [0x00000001145b9420+0x1f0]
J 18820 C2 net.minecraft.client.renderer.entity.RenderLivingBase.renderModel(Lnet/minecraft/entity/EntityLivingBase;FFFFFF)V (92 bytes) @ 0x000000011676a170 [0x000000011676a080+0xf0]
J 18613 C2 net.minecraft.client.renderer.entity.RenderLivingBase.doRender(Lnet/minecraft/entity/EntityLivingBase;DDDFF)V (683 bytes) @ 0x0000000115ea0070 [0x0000000115e9f960+0x710]
J 18824 C2 net.minecraft.client.renderer.entity.RenderLiving.doRender(Lnet/minecraft/entity/EntityLiving;DDDFF)V (36 bytes) @ 0x0000000116757938 [0x00000001167578e0+0x58]
J 18697 C2 net.minecraft.client.renderer.entity.RenderLiving.doRender(Lnet/minecraft/entity/Entity;DDDFF)V (18 bytes) @ 0x0000000115c5bb38 [0x0000000115c5bae0+0x58]
J 18780 C2 net.minecraft.client.renderer.entity.RenderManager.renderEntity(Lnet/minecraft/entity/Entity;DDDFFZ)V (277 bytes) @ 0x000000011672a174 [0x0000000116729d80+0x3f4]
J 18282 C2 net.minecraft.client.renderer.RenderGlobal.renderEntities(Lnet/minecraft/entity/Entity;Lnet/minecraft/client/renderer/culling/ICamera;F)V (1560 bytes) @ 0x0000000115fe945c [0x0000000115fe7560+0x1efc]
J 20097 C2 net.minecraft.client.renderer.EntityRenderer.renderWorldPass(IFJ)V (1361 bytes) @ 0x0000000115d4acac [0x0000000115d4a040+0xc6c]
J 20954 C2 net.minecraft.client.renderer.EntityRenderer.renderWorld(FJ)V (139 bytes) @ 0x0000000115d1105c [0x0000000115d10ec0+0x19c]
J 20957 C2 net.minecraft.client.renderer.EntityRenderer.updateCameraAndRender(FJ)V (971 bytes) @ 0x000000011693a850 [0x0000000116939cc0+0xb90]
J 20541 C2 net.minecraft.client.Minecraft.runGameLoop()V (946 bytes) @ 0x0000000115992e50 [0x0000000115992180+0xcd0]
J 20985% C1 net.minecraft.client.Minecraft.run()V (210 bytes) @ 0x00000001168f5e24 [0x00000001168f5c80+0x1a4]
j  net.minecraft.client.main.Main.main([Ljava/lang/String;)V+1094
v  ~StubRoutines::call_stub
V  [libjvm.dylib+0x2f0bea]
V  [libjvm.dylib+0x4d7830]
V  [libjvm.dylib+0x4d7d64]
V  [libjvm.dylib+0x349138]
j  sun.reflect.NativeMethodAccessorImpl.invoke0(Ljava/lang/reflect/Method;Ljava/lang/Object;[Ljava/lang/Object;)Ljava/lang/Object;+0
j  sun.reflect.NativeMethodAccessorImpl.invoke(Ljava/lang/Object;[Ljava/lang/Object;)Ljava/lang/Object;+100
J 1532 C1 sun.reflect.DelegatingMethodAccessorImpl.invoke(Ljava/lang/Object;[Ljava/lang/Object;)Ljava/lang/Object; (10 bytes) @ 0x0000000113b611cc [0x0000000113b610c0+0x10c]
J 1531 C1 java.lang.reflect.Method.invoke(Ljava/lang/Object;[Ljava/lang/Object;)Ljava/lang/Object; (62 bytes) @ 0x0000000113b6199c [0x0000000113b615a0+0x3fc]
j  net.minecraft.launchwrapper.Launch.launch([Ljava/lang/String;)V+661
j  net.minecraft.launchwrapper.Launch.main([Ljava/lang/String;)V+8
v  ~StubRoutines::call_stub
V  [libjvm.dylib+0x2f0bea]
V  [libjvm.dylib+0x4d7830]
V  [libjvm.dylib+0x4d7d64]
V  [libjvm.dylib+0x349138]
j  sun.reflect.NativeMethodAccessorImpl.invoke0(Ljava/lang/reflect/Method;Ljava/lang/Object;[Ljava/lang/Object;)Ljava/lang/Object;+0
j  sun.reflect.NativeMethodAccessorImpl.invoke(Ljava/lang/Object;[Ljava/lang/Object;)Ljava/lang/Object;+100
j  sun.reflect.DelegatingMethodAccessorImpl.invoke(Ljava/lang/Object;[Ljava/lang/Object;)Ljava/lang/Object;+6
j  java.lang.reflect.Method.invoke(Ljava/lang/Object;[Ljava/lang/Object;)Ljava/lang/Object;+56
j  net.minecraftforge.gradle.GradleStartCommon.launch([Ljava/lang/String;)V+169
j  GradleStart.main([Ljava/lang/String;)V+11
v  ~StubRoutines::call_stub
V  [libjvm.dylib+0x2f0bea]
V  [libjvm.dylib+0x327b91]
V  [libjvm.dylib+0x32091d]
C  [java+0x38c6]  JavaMain+0x9c4
C  [libsystem_pthread.dylib+0x69b4]  _pthread_start+0xe0
C  [libsystem_pthread.dylib+0x24d7]  thread_start+0xf
C  0x0000000000000000

Java frames: (J=compiled Java code, j=interpreted, Vv=VM code)
J 3855  org.lwjgl.opengl.GL11.nglTranslatef(FFFJ)V (0 bytes) @ 0x000000011377f081 [0x000000011377f040+0x41]
J 19976 C2 net.minecraft.client.model.ModelRenderer.render(F)V (414 bytes) @ 0x0000000114e7b194 [0x0000000114e7ab80+0x614]
J 20129 C2 net.minecraft.client.model.ModelChicken.render(Lnet/minecraft/entity/Entity;FFFFFF)V (217 bytes) @ 0x00000001145b9610 [0x00000001145b9420+0x1f0]
J 18820 C2 net.minecraft.client.renderer.entity.RenderLivingBase.renderModel(Lnet/minecraft/entity/EntityLivingBase;FFFFFF)V (92 bytes) @ 0x000000011676a170 [0x000000011676a080+0xf0]
J 18613 C2 net.minecraft.client.renderer.entity.RenderLivingBase.doRender(Lnet/minecraft/entity/EntityLivingBase;DDDFF)V (683 bytes) @ 0x0000000115ea0070 [0x0000000115e9f960+0x710]
J 18824 C2 net.minecraft.client.renderer.entity.RenderLiving.doRender(Lnet/minecraft/entity/EntityLiving;DDDFF)V (36 bytes) @ 0x0000000116757938 [0x00000001167578e0+0x58]
J 18697 C2 net.minecraft.client.renderer.entity.RenderLiving.doRender(Lnet/minecraft/entity/Entity;DDDFF)V (18 bytes) @ 0x0000000115c5bb38 [0x0000000115c5bae0+0x58]
J 18780 C2 net.minecraft.client.renderer.entity.RenderManager.renderEntity(Lnet/minecraft/entity/Entity;DDDFFZ)V (277 bytes) @ 0x000000011672a174 [0x0000000116729d80+0x3f4]
J 18282 C2 net.minecraft.client.renderer.RenderGlobal.renderEntities(Lnet/minecraft/entity/Entity;Lnet/minecraft/client/renderer/culling/ICamera;F)V (1560 bytes) @ 0x0000000115fe945c [0x0000000115fe7560+0x1efc]
J 20097 C2 net.minecraft.client.renderer.EntityRenderer.renderWorldPass(IFJ)V (1361 bytes) @ 0x0000000115d4acac [0x0000000115d4a040+0xc6c]
J 20954 C2 net.minecraft.client.renderer.EntityRenderer.renderWorld(FJ)V (139 bytes) @ 0x0000000115d1105c [0x0000000115d10ec0+0x19c]
J 20957 C2 net.minecraft.client.renderer.EntityRenderer.updateCameraAndRender(FJ)V (971 bytes) @ 0x000000011693a850 [0x0000000116939cc0+0xb90]
J 20541 C2 net.minecraft.client.Minecraft.runGameLoop()V (946 bytes) @ 0x0000000115992e50 [0x0000000115992180+0xcd0]
J 20985% C1 net.minecraft.client.Minecraft.run()V (210 bytes) @ 0x00000001168f5e24 [0x00000001168f5c80+0x1a4]
j  net.minecraft.client.main.Main.main([Ljava/lang/String;)V+1094
v  ~StubRoutines::call_stub
j  sun.reflect.NativeMethodAccessorImpl.invoke0(Ljava/lang/reflect/Method;Ljava/lang/Object;[Ljava/lang/Object;)Ljava/lang/Object;+0
j  sun.reflect.NativeMethodAccessorImpl.invoke(Ljava/lang/Object;[Ljava/lang/Object;)Ljava/lang/Object;+100
J 1532 C1 sun.reflect.DelegatingMethodAccessorImpl.invoke(Ljava/lang/Object;[Ljava/lang/Object;)Ljava/lang/Object; (10 bytes) @ 0x0000000113b611cc [0x0000000113b610c0+0x10c]
J 1531 C1 java.lang.reflect.Method.invoke(Ljava/lang/Object;[Ljava/lang/Object;)Ljava/lang/Object; (62 bytes) @ 0x0000000113b6199c [0x0000000113b615a0+0x3fc]
j  net.minecraft.launchwrapper.Launch.launch([Ljava/lang/String;)V+661
j  net.minecraft.launchwrapper.Launch.main([Ljava/lang/String;)V+8
v  ~StubRoutines::call_stub
j  sun.reflect.NativeMethodAccessorImpl.invoke0(Ljava/lang/reflect/Method;Ljava/lang/Object;[Ljava/lang/Object;)Ljava/lang/Object;+0
j  sun.reflect.NativeMethodAccessorImpl.invoke(Ljava/lang/Object;[Ljava/lang/Object;)Ljava/lang/Object;+100
j  sun.reflect.DelegatingMethodAccessorImpl.invoke(Ljava/lang/Object;[Ljava/lang/Object;)Ljava/lang/Object;+6
j  java.lang.reflect.Method.invoke(Ljava/lang/Object;[Ljava/lang/Object;)Ljava/lang/Object;+56
j  net.minecraftforge.gradle.GradleStartCommon.launch([Ljava/lang/String;)V+169
j  GradleStart.main([Ljava/lang/String;)V+11
v  ~StubRoutines::call_stub

---------------  P R O C E S S  ---------------

Java Threads: ( => current thread )
  0x00007fb47c366800 JavaThread "Chunk I/O Executor Thread-1" daemon [_thread_blocked, id=97027, stack(0x000070000b8af000,0x000070000b9af000)]
  0x00007fb477d4f800 JavaThread "Chunk Batcher 5" daemon [_thread_blocked, id=119811, stack(0x000070000b7ac000,0x000070000b8ac000)]
  0x00007fb475c99000 JavaThread "Chunk Batcher 4" daemon [_thread_blocked, id=120323, stack(0x000070000b6a9000,0x000070000b7a9000)]
  0x00007fb47594d000 JavaThread "Chunk Batcher 3" daemon [_thread_blocked, id=96771, stack(0x000070000b5a6000,0x000070000b6a6000)]
  0x00007fb4758d6800 JavaThread "Chunk Batcher 2" daemon [_thread_blocked, id=121095, stack(0x000070000b4a3000,0x000070000b5a3000)]
  0x00007fb475ed1800 JavaThread "Chunk Batcher 1" daemon [_thread_blocked, id=122387, stack(0x000070000b3a0000,0x000070000b4a0000)]
  0x00007fb47c7bb800 JavaThread "Chunk Batcher 0" daemon [_thread_blocked, id=34063, stack(0x000070000b117000,0x000070000b217000)]
  0x00007fb476dc8800 JavaThread "Netty Server IO #1" daemon [_thread_in_native, id=95499, stack(0x000070000af0e000,0x000070000b00e000)]
  0x00007fb47d957000 JavaThread "Netty Local Client IO #0" daemon [_thread_blocked, id=30731, stack(0x000070000ad08000,0x000070000ae08000)]
  0x00007fb47aaf2000 JavaThread "File IO Thread" [_thread_blocked, id=24375, stack(0x000070000ab02000,0x000070000ac02000)]
  0x00007fb476c46800 JavaThread "Netty Server IO #0" daemon [_thread_in_native, id=16407, stack(0x000070000a5f3000,0x000070000a6f3000)]
  0x00007fb47640b800 JavaThread "Server thread" [_thread_blocked, id=56079, stack(0x000070000a9ff000,0x000070000aaff000)]
  0x00007fb481eac800 JavaThread "Snooper Timer" daemon [_thread_blocked, id=75291, stack(0x000070000a6f6000,0x000070000a7f6000)]
  0x00007fb475259800 JavaThread "Java2D Queue Flusher" daemon [_thread_blocked, id=122123, stack(0x000070000b29d000,0x000070000b39d000)]
  0x00007fb4757e2800 JavaThread "Thread-5" [_thread_blocked, id=55559, stack(0x000070000ae0b000,0x000070000af0b000)]
  0x00007fb481bd5800 JavaThread "Thread-4" [_thread_blocked, id=40459, stack(0x000070000a8fc000,0x000070000a9fc000)]
  0x00007fb4782b0000 JavaThread "Java2D Disposer" daemon [_thread_blocked, id=54787, stack(0x000070000a7f9000,0x000070000a8f9000)]
  0x00007fb475141800 JavaThread "Timer hack thread" daemon [_thread_blocked, id=37407, stack(0x000070000a2e7000,0x000070000a3e7000)]
  0x00007fb477cff800 JavaThread "Snooper Timer" daemon [_thread_blocked, id=83467, stack(0x000070000a4f0000,0x000070000a5f0000)]
  0x00007fb476ad4000 JavaThread "AppKit Thread" daemon [_thread_in_native, id=775, stack(0x00007ffee3fc3000,0x00007ffee47c3000)]
  0x00007fb47585d000 JavaThread "Service Thread" daemon [_thread_blocked, id=15875, stack(0x000070000a033000,0x000070000a133000)]
  0x00007fb476814000 JavaThread "C1 CompilerThread2" daemon [_thread_blocked, id=18691, stack(0x0000700009f30000,0x000070000a030000)]
  0x00007fb477832000 JavaThread "C2 CompilerThread1" daemon [_thread_blocked, id=15363, stack(0x0000700009e2d000,0x0000700009f2d000)]
  0x00007fb475819800 JavaThread "C2 CompilerThread0" daemon [_thread_blocked, id=14851, stack(0x0000700009d2a000,0x0000700009e2a000)]
  0x00007fb475819000 JavaThread "Signal Dispatcher" daemon [_thread_blocked, id=14339, stack(0x0000700009c27000,0x0000700009d27000)]
  0x00007fb475020000 JavaThread "Finalizer" daemon [_thread_blocked, id=20483, stack(0x0000700009a1e000,0x0000700009b1e000)]
  0x00007fb47501f800 JavaThread "Reference Handler" daemon [_thread_blocked, id=12035, stack(0x000070000991b000,0x0000700009a1b000)]
=>0x00007fb478009000 JavaThread "Client thread" [_thread_in_native, id=3843, stack(0x0000700009103000,0x0000700009203000)]

Other Threads:
  0x00007fb47501c800 VMThread [stack: 0x0000700009818000,0x0000700009918000] [id=11523]
  0x00007fb476815000 WatcherThread [stack: 0x000070000a136000,0x000070000a236000] [id=18179]

VM state:not at safepoint (normal execution)

VM Mutex/Monitor currently owned by a thread: None

heap address: 0x0000000740000000, size: 2048 MB, Compressed Oops mode: Zero based, Oop shift amount: 3
Narrow klass base: 0x0000000000000000, Narrow klass shift: 3
Compressed class space size: 1073741824 Address: 0x00000007c0000000

Heap:
 PSYoungGen      total 560640K, used 49875K [0x0000000795580000, 0x00000007bb980000, 0x00000007c0000000)
  eden space 551424K, 7% used [0x0000000795580000,0x0000000797d9a3b0,0x00000007b7000000)
  from space 9216K, 95% used [0x00000007b9500000,0x00000007b9d9aa60,0x00000007b9e00000)
  to   space 23040K, 0% used [0x00000007ba300000,0x00000007ba300000,0x00000007bb980000)
 ParOldGen       total 429568K, used 294217K [0x0000000740000000, 0x000000075a380000, 0x0000000795580000)
  object space 429568K, 68% used [0x0000000740000000,0x0000000751f52620,0x000000075a380000)
 Metaspace       used 70103K, capacity 72011K, committed 72280K, reserved 1112064K
  class space    used 8841K, capacity 9248K, committed 9344K, reserved 1048576K

Card table byte_map: [0x000000010fb79000,0x000000010ff7a000] byte_map_base: 0x000000010c179000

Marking Bits: (ParMarkBitMap*) 0x000000010f0fbe40
 Begin Bits: [0x0000000122657000, 0x0000000124657000)
 End Bits:   [0x0000000124657000, 0x0000000126657000)

Polling page: 0x000000010b4b6000

CodeCache: size=245760Kb used=51317Kb max_used=52137Kb free=194442Kb
 bounds [0x0000000113657000, 0x00000001169b7000, 0x0000000122657000]
 total_blobs=14599 nmethods=13559 adapters=950
 compilation: enabled

Compilation events (10 events):
Event: 862.814 Thread 0x00007fb475819800 nmethod 20996 0x000000011670b050 code [0x000000011670b1c0, 0x000000011670b348]
Event: 862.820 Thread 0x00007fb477832000 nmethod 20995 0x0000000115b23d90 code [0x0000000115b23fa0, 0x0000000115b24a68]
Event: 870.499 Thread 0x00007fb475819800 20997       4       java.lang.String::<init> (38 bytes)
Event: 870.505 Thread 0x00007fb475819800 nmethod 20997 0x0000000115b81710 code [0x0000000115b818c0, 0x0000000115b81ec8]
Event: 889.846 Thread 0x00007fb477832000 20998       4       mcjty.theoneprobe.apiimpl.elements.AbstractElementPanel::<init> (62 bytes)
Event: 889.855 Thread 0x00007fb477832000 nmethod 20998 0x0000000115694290 code [0x0000000115694460, 0x0000000115694a68]
Event: 907.307 Thread 0x00007fb475819800 20999 %     4       paulscode.sound.CommandThread::run @ 32 (107 bytes)
Event: 907.313 Thread 0x00007fb475819800 nmethod 20999% 0x000000011534da50 code [0x000000011534dbe0, 0x000000011534e3c8]
Event: 920.298 Thread 0x00007fb477832000 21000       4       io.netty.buffer.AbstractByteBuf::readerIndex (53 bytes)
Event: 920.299 Thread 0x00007fb477832000 nmethod 21000 0x000000011618d690 code [0x000000011618d7e0, 0x000000011618d878]

GC Heap History (10 events):
Event: 690.055 GC heap before
{Heap before GC invocations=87 (full 8):
 PSYoungGen      total 618496K, used 609295K [0x0000000795580000, 0x00000007bcd80000, 0x00000007c0000000)
  eden space 594944K, 100% used [0x0000000795580000,0x00000007b9a80000,0x00000007b9a80000)
  from space 23552K, 60% used [0x00000007bb680000,0x00000007bc483c60,0x00000007bcd80000)
  to   space 26112K, 0% used [0x00000007b9a80000,0x00000007b9a80000,0x00000007bb400000)
 ParOldGen       total 429568K, used 287960K [0x0000000740000000, 0x000000075a380000, 0x0000000795580000)
  object space 429568K, 67% used [0x0000000740000000,0x00000007519361f0,0x000000075a380000)
 Metaspace       used 70089K, capacity 72011K, committed 72280K, reserved 1112064K
  class space    used 8841K, capacity 9248K, committed 9344K, reserved 1048576K
Event: 690.169 GC heap after
Heap after GC invocations=87 (full 8):
 PSYoungGen      total 621056K, used 14194K [0x0000000795580000, 0x00000007bd100000, 0x00000007c0000000)
  eden space 594944K, 0% used [0x0000000795580000,0x0000000795580000,0x00000007b9a80000)
  from space 26112K, 54% used [0x00000007b9a80000,0x00000007ba85cb70,0x00000007bb400000)
  to   space 25088K, 0% used [0x00000007bb880000,0x00000007bb880000,0x00000007bd100000)
 ParOldGen       total 429568K, used 288124K [0x0000000740000000, 0x000000075a380000, 0x0000000795580000)
  object space 429568K, 67% used [0x0000000740000000,0x000000075195f060,0x000000075a380000)
 Metaspace       used 70089K, capacity 72011K, committed 72280K, reserved 1112064K
  class space    used 8841K, capacity 9248K, committed 9344K, reserved 1048576K
}
Event: 749.138 GC heap before
{Heap before GC invocations=88 (full 8):
 PSYoungGen      total 621056K, used 609138K [0x0000000795580000, 0x00000007bd100000, 0x00000007c0000000)
  eden space 594944K, 100% used [0x0000000795580000,0x00000007b9a80000,0x00000007b9a80000)
  from space 26112K, 54% used [0x00000007b9a80000,0x00000007ba85cb70,0x00000007bb400000)
  to   space 25088K, 0% used [0x00000007bb880000,0x00000007bb880000,0x00000007bd100000)
 ParOldGen       total 429568K, used 288124K [0x0000000740000000, 0x000000075a380000, 0x0000000795580000)
  object space 429568K, 67% used [0x0000000740000000,0x000000075195f060,0x000000075a380000)
 Metaspace       used 70089K, capacity 72011K, committed 72280K, reserved 1112064K
  class space    used 8841K, capacity 9248K, committed 9344K, reserved 1048576K
Event: 749.145 GC heap after
Heap after GC invocations=88 (full 8):
 PSYoungGen      total 620544K, used 14075K [0x0000000795580000, 0x00000007bcd80000, 0x00000007c0000000)
  eden space 599040K, 0% used [0x0000000795580000,0x0000000795580000,0x00000007b9e80000)
  from space 21504K, 65% used [0x00000007bb880000,0x00000007bc63ee70,0x00000007bcd80000)
  to   space 24064K, 0% used [0x00000007b9e80000,0x00000007b9e80000,0x00000007bb600000)
 ParOldGen       total 429568K, used 288228K [0x0000000740000000, 0x000000075a380000, 0x0000000795580000)
  object space 429568K, 67% used [0x0000000740000000,0x0000000751979060,0x000000075a380000)
 Metaspace       used 70089K, capacity 72011K, committed 72280K, reserved 1112064K
  class space    used 8841K, capacity 9248K, committed 9344K, reserved 1048576K
}
Event: 805.150 GC heap before
{Heap before GC invocations=89 (full 8):
 PSYoungGen      total 620544K, used 613115K [0x0000000795580000, 0x00000007bcd80000, 0x00000007c0000000)
  eden space 599040K, 100% used [0x0000000795580000,0x00000007b9e80000,0x00000007b9e80000)
  from space 21504K, 65% used [0x00000007bb880000,0x00000007bc63ee70,0x00000007bcd80000)
  to   space 24064K, 0% used [0x00000007b9e80000,0x00000007b9e80000,0x00000007bb600000)
 ParOldGen       total 429568K, used 288228K [0x0000000740000000, 0x000000075a380000, 0x0000000795580000)
  object space 429568K, 67% used [0x0000000740000000,0x0000000751979060,0x000000075a380000)
 Metaspace       used 70103K, capacity 72011K, committed 72280K, reserved 1112064K
  class space    used 8841K, capacity 9248K, committed 9344K, reserved 1048576K
Event: 805.159 GC heap after
Heap after GC invocations=89 (full 8):
 PSYoungGen      total 623104K, used 11354K [0x0000000795580000, 0x00000007bd000000, 0x00000007c0000000)
  eden space 599040K, 0% used [0x0000000795580000,0x0000000795580000,0x00000007b9e80000)
  from space 24064K, 47% used [0x00000007b9e80000,0x00000007ba9968d0,0x00000007bb600000)
  to   space 23552K, 0% used [0x00000007bb900000,0x00000007bb900000,0x00000007bd000000)
 ParOldGen       total 429568K, used 291331K [0x0000000740000000, 0x000000075a380000, 0x0000000795580000)
  object space 429568K, 67% used [0x0000000740000000,0x0000000751c80f60,0x000000075a380000)
 Metaspace       used 70103K, capacity 72011K, committed 72280K, reserved 1112064K
  class space    used 8841K, capacity 9248K, committed 9344K, reserved 1048576K
}
Event: 862.639 GC heap before
{Heap before GC invocations=90 (full 8):
 PSYoungGen      total 623104K, used 610394K [0x0000000795580000, 0x00000007bd000000, 0x00000007c0000000)
  eden space 599040K, 100% used [0x0000000795580000,0x00000007b9e80000,0x00000007b9e80000)
  from space 24064K, 47% used [0x00000007b9e80000,0x00000007ba9968d0,0x00000007bb600000)
  to   space 23552K, 0% used [0x00000007bb900000,0x00000007bb900000,0x00000007bd000000)
 ParOldGen       total 429568K, used 291331K [0x0000000740000000, 0x000000075a380000, 0x0000000795580000)
  object space 429568K, 67% used [0x0000000740000000,0x0000000751c80f60,0x000000075a380000)
 Metaspace       used 70103K, capacity 72011K, committed 72280K, reserved 1112064K
  class space    used 8841K, capacity 9248K, committed 9344K, reserved 1048576K
Event: 862.704 GC heap after
Heap after GC invocations=90 (full 8):
 PSYoungGen      total 583680K, used 9135K [0x0000000795580000, 0x00000007bc200000, 0x00000007c0000000)
  eden space 574464K, 0% used [0x0000000795580000,0x0000000795580000,0x00000007b8680000)
  from space 9216K, 99% used [0x00000007bb900000,0x00000007bc1ebed0,0x00000007bc200000)
  to   space 23040K, 0% used [0x00000007b9500000,0x00000007b9500000,0x00000007bab80000)
 ParOldGen       total 429568K, used 293865K [0x0000000740000000, 0x000000075a380000, 0x0000000795580000)
  object space 429568K, 68% used [0x0000000740000000,0x0000000751efa620,0x000000075a380000)
 Metaspace       used 70103K, capacity 72011K, committed 72280K, reserved 1112064K
  class space    used 8841K, capacity 9248K, committed 9344K, reserved 1048576K
}
Event: 922.750 GC heap before
{Heap before GC invocations=91 (full 8):
 PSYoungGen      total 583680K, used 583599K [0x0000000795580000, 0x00000007bc200000, 0x00000007c0000000)
  eden space 574464K, 100% used [0x0000000795580000,0x00000007b8680000,0x00000007b8680000)
  from space 9216K, 99% used [0x00000007bb900000,0x00000007bc1ebed0,0x00000007bc200000)
  to   space 23040K, 0% used [0x00000007b9500000,0x00000007b9500000,0x00000007bab80000)
 ParOldGen       total 429568K, used 293865K [0x0000000740000000, 0x000000075a380000, 0x0000000795580000)
  object space 429568K, 68% used [0x0000000740000000,0x0000000751efa620,0x000000075a380000)
 Metaspace       used 70103K, capacity 72011K, committed 72280K, reserved 1112064K
  class space    used 8841K, capacity 9248K, committed 9344K, reserved 1048576K
Event: 922.757 GC heap after
Heap after GC invocations=91 (full 8):
 PSYoungGen      total 560640K, used 8810K [0x0000000795580000, 0x00000007bb980000, 0x00000007c0000000)
  eden space 551424K, 0% used [0x0000000795580000,0x0000000795580000,0x00000007b7000000)
  from space 9216K, 95% used [0x00000007b9500000,0x00000007b9d9aa60,0x00000007b9e00000)
  to   space 23040K, 0% used [0x00000007ba300000,0x00000007ba300000,0x00000007bb980000)
 ParOldGen       total 429568K, used 294217K [0x0000000740000000, 0x000000075a380000, 0x0000000795580000)
  object space 429568K, 68% used [0x0000000740000000,0x0000000751f52620,0x000000075a380000)
 Metaspace       used 70103K, capacity 72011K, committed 72280K, reserved 1112064K
  class space    used 8841K, capacity 9248K, committed 9344K, reserved 1048576K
}

Deoptimization events (10 events):
Event: 542.307 Thread 0x00007fb47c7bb800 Uncommon trap: reason=class_check action=maybe_recompile pc=0x00000001163ad030 method=net.minecraft.world.ChunkCache.getLightFor(Lnet/minecraft/world/EnumSkyBlock;Lnet/minecraft/util/math/BlockPos;)I @ 68
Event: 542.307 Thread 0x00007fb47c7bb800 Uncommon trap: reason=class_check action=maybe_recompile pc=0x00000001163ad030 method=net.minecraft.world.ChunkCache.getLightFor(Lnet/minecraft/world/EnumSkyBlock;Lnet/minecraft/util/math/BlockPos;)I @ 68
Event: 542.308 Thread 0x00007fb47c7bb800 Uncommon trap: reason=class_check action=maybe_recompile pc=0x00000001163ad030 method=net.minecraft.world.ChunkCache.getLightFor(Lnet/minecraft/world/EnumSkyBlock;Lnet/minecraft/util/math/BlockPos;)I @ 68
Event: 542.308 Thread 0x00007fb47c7bb800 Uncommon trap: reason=class_check action=maybe_recompile pc=0x00000001163ad030 method=net.minecraft.world.ChunkCache.getLightFor(Lnet/minecraft/world/EnumSkyBlock;Lnet/minecraft/util/math/BlockPos;)I @ 68
Event: 542.837 Thread 0x00007fb478009000 Uncommon trap: reason=class_check action=maybe_recompile pc=0x0000000115a8a968 method=net.minecraft.entity.player.EntityPlayer.addStat(Lnet/minecraft/stats/StatBase;)V @ 3
Event: 543.908 Thread 0x00007fb478009000 Uncommon trap: reason=class_check action=maybe_recompile pc=0x0000000115be3230 method=com.google.common.util.concurrent.AggregateFuture.afterDone()V @ 57
Event: 547.591 Thread 0x00007fb47640b800 Uncommon trap: reason=class_check action=maybe_recompile pc=0x0000000115d21e54 method=net.minecraft.entity.EntityLivingBase.updateFallState(DZLnet/minecraft/block/state/IBlockState;Lnet/minecraft/util/math/BlockPos;)V @ 66
Event: 547.956 Thread 0x00007fb478009000 Uncommon trap: reason=unstable_if action=reinterpret pc=0x00000001154f3394 method=mcjty.theoneprobe.rendering.OverlayRenderer.renderElements(Lmcjty/theoneprobe/apiimpl/ProbeInfo;Lmcjty/theoneprobe/api/IOverlayStyle;DDLmcjty/theoneprobe/api/IElement;)V @ 3
Event: 549.902 Thread 0x00007fb478009000 Uncommon trap: reason=unstable_if action=reinterpret pc=0x000000011606cdf8 method=net.minecraft.client.renderer.EntityRenderer.updateCameraAndRender(FJ)V @ 7
Event: 552.403 Thread 0x00007fb478009000 Uncommon trap: reason=class_check action=maybe_recompile pc=0x0000000115a8a968 method=net.minecraft.entity.player.EntityPlayer.addStat(Lnet/minecraft/stats/StatBase;)V @ 3

Classes redefined (0 events):
No events

Internal exceptions (10 events):
Event: 926.848 Thread 0x00007fb481bd5800 Exception <a 'java/lang/InterruptedException': sleep interrupted> (0x0000000797d8b3a8) thrown at [/Users/java_re/workspace/8-2-build-macosx-x86_64/jdk8u201/12322/hotspot/src/share/vm/prims/jvm.cpp, line 3340]
Event: 926.854 Thread 0x00007fb481bd5800 Exception <a 'java/lang/InterruptedException': sleep interrupted> (0x0000000797d8b600) thrown at [/Users/java_re/workspace/8-2-build-macosx-x86_64/jdk8u201/12322/hotspot/src/share/vm/prims/jvm.cpp, line 3340]
Event: 926.859 Thread 0x00007fb481bd5800 Exception <a 'java/lang/InterruptedException': sleep interrupted> (0x0000000797d8b858) thrown at [/Users/java_re/workspace/8-2-build-macosx-x86_64/jdk8u201/12322/hotspot/src/share/vm/prims/jvm.cpp, line 3340]
Event: 926.872 Thread 0x00007fb481bd5800 Exception <a 'java/lang/InterruptedException': sleep interrupted> (0x0000000797d8bab0) thrown at [/Users/java_re/workspace/8-2-build-macosx-x86_64/jdk8u201/12322/hotspot/src/share/vm/prims/jvm.cpp, line 3340]
Event: 926.880 Thread 0x00007fb481bd5800 Exception <a 'java/lang/InterruptedException': sleep interrupted> (0x0000000797d8bd08) thrown at [/Users/java_re/workspace/8-2-build-macosx-x86_64/jdk8u201/12322/hotspot/src/share/vm/prims/jvm.cpp, line 3340]
Event: 926.889 Thread 0x00007fb481bd5800 Exception <a 'java/lang/InterruptedException': sleep interrupted> (0x0000000797d8bf60) thrown at [/Users/java_re/workspace/8-2-build-macosx-x86_64/jdk8u201/12322/hotspot/src/share/vm/prims/jvm.cpp, line 3340]
Event: 926.901 Thread 0x00007fb481bd5800 Exception <a 'java/lang/InterruptedException': sleep interrupted> (0x0000000797d8c1b8) thrown at [/Users/java_re/workspace/8-2-build-macosx-x86_64/jdk8u201/12322/hotspot/src/share/vm/prims/jvm.cpp, line 3340]
Event: 926.909 Thread 0x00007fb481bd5800 Exception <a 'java/lang/InterruptedException': sleep interrupted> (0x0000000797d8c410) thrown at [/Users/java_re/workspace/8-2-build-macosx-x86_64/jdk8u201/12322/hotspot/src/share/vm/prims/jvm.cpp, line 3340]
Event: 926.933 Thread 0x00007fb481bd5800 Exception <a 'java/lang/InterruptedException': sleep interrupted> (0x0000000797d8c668) thrown at [/Users/java_re/workspace/8-2-build-macosx-x86_64/jdk8u201/12322/hotspot/src/share/vm/prims/jvm.cpp, line 3340]
Event: 926.936 Thread 0x00007fb481bd5800 Exception <a 'java/lang/InterruptedException': sleep interrupted> (0x0000000797d8c8c0) thrown at [/Users/java_re/workspace/8-2-build-macosx-x86_64/jdk8u201/12322/hotspot/src/share/vm/prims/jvm.cpp, line 3340]

Events (10 events):
Event: 915.472 Thread 0x00007fb482fe2800 Thread added: 0x00007fb482fe2800
Event: 916.680 Executing VM operation: BulkRevokeBias
Event: 916.681 Executing VM operation: BulkRevokeBias done
Event: 916.681 Thread 0x00007fb482fe2800 Thread exited: 0x00007fb482fe2800
Event: 917.489 Thread 0x00007fb482fe2800 Thread added: 0x00007fb482fe2800
Event: 919.656 Executing VM operation: RevokeBias
Event: 919.656 Executing VM operation: RevokeBias done
Event: 919.657 Thread 0x00007fb482fe2800 Thread exited: 0x00007fb482fe2800
Event: 922.750 Executing VM operation: ParallelGCFailedAllocation
Event: 922.757 Executing VM operation: ParallelGCFailedAllocation done


Dynamic libraries:
0x00007fff29673000 	/System/Library/Frameworks/Cocoa.framework/Versions/A/Cocoa
0x00007fff35c23000 	/System/Library/Frameworks/Security.framework/Versions/A/Security
0x00007fff28508000 	/System/Library/Frameworks/ApplicationServices.framework/Versions/A/ApplicationServices
0x00007fff6b02f000 	/usr/lib/libz.1.dylib
0x00007fff687c8000 	/usr/lib/libSystem.B.dylib
0x00007fff6a8c1000 	/usr/lib/libobjc.A.dylib
0x00007fff2a75b000 	/System/Library/Frameworks/CoreFoundation.framework/Versions/A/CoreFoundation
0x00007fff2d14f000 	/System/Library/Frameworks/Foundation.framework/Versions/C/Foundation
0x00007fff2762c000 	/System/Library/Frameworks/AppKit.framework/Versions/C/AppKit
0x00007fff2a21a000 	/System/Library/Frameworks/CoreData.framework/Versions/A/CoreData
0x00007fff61147000 	/System/Library/PrivateFrameworks/UIFoundation.framework/Versions/A/UIFoundation
0x00007fff5b3fe000 	/System/Library/PrivateFrameworks/RemoteViewServices.framework/Versions/A/RemoteViewServices
0x00007fff6464c000 	/System/Library/PrivateFrameworks/XCTTargetBootstrap.framework/Versions/A/XCTTargetBootstrap
0x00007fff6aad4000 	/usr/lib/libspindump.dylib
0x00007fff372d5000 	/System/Library/Frameworks/UniformTypeIdentifiers.framework/Versions/A/UniformTypeIdentifiers
0x00007fff688cd000 	/usr/lib/libapp_launch_measurement.dylib
0x00007fff43b91000 	/System/Library/PrivateFrameworks/CoreAutoLayout.framework/Versions/A/CoreAutoLayout
0x00007fff30751000 	/System/Library/Frameworks/Metal.framework/Versions/A/Metal
0x00007fff69b7c000 	/usr/lib/liblangid.dylib
0x00007fff45853000 	/System/Library/PrivateFrameworks/CoreSVG.framework/Versions/A/CoreSVG
0x00007fff5e9a9000 	/System/Library/PrivateFrameworks/SkyLight.framework/Versions/A/SkyLight
0x00007fff2ac56000 	/System/Library/Frameworks/CoreGraphics.framework/Versions/A/CoreGraphics
0x00007fff25dc7000 	/System/Library/Frameworks/Accelerate.framework/Versions/A/Accelerate
0x00007fff52cbd000 	/System/Library/PrivateFrameworks/IconServices.framework/Versions/A/IconServices
0x00007fff2d9b0000 	/System/Library/Frameworks/IOSurface.framework/Versions/A/IOSurface
0x00007fff68375000 	/usr/lib/libDiagnosticMessagesClient.dylib
0x00007fff465c1000 	/System/Library/PrivateFrameworks/DFRFoundation.framework/Versions/A/DFRFoundation
0x00007fff698b1000 	/usr/lib/libicucore.A.dylib
0x00007fff286bf000 	/System/Library/Frameworks/AudioToolbox.framework/Versions/A/AudioToolbox
0x00007fff46669000 	/System/Library/PrivateFrameworks/DataDetectorsCore.framework/Versions/A/DataDetectorsCore
0x00007fff290fa000 	/System/Library/Frameworks/Carbon.framework/Versions/A/Frameworks/HIToolbox.framework/Versions/A/HIToolbox
0x00007fff34e44000 	/System/Library/Frameworks/QuartzCore.framework/Versions/A/QuartzCore
0x00007fff2942e000 	/System/Library/Frameworks/Carbon.framework/Versions/A/Frameworks/SpeechRecognition.framework/Versions/A/SpeechRecognition
0x00007fff45ff3000 	/System/Library/PrivateFrameworks/CoreUI.framework/Versions/A/CoreUI
0x00007fff29a9c000 	/System/Library/Frameworks/CoreAudio.framework/Versions/A/CoreAudio
0x00007fff2cde9000 	/System/Library/Frameworks/DiskArbitration.framework/Versions/A/DiskArbitration
0x00007fff5528b000 	/System/Library/PrivateFrameworks/MultitouchSupport.framework/Versions/A/MultitouchSupport
0x00007fff6974a000 	/usr/lib/libenergytrace.dylib
0x00007fff2d905000 	/System/Library/Frameworks/IOKit.framework/Versions/A/IOKit
0x00007fff2bed5000 	/System/Library/Frameworks/CoreServices.framework/Versions/A/CoreServices
0x00007fff57aed000 	/System/Library/PrivateFrameworks/PerformanceAnalysis.framework/Versions/A/PerformanceAnalysis
0x00007fff3400d000 	/System/Library/Frameworks/OpenGL.framework/Versions/A/OpenGL
0x00007fff62061000 	/System/Library/PrivateFrameworks/UserActivity.framework/Versions/A/UserActivity
0x00007fff29687000 	/System/Library/Frameworks/ColorSync.framework/Versions/A/ColorSync
0x00007fff2b32a000 	/System/Library/Frameworks/CoreImage.framework/Versions/A/CoreImage
0x00007fff2c83a000 	/System/Library/Frameworks/CoreText.framework/Versions/A/CoreText
0x00007fff2da51000 	/System/Library/Frameworks/ImageIO.framework/Versions/A/ImageIO
0x00007fff5f2b6000 	/System/Library/PrivateFrameworks/SoftLinking.framework/Versions/A/SoftLinking
0x00007fff6af1f000 	/usr/lib/libxml2.2.dylib
0x00007fff68c0f000 	/usr/lib/libc++.1.dylib
0x00007fff68c95000 	/usr/lib/libcompression.dylib
0x00007fff68627000 	/usr/lib/libMobileGestalt.dylib
0x00007fff60b48000 	/System/Library/PrivateFrameworks/TextureIO.framework/Versions/A/TextureIO
0x00007fff68992000 	/usr/lib/libate.dylib
0x00007fff530be000 	/System/Library/PrivateFrameworks/InternationalSupport.framework/Versions/A/InternationalSupport
0x00007fff6b90e000 	/usr/lib/system/libcache.dylib
0x00007fff6b917000 	/usr/lib/system/libcommonCrypto.dylib
0x00007fff6b924000 	/usr/lib/system/libcompiler_rt.dylib
0x00007fff6b92c000 	/usr/lib/system/libcopyfile.dylib
0x00007fff6b937000 	/usr/lib/system/libcorecrypto.dylib
0x00007fff6baf1000 	/usr/lib/system/libdispatch.dylib
0x00007fff6bb36000 	/usr/lib/system/libdyld.dylib
0x00007fff6bb71000 	/usr/lib/system/libkeymgr.dylib
0x00007fff6bb8e000 	/usr/lib/system/liblaunch.dylib
0x00007fff6bb8f000 	/usr/lib/system/libmacho.dylib
0x00007fff6bb95000 	/usr/lib/system/libquarantine.dylib
0x00007fff6bb98000 	/usr/lib/system/libremovefile.dylib
0x00007fff6bb9a000 	/usr/lib/system/libsystem_asl.dylib
0x00007fff6bbb1000 	/usr/lib/system/libsystem_blocks.dylib
0x00007fff6bbb3000 	/usr/lib/system/libsystem_c.dylib
0x00007fff6bc3c000 	/usr/lib/system/libsystem_collections.dylib
0x00007fff6bc3f000 	/usr/lib/system/libsystem_configuration.dylib
0x00007fff6bc43000 	/usr/lib/system/libsystem_containermanager.dylib
0x00007fff6bc53000 	/usr/lib/system/libsystem_coreservices.dylib
0x00007fff6bc58000 	/usr/lib/system/libsystem_darwin.dylib
0x00007fff6bc62000 	/usr/lib/system/libsystem_dnssd.dylib
0x00007fff6bc6a000 	/usr/lib/system/libsystem_featureflags.dylib
0x00007fff6bc6d000 	/usr/lib/system/libsystem_info.dylib
0x00007fff6bce8000 	/usr/lib/system/libsystem_m.dylib
0x00007fff6bd30000 	/usr/lib/system/libsystem_malloc.dylib
0x00007fff6bd5d000 	/usr/lib/system/libsystem_networkextension.dylib
0x00007fff6bd6c000 	/usr/lib/system/libsystem_notify.dylib
0x00007fff6bd80000 	/usr/lib/system/libsystem_product_info_filter.dylib
0x00007fff6bd8d000 	/usr/lib/system/libsystem_sandbox.dylib
0x00007fff6bd92000 	/usr/lib/system/libsystem_secinit.dylib
0x00007fff6bcb9000 	/usr/lib/system/libsystem_kernel.dylib
0x00007fff6bd76000 	/usr/lib/system/libsystem_platform.dylib
0x00007fff6bd81000 	/usr/lib/system/libsystem_pthread.dylib
0x00007fff6bd95000 	/usr/lib/system/libsystem_symptoms.dylib
0x00007fff6bd9d000 	/usr/lib/system/libsystem_trace.dylib
0x00007fff6bdb9000 	/usr/lib/system/libunwind.dylib
0x00007fff6bdc4000 	/usr/lib/system/libxpc.dylib
0x00007fff68c65000 	/usr/lib/libc++abi.dylib
0x00007fff6a8b9000 	/usr/lib/liboah.dylib
0x00007fff69b7e000 	/usr/lib/liblzma.5.dylib
0x00007fff37085000 	/System/Library/Frameworks/SystemConfiguration.framework/Versions/A/SystemConfiguration
0x00007fff69772000 	/usr/lib/libfakelink.dylib
0x00007fff28bfe000 	/System/Library/Frameworks/CFNetwork.framework/Versions/A/CFNetwork
0x00007fff68920000 	/usr/lib/libarchive.2.dylib
0x00007fff68298000 	/usr/lib/libCRFSuite.dylib
0x00007fff68bf0000 	/usr/lib/libbsm.0.dylib
0x00007fff6a1d4000 	/usr/lib/libnetwork.dylib
0x00007fff6a929000 	/usr/lib/libpcap.A.dylib
0x00007fff6968d000 	/usr/lib/libdns_services.dylib
0x00007fff68fe2000 	/usr/lib/libcoretls_cfhelpers.dylib
0x00007fff688d0000 	/usr/lib/libapple_nghttp2.dylib
0x00007fff6bb72000 	/usr/lib/system/libkxld.dylib
0x00007fff6aad7000 	/usr/lib/libsqlite3.dylib
0x00007fff3ec7d000 	/System/Library/PrivateFrameworks/AppleFSCompression.framework/Versions/A/AppleFSCompression
0x00007fff68fca000 	/usr/lib/libcoretls.dylib
0x00007fff6a912000 	/usr/lib/libpam.2.dylib
0x00007fff6af0c000 	/usr/lib/libxar.1.dylib
0x00007fff3f400000 	/System/Library/PrivateFrameworks/AppleSystemInfo.framework/Versions/A/AppleSystemInfo
0x00007fff528da000 	/System/Library/PrivateFrameworks/IOMobileFramebuffer.framework/Versions/A/IOMobileFramebuffer
0x00007fff68c01000 	/usr/lib/libbz2.1.0.dylib
0x00007fff697c0000 	/usr/lib/libiconv.2.dylib
0x00007fff68c7e000 	/usr/lib/libcharset.1.dylib
0x00007fff2c282000 	/System/Library/Frameworks/CoreServices.framework/Versions/A/Frameworks/FSEvents.framework/Versions/A/FSEvents
0x00007fff2bf4b000 	/System/Library/Frameworks/CoreServices.framework/Versions/A/Frameworks/CarbonCore.framework/Versions/A/CarbonCore
0x00007fff2c4c8000 	/System/Library/Frameworks/CoreServices.framework/Versions/A/Frameworks/Metadata.framework/Versions/A/Metadata
0x00007fff2c564000 	/System/Library/Frameworks/CoreServices.framework/Versions/A/Frameworks/OSServices.framework/Versions/A/OSServices
0x00007fff2c592000 	/System/Library/Frameworks/CoreServices.framework/Versions/A/Frameworks/SearchKit.framework/Versions/A/SearchKit
0x00007fff2bed6000 	/System/Library/Frameworks/CoreServices.framework/Versions/A/Frameworks/AE.framework/Versions/A/AE
0x00007fff2c28b000 	/System/Library/Frameworks/CoreServices.framework/Versions/A/Frameworks/LaunchServices.framework/Versions/A/LaunchServices
0x00007fff2c233000 	/System/Library/Frameworks/CoreServices.framework/Versions/A/Frameworks/DictionaryServices.framework/Versions/A/DictionaryServices
0x00007fff2c5fa000 	/System/Library/Frameworks/CoreServices.framework/Versions/A/Frameworks/SharedFileList.framework/Versions/A/SharedFileList
0x00007fff682d0000 	/usr/lib/libCheckFix.dylib
0x00007fff605ca000 	/System/Library/PrivateFrameworks/TCC.framework/Versions/A/TCC
0x00007fff447e9000 	/System/Library/PrivateFrameworks/CoreNLP.framework/Versions/A/CoreNLP
0x00007fff54d17000 	/System/Library/PrivateFrameworks/MetadataUtilities.framework/Versions/A/MetadataUtilities
0x00007fff69bf7000 	/usr/lib/libmecabra.dylib
0x00007fff2f710000 	/System/Library/Frameworks/MLCompute.framework/Versions/A/MLCompute
0x00007fff69bae000 	/usr/lib/libmecab.dylib
0x00007fff69784000 	/usr/lib/libgermantok.dylib
0x00007fff68857000 	/usr/lib/libThaiTokenizer.dylib
0x00007fff682dc000 	/usr/lib/libChineseTokenizer.dylib
0x00007fff30c80000 	/System/Library/Frameworks/MetalPerformanceShaders.framework/Versions/A/MetalPerformanceShaders
0x00007fff25dc8000 	/System/Library/Frameworks/Accelerate.framework/Versions/A/Frameworks/vImage.framework/Versions/A/vImage
0x00007fff27451000 	/System/Library/Frameworks/Accelerate.framework/Versions/A/Frameworks/vecLib.framework/Versions/A/vecLib
0x00007fff27392000 	/System/Library/Frameworks/Accelerate.framework/Versions/A/Frameworks/vecLib.framework/Versions/A/libvMisc.dylib
0x00007fff271be000 	/System/Library/Frameworks/Accelerate.framework/Versions/A/Frameworks/vecLib.framework/Versions/A/libvDSP.dylib
0x00007fff26468000 	/System/Library/Frameworks/Accelerate.framework/Versions/A/Frameworks/vecLib.framework/Versions/A/libBLAS.dylib
0x00007fff26d83000 	/System/Library/Frameworks/Accelerate.framework/Versions/A/Frameworks/vecLib.framework/Versions/A/libLAPACK.dylib
0x00007fff27120000 	/System/Library/Frameworks/Accelerate.framework/Versions/A/Frameworks/vecLib.framework/Versions/A/libLinearAlgebra.dylib
0x00007fff271ab000 	/System/Library/Frameworks/Accelerate.framework/Versions/A/Frameworks/vecLib.framework/Versions/A/libSparseBLAS.dylib
0x00007fff27136000 	/System/Library/Frameworks/Accelerate.framework/Versions/A/Frameworks/vecLib.framework/Versions/A/libQuadrature.dylib
0x00007fff266cc000 	/System/Library/Frameworks/Accelerate.framework/Versions/A/Frameworks/vecLib.framework/Versions/A/libBNNS.dylib
0x00007fff2713c000 	/System/Library/Frameworks/Accelerate.framework/Versions/A/Frameworks/vecLib.framework/Versions/A/libSparse.dylib
0x00007fff30892000 	/System/Library/Frameworks/MetalPerformanceShaders.framework/Versions/A/Frameworks/MPSCore.framework/Versions/A/MPSCore
0x00007fff308fa000 	/System/Library/Frameworks/MetalPerformanceShaders.framework/Versions/A/Frameworks/MPSImage.framework/Versions/A/MPSImage
0x00007fff30a01000 	/System/Library/Frameworks/MetalPerformanceShaders.framework/Versions/A/Frameworks/MPSNeuralNetwork.framework/Versions/A/MPSNeuralNetwork
0x00007fff3098e000 	/System/Library/Frameworks/MetalPerformanceShaders.framework/Versions/A/Frameworks/MPSMatrix.framework/Versions/A/MPSMatrix
0x00007fff30c2c000 	/System/Library/Frameworks/MetalPerformanceShaders.framework/Versions/A/Frameworks/MPSRayIntersector.framework/Versions/A/MPSRayIntersector
0x00007fff309c2000 	/System/Library/Frameworks/MetalPerformanceShaders.framework/Versions/A/Frameworks/MPSNDArray.framework/Versions/A/MPSNDArray
0x00007fff54d8c000 	/System/Library/PrivateFrameworks/MetalTools.framework/Versions/A/MetalTools
0x00007fff3de5a000 	/System/Library/PrivateFrameworks/AggregateDictionary.framework/Versions/A/AggregateDictionary
0x00007fff43a0e000 	/System/Library/PrivateFrameworks/CoreAnalytics.framework/Versions/A/CoreAnalytics
0x00007fff3f2ec000 	/System/Library/PrivateFrameworks/AppleSauce.framework/Versions/A/AppleSauce
0x00007fff52896000 	/System/Library/PrivateFrameworks/IOAccelerator.framework/Versions/A/IOAccelerator
0x00007fff334a7000 	/System/Library/Frameworks/OpenGL.framework/Versions/A/Libraries/libCoreFSCache.dylib
0x00007fff53639000 	/System/Library/PrivateFrameworks/LanguageModeling.framework/Versions/A/LanguageModeling
0x00007fff44108000 	/System/Library/PrivateFrameworks/CoreEmoji.framework/Versions/A/CoreEmoji
0x00007fff53777000 	/System/Library/PrivateFrameworks/LinguisticData.framework/Versions/A/LinguisticData
0x00007fff53723000 	/System/Library/PrivateFrameworks/Lexicon.framework/Versions/A/Lexicon
0x00007fff68c7f000 	/usr/lib/libcmph.dylib
0x00007fff32b34000 	/System/Library/Frameworks/OpenDirectory.framework/Versions/A/Frameworks/CFOpenDirectory.framework/Versions/A/CFOpenDirectory
0x00007fff32b54000 	/System/Library/Frameworks/OpenDirectory.framework/Versions/A/OpenDirectory
0x00007fff3c648000 	/System/Library/PrivateFrameworks/APFS.framework/Versions/A/APFS
0x00007fff35f6e000 	/System/Library/Frameworks/SecurityFoundation.framework/Versions/A/SecurityFoundation
0x00007fff6af08000 	/usr/lib/libutil.dylib
0x00007fff458b4000 	/System/Library/PrivateFrameworks/CoreServicesStore.framework/Versions/A/CoreServicesStore
0x00007fff36058000 	/System/Library/Frameworks/ServiceManagement.framework/Versions/A/ServiceManagement
0x00007fff6b006000 	/usr/lib/libxslt.1.dylib
0x00007fff40872000 	/System/Library/PrivateFrameworks/BackgroundTaskManagement.framework/Versions/A/BackgroundTaskManagement
0x00007fff2ddb0000 	/System/Library/Frameworks/ImageIO.framework/Versions/A/Resources/libRadiance.dylib
0x00007fff2dd64000 	/System/Library/Frameworks/ImageIO.framework/Versions/A/Resources/libJPEG.dylib
0x00007fff2dd89000 	/System/Library/Frameworks/ImageIO.framework/Versions/A/Resources/libPng.dylib
0x00007fff2ddb3000 	/System/Library/Frameworks/ImageIO.framework/Versions/A/Resources/libTIFF.dylib
0x00007fff2dc80000 	/System/Library/Frameworks/ImageIO.framework/Versions/A/Resources/libGIF.dylib
0x00007fff2dc85000 	/System/Library/Frameworks/ImageIO.framework/Versions/A/Resources/libJP2.dylib
0x00007fff6974b000 	/usr/lib/libexpat.1.dylib
0x00007fff3edff000 	/System/Library/PrivateFrameworks/AppleJPEG.framework/Versions/A/AppleJPEG
0x00007fff495fe000 	/System/Library/PrivateFrameworks/FontServices.framework/libFontParser.dylib
0x00007fff5b5d2000 	/System/Library/PrivateFrameworks/RunningBoardServices.framework/Versions/A/RunningBoardServices
0x00007fff6393a000 	/System/Library/PrivateFrameworks/WatchdogClient.framework/Versions/A/WatchdogClient
0x00007fff2a62b000 	/System/Library/Frameworks/CoreDisplay.framework/Versions/A/CoreDisplay
0x00007fff2bc52000 	/System/Library/Frameworks/CoreMedia.framework/Versions/A/CoreMedia
0x00007fff2ca1f000 	/System/Library/Frameworks/CoreVideo.framework/Versions/A/CoreVideo
0x00007fff373b3000 	/System/Library/Frameworks/VideoToolbox.framework/Versions/A/VideoToolbox
0x00007fff40924000 	/System/Library/PrivateFrameworks/BaseBoard.framework/Versions/A/BaseBoard
0x00007fff57b01000 	/System/Library/PrivateFrameworks/PersistentConnection.framework/Versions/A/PersistentConnection
0x00007fff5ab23000 	/System/Library/PrivateFrameworks/ProtocolBuffer.framework/Versions/A/ProtocolBuffer
0x00007fff42dfd000 	/System/Library/PrivateFrameworks/CommonUtilities.framework/Versions/A/CommonUtilities
0x00007fff40d7c000 	/System/Library/PrivateFrameworks/Bom.framework/Versions/A/Bom
0x00007fff4e46e000 	/System/Library/PrivateFrameworks/GPUWrangler.framework/Versions/A/GPUWrangler
0x00007fff528e9000 	/System/Library/PrivateFrameworks/IOPresentment.framework/Versions/A/IOPresentment
0x00007fff465d5000 	/System/Library/PrivateFrameworks/DSExternalDisplay.framework/Versions/A/DSExternalDisplay
0x00007fff4145e000 	/System/Library/PrivateFrameworks/CMCaptureCore.framework/Versions/A/CMCaptureCore
0x00007fff3e3be000 	/System/Library/PrivateFrameworks/AppServerSupport.framework/Versions/A/AppServerSupport
0x00007fff3f4a4000 	/System/Library/PrivateFrameworks/AssertionServices.framework/Versions/A/AssertionServices
0x00007fff402e2000 	/System/Library/PrivateFrameworks/AudioToolboxCore.framework/Versions/A/AudioToolboxCore
0x00007fff646e0000 	/System/Library/PrivateFrameworks/caulk.framework/Versions/A/caulk
0x00007fff6825d000 	/usr/lib/libAudioToolboxUtility.dylib
0x00007fff33690000 	/System/Library/Frameworks/OpenGL.framework/Versions/A/Libraries/libGLU.dylib
0x00007fff334b3000 	/System/Library/Frameworks/OpenGL.framework/Versions/A/Libraries/libGFXShared.dylib
0x00007fff334bc000 	/System/Library/Frameworks/OpenGL.framework/Versions/A/Libraries/libGL.dylib
0x00007fff334c7000 	/System/Library/Frameworks/OpenGL.framework/Versions/A/Libraries/libGLImage.dylib
0x00007fff334a4000 	/System/Library/Frameworks/OpenGL.framework/Versions/A/Libraries/libCVMSPluginSupport.dylib
0x00007fff334ae000 	/System/Library/Frameworks/OpenGL.framework/Versions/A/Libraries/libCoreVMClient.dylib
0x00007fff685df000 	/usr/lib/libIOReport.dylib
0x00007fff32adb000 	/System/Library/Frameworks/OpenCL.framework/Versions/A/OpenCL
0x00007fff501b3000 	/System/Library/PrivateFrameworks/GraphVisualizer.framework/Versions/A/GraphVisualizer
0x00007fff48ac0000 	/System/Library/PrivateFrameworks/FaceCore.framework/Versions/A/FaceCore
0x00007fff569b2000 	/System/Library/PrivateFrameworks/OTSVG.framework/Versions/A/OTSVG
0x00007fff28575000 	/System/Library/Frameworks/ApplicationServices.framework/Versions/A/Frameworks/ATS.framework/Versions/A/Resources/libFontRegistry.dylib
0x00007fff4975a000 	/System/Library/PrivateFrameworks/FontServices.framework/libhvf.dylib
0x00007fff3f404000 	/System/Library/PrivateFrameworks/AppleVA.framework/Versions/A/AppleVA
0x00007fff28509000 	/System/Library/Frameworks/ApplicationServices.framework/Versions/A/Frameworks/ATS.framework/Versions/A/ATS
0x00007fff285e7000 	/System/Library/Frameworks/ApplicationServices.framework/Versions/A/Frameworks/ColorSyncLegacy.framework/Versions/A/ColorSyncLegacy
0x00007fff285ef000 	/System/Library/Frameworks/ApplicationServices.framework/Versions/A/Frameworks/HIServices.framework/Versions/A/HIServices
0x00007fff2864b000 	/System/Library/Frameworks/ApplicationServices.framework/Versions/A/Frameworks/LangAnalysis.framework/Versions/A/LangAnalysis
0x00007fff2865b000 	/System/Library/Frameworks/ApplicationServices.framework/Versions/A/Frameworks/PrintCore.framework/Versions/A/PrintCore
0x00007fff286a3000 	/System/Library/Frameworks/ApplicationServices.framework/Versions/A/Frameworks/QD.framework/Versions/A/QD
0x00007fff286af000 	/System/Library/Frameworks/ApplicationServices.framework/Versions/A/Frameworks/SpeechSynthesis.framework/Versions/A/SpeechSynthesis
0x00007fff285b7000 	/System/Library/Frameworks/ApplicationServices.framework/Versions/A/Frameworks/ATSUI.framework/Versions/A/ATSUI
0x00007fff695c5000 	/usr/lib/libcups.2.dylib
0x00007fff55823000 	/System/Library/PrivateFrameworks/NetAuth.framework/Versions/A/NetAuth
0x00007fff2f54f000 	/System/Library/Frameworks/Kerberos.framework/Versions/A/Kerberos
0x00007fff2d55e000 	/System/Library/Frameworks/GSS.framework/Versions/A/GSS
0x00007fff6aa57000 	/usr/lib/libresolv.9.dylib
0x00007fff50385000 	/System/Library/PrivateFrameworks/Heimdal.framework/Versions/A/Heimdal
0x00007fff2f55f000 	/System/Library/Frameworks/Kerberos.framework/Versions/A/Libraries/libHeimdalProxy.dylib
0x00007fff31b0c000 	/System/Library/Frameworks/Network.framework/Versions/A/Network
0x00007fff6978a000 	/usr/lib/libheimdal-asn1.dylib
0x00007fff42dec000 	/System/Library/PrivateFrameworks/CommonAuth.framework/Versions/A/CommonAuth
0x00007fff65633000 	/System/Library/PrivateFrameworks/login.framework/Versions/A/Frameworks/loginsupport.framework/Versions/A/loginsupport
0x00007fff40192000 	/System/Library/PrivateFrameworks/AudioSession.framework/Versions/A/AudioSession
0x00007fff6824d000 	/usr/lib/libAudioStatistics.dylib
0x00007fff5430d000 	/System/Library/PrivateFrameworks/MediaExperience.framework/Versions/A/MediaExperience
0x00007fff401fc000 	/System/Library/PrivateFrameworks/AudioSession.framework/libSessionUtility.dylib
0x00007fff6a9a5000 	/usr/lib/libperfcheck.dylib
0x00007fff65680000 	/System/Library/PrivateFrameworks/perfdata.framework/Versions/A/perfdata
0x00007fff686d0000 	/usr/lib/libSMC.dylib
0x00007fff3fa81000 	/System/Library/PrivateFrameworks/AudioResourceArbitration.framework/Versions/A/AudioResourceArbitration
0x00007fff52ca9000 	/System/Library/PrivateFrameworks/IconFoundation.framework/Versions/A/IconFoundation
0x00007fff5f788000 	/System/Library/PrivateFrameworks/SpeechRecognitionCore.framework/Versions/A/SpeechRecognitionCore
0x000000010e800000 	/Library/Java/JavaVirtualMachines/jdk1.8.0_201.jdk/Contents/Home/jre/lib/server/libjvm.dylib
0x00007fff6adc0000 	/usr/lib/libstdc++.6.dylib
0x000000010b472000 	/Library/Java/JavaVirtualMachines/jdk1.8.0_201.jdk/Contents/Home/jre/lib/libverify.dylib
0x000000010b480000 	/Library/Java/JavaVirtualMachines/jdk1.8.0_201.jdk/Contents/Home/jre/lib/libjava.dylib
0x000000010b500000 	/Library/Java/JavaVirtualMachines/jdk1.8.0_201.jdk/Contents/Home/jre/lib/libzip.dylib
0x0000000113094000 	/Library/Java/JavaVirtualMachines/jdk1.8.0_201.jdk/Contents/Home/jre/lib/libmanagement.dylib
0x00000001130a2000 	/Library/Java/JavaVirtualMachines/jdk1.8.0_201.jdk/Contents/Home/jre/lib/libnet.dylib
0x00000001132d4000 	/Library/Java/JavaVirtualMachines/jdk1.8.0_201.jdk/Contents/Home/jre/lib/libnio.dylib
0x00000001134e8000 	/private/var/folders/wm/6b5jfvpx6wb7kq8vmyyfkb9w0000gn/T/jna-1675555959/jna1637191319408550988.tmp
0x00007fff2f547000 	/System/Library/Frameworks/JavaVM.framework/Versions/A/JavaVM
0x0000000126e57000 	/Library/Java/JavaVirtualMachines/jdk1.8.0_201.jdk/Contents/Home/jre/lib/libawt.dylib
0x0000000126f00000 	/Library/Java/JavaVirtualMachines/jdk1.8.0_201.jdk/Contents/Home/jre/lib/libmlib_image.dylib
0x00007fff2e3df000 	/System/Library/Frameworks/JavaNativeFoundation.framework/Versions/A/JavaNativeFoundation
0x00007fff2e3eb000 	/System/Library/Frameworks/JavaRuntimeSupport.framework/Versions/A/JavaRuntimeSupport
0x00007fff290f2000 	/System/Library/Frameworks/Carbon.framework/Versions/A/Carbon
0x00007fff45e81000 	/System/Library/PrivateFrameworks/CoreSymbolication.framework/Versions/A/CoreSymbolication
0x00007fff290f6000 	/System/Library/Frameworks/Carbon.framework/Versions/A/Frameworks/CommonPanels.framework/Versions/A/CommonPanels
0x00007fff293fa000 	/System/Library/Frameworks/Carbon.framework/Versions/A/Frameworks/Help.framework/Versions/A/Help
0x00007fff293fe000 	/System/Library/Frameworks/Carbon.framework/Versions/A/Frameworks/ImageCapture.framework/Versions/A/ImageCapture
0x00007fff2940a000 	/System/Library/Frameworks/Carbon.framework/Versions/A/Frameworks/OpenScripting.framework/Versions/A/OpenScripting
0x00007fff29406000 	/System/Library/Frameworks/Carbon.framework/Versions/A/Frameworks/Ink.framework/Versions/A/Ink
0x00007fff29426000 	/System/Library/Frameworks/Carbon.framework/Versions/A/Frameworks/Print.framework/Versions/A/Print
0x00007fff2942a000 	/System/Library/Frameworks/Carbon.framework/Versions/A/Frameworks/SecurityHI.framework/Versions/A/SecurityHI
0x00007fff46730000 	/System/Library/PrivateFrameworks/DebugSymbols.framework/Versions/A/DebugSymbols
0x0000000126fcc000 	/Library/Java/JavaVirtualMachines/jdk1.8.0_201.jdk/Contents/Home/jre/lib/libawt_lwawt.dylib
0x0000000113504000 	/Library/Java/JavaVirtualMachines/jdk1.8.0_201.jdk/Contents/Home/jre/lib/libosxapp.dylib
0x00007fff2cfd3000 	/System/Library/Frameworks/ExceptionHandling.framework/Versions/A/ExceptionHandling
0x00007fff4587c000 	/System/Library/PrivateFrameworks/CoreServicesInternal.framework/Versions/A/CoreServicesInternal
0x0000000127f6b000 	/usr/lib/libobjc-trampolines.dylib
0x00007fff2cff9000 	/System/Library/Frameworks/FileProvider.framework/Versions/A/FileProvider
0x00007fff27456000 	/System/Library/Frameworks/Accounts.framework/Versions/A/Accounts
0x00007fff4eab0000 	/System/Library/PrivateFrameworks/GenerationalStorage.framework/Versions/A/GenerationalStorage
0x00007fff6007f000 	/System/Library/PrivateFrameworks/SymptomDiagnosticReporter.framework/Versions/A/SymptomDiagnosticReporter
0x00007fff3e337000 	/System/Library/PrivateFrameworks/AppContainer.framework/Versions/A/AppContainer
0x00007fff4676d000 	/System/Library/PrivateFrameworks/DesktopServicesPriv.framework/Versions/A/DesktopServicesPriv
0x00007fff6aa74000 	/usr/lib/libsandbox.1.dylib
0x00007fff620c7000 	/System/Library/PrivateFrameworks/UserManagement.framework/Versions/A/UserManagement
0x00007fff54f82000 	/System/Library/PrivateFrameworks/MobileKeyBag.framework/Versions/A/MobileKeyBag
0x00007fff41f8c000 	/System/Library/PrivateFrameworks/ChunkingLibrary.framework/Versions/A/ChunkingLibrary
0x00007fff5d1ab000 	/System/Library/PrivateFrameworks/SecCodeWrapper.framework/Versions/A/SecCodeWrapper
0x00007fff464ec000 	/System/Library/PrivateFrameworks/CrashReporterSupport.framework/Versions/A/CrashReporterSupport
0x00007fff5d370000 	/System/Library/PrivateFrameworks/Sharing.framework/Versions/A/Sharing
0x00007fff3e935000 	/System/Library/PrivateFrameworks/Apple80211.framework/Versions/A/Apple80211
0x00007fff40554000 	/System/Library/PrivateFrameworks/AuthKit.framework/Versions/A/AuthKit
0x00007fff46131000 	/System/Library/PrivateFrameworks/CoreUtils.framework/Versions/A/CoreUtils
0x00007fff2ca66000 	/System/Library/Frameworks/CoreWLAN.framework/Versions/A/CoreWLAN
0x00007fff2d77e000 	/System/Library/Frameworks/IOBluetooth.framework/Versions/A/IOBluetooth
0x00007fff4639f000 	/System/Library/PrivateFrameworks/CoreWiFi.framework/Versions/A/CoreWiFi
0x00007fff44d41000 	/System/Library/PrivateFrameworks/CorePhoneNumbers.framework/Versions/A/CorePhoneNumbers
0x00007fff3edad000 	/System/Library/PrivateFrameworks/AppleIDAuthSupport.framework/Versions/A/AppleIDAuthSupport
0x00007fff5348c000 	/System/Library/PrivateFrameworks/KeychainCircle.framework/Versions/A/KeychainCircle
0x00007fff287d1000 	/System/Library/Frameworks/AudioUnit.framework/Versions/A/AudioUnit
0x00007fff2a18a000 	/System/Library/Frameworks/CoreBluetooth.framework/Versions/A/CoreBluetooth
0x00007fff685e7000 	/usr/lib/libMatch.1.dylib
0x00000001289c9000 	/System/Library/CoreServices/RawCamera.bundle/Contents/MacOS/RawCamera
0x00007fff54efc000 	/System/Library/PrivateFrameworks/MobileAsset.framework/Versions/A/MobileAsset
0x00007fff5ff18000 	/System/Library/PrivateFrameworks/StreamingZip.framework/Versions/A/StreamingZip
0x00007fff2fc6a000 	/System/Library/Frameworks/MediaToolbox.framework/Versions/A/MediaToolbox
0x00007fff439b6000 	/System/Library/PrivateFrameworks/CoreAVCHD.framework/Versions/A/CoreAVCHD
0x00007fff2fad2000 	/System/Library/Frameworks/MediaAccessibility.framework/Versions/A/MediaAccessibility
0x00007fff53f8f000 	/System/Library/PrivateFrameworks/Mangrove.framework/Versions/A/Mangrove
0x00007fff3e186000 	/System/Library/PrivateFrameworks/AlgosScoreFramework.framework/Versions/A/AlgosScoreFramework
0x00007fff3f458000 	/System/Library/PrivateFrameworks/AppleVPA.framework/Versions/A/AppleVPA
0x00007fff435fb000 	/System/Library/PrivateFrameworks/CoreAUC.framework/Versions/A/CoreAUC
0x0000000128dc6000 	/System/Library/Frameworks/Accelerate.framework/Versions/A/Frameworks/vImage.framework/Versions/A/Libraries/libCGInterfaces.dylib
0x00007fff48f01000 	/System/Library/PrivateFrameworks/FamilyControls.framework/Versions/A/FamilyControls
0x00007fff42de0000 	/System/Library/PrivateFrameworks/CommerceKit.framework/Versions/A/Frameworks/CommerceCore.framework/Versions/A/CommerceCore
0x00007fff60336000 	/System/Library/PrivateFrameworks/SystemAdministration.framework/Versions/A/SystemAdministration
0x00007fff46f4e000 	/System/Library/PrivateFrameworks/DiskManagement.framework/Versions/A/DiskManagement
0x00007fff2cd0d000 	/System/Library/Frameworks/DirectoryService.framework/Versions/A/DirectoryService
0x00007fff46e4a000 	/System/Library/PrivateFrameworks/DiskImages.framework/Versions/A/DiskImages
0x00007fff53847000 	/System/Library/PrivateFrameworks/LoginUIKit.framework/Versions/A/Frameworks/LoginUICore.framework/Versions/A/LoginUICore
0x00007fff682e7000 	/usr/lib/libCoreStorage.dylib
0x00007fff695b2000 	/usr/lib/libcsfde.dylib
0x00007fff6a8fa000 	/usr/lib/libodfde.dylib
0x00007fff5445e000 	/System/Library/PrivateFrameworks/MediaKit.framework/Versions/A/MediaKit
0x00007fff2cd19000 	/System/Library/Frameworks/DiscRecording.framework/Versions/A/DiscRecording
0x00007fff5aaca000 	/System/Library/PrivateFrameworks/ProtectedCloudStorage.framework/Versions/A/ProtectedCloudStorage
0x00007fff4713f000 	/System/Library/PrivateFrameworks/EFILogin.framework/Versions/A/EFILogin
0x00007fff69626000 	/usr/lib/libcurl.4.dylib
0x00007fff694aa000 	/usr/lib/libcrypto.44.dylib
0x00007fff6ad8e000 	/usr/lib/libssl.46.dylib
0x00007fff2f564000 	/System/Library/Frameworks/LDAP.framework/Versions/A/LDAP
0x00007fff610f9000 	/System/Library/PrivateFrameworks/TrustEvaluationAgent.framework/Versions/A/TrustEvaluationAgent
0x00007fff6aac0000 	/usr/lib/libsasl2.2.dylib
0x00007fff43e61000 	/System/Library/PrivateFrameworks/CoreDaemon.framework/Versions/B/CoreDaemon
0x00007fff3f2e7000 	/System/Library/PrivateFrameworks/AppleSRP.framework/Versions/A/AppleSRP
0x00007fff6363e000 	/System/Library/PrivateFrameworks/ViewBridge.framework/Versions/A/ViewBridge
0x000000012a250000 	/Library/Java/JavaVirtualMachines/jdk1.8.0_201.jdk/Contents/Home/jre/lib/libfontmanager.dylib
0x000000012a2d3000 	/Users/harleyoconnor/.gradle/caches/minecraft/net/minecraft/natives/1.12.2/liblwjgl.dylib
0x0000000129b42000 	/Library/Java/JavaVirtualMachines/jdk1.8.0_201.jdk/Contents/Home/jre/lib/libjawt.dylib
0x000000012ad50000 	/System/Library/Frameworks/OpenGL.framework/Versions/A/Resources/GLEngine.bundle/GLEngine
0x00007fff334fb000 	/System/Library/Frameworks/OpenGL.framework/Versions/A/Libraries/libGLProgrammability.dylib
0x000000012af10000 	/System/Library/Extensions/AppleIntelKBLGraphicsGLDriver.bundle/Contents/MacOS/AppleIntelKBLGraphicsGLDriver
0x00007fff4e462000 	/System/Library/PrivateFrameworks/GPUSupport.framework/Versions/A/Libraries/libGPUSupportMercury.dylib
0x000000012c4a8000 	/System/Library/Frameworks/OpenGL.framework/Versions/A/Resources/GLRendererFloat.bundle/GLRendererFloat
0x00007fff65636000 	/System/Library/PrivateFrameworks/login.framework/Versions/A/login
0x000000012edef000 	/Users/harleyoconnor/.gradle/caches/minecraft/net/minecraft/natives/1.12.2/openal.dylib
0x000000012ee69000 	/System/Library/Components/CoreAudio.component/Contents/MacOS/CoreAudio
0x000000012eff1000 	/System/Library/Extensions/AppleGFXHDA.kext/Contents/PlugIns/AppleGFXHDAHALPlugIn.bundle/Contents/MacOS/AppleGFXHDAHALPlugIn
0x00007fff3d442000 	/System/Library/PrivateFrameworks/AccessibilityBundles.framework/Versions/A/AccessibilityBundles
0x000000013049b000 	/Library/Java/JavaVirtualMachines/jdk1.8.0_201.jdk/Contents/Home/jre/lib/libsunec.dylib
0x0000000130ac2000 	/private/var/folders/wm/6b5jfvpx6wb7kq8vmyyfkb9w0000gn/T/jna-1675555959/jna4903749121724359945.tmp
0x0000000130ad8000 	/private/var/folders/wm/6b5jfvpx6wb7kq8vmyyfkb9w0000gn/T/libjcocoa2795726745639955631.dylib

VM Arguments:
jvm_args: -Dfile.encoding=UTF-8 -Duser.country=GB -Duser.language=en -Duser.variant 
java_command: GradleStart
java_class_path (initial): /Users/harleyoconnor/Library/Mobile Documents/com~apple~CloudDocs/Programming/Minecraft/Mods/DynamicTrees-ExC/.IN WORKS/DynamicTrees-NaturesAura/libs/NaturesAura-18.1.jar:/Users/harleyoconnor/Library/Mobile Documents/com~apple~CloudDocs/Programming/Minecraft/Mods/DynamicTrees-ExC/.IN WORKS/DynamicTrees-NaturesAura/libs/DynamicTrees-1.12.2-0.9.8.jar:/Users/harleyoconnor/.gradle/caches/minecraft/deobfedDeps/compileDummy.jar:/Users/harleyoconnor/.gradle/caches/minecraft/deobfedDeps/providedDummy.jar:/Users/harleyoconnor/.gradle/caches/minecraft/net/minecraftforge/forge/1.12.2-14.23.5.2838/snapshot/20171003/forgeSrc-1.12.2-14.23.5.2838.jar:/Users/harleyoconnor/.gradle/caches/modules-2/files-2.1/com.mojang/authlib/1.5.25/9834cdf236c22e84b946bba989e2f94ef5897c3c/authlib-1.5.25.jar:/Users/harleyoconnor/.gradle/caches/modules-2/files-2.1/com.google.code.findbugs/jsr305/3.0.1/f7be08ec23c21485b9b5a1cf1654c2ec8c58168d/jsr305-3.0.1.jar:/Users/harleyoconnor/.gradle/caches/modules-2/files-2.1/com.mojang/patchy/1.1/aef610b34a1be37fa851825f12372b78424d8903/patchy-1.1.jar:/Users/harleyoconnor/.gradle/caches/modules-2/files-2.1/oshi-project/oshi-core/1.1/9ddf7b048a8d701be231c0f4f95fd986198fd2d8/oshi-core-1.1.jar:/Users/harleyoconnor/.gradle/caches/modules-2/files-2.1/com.mojang/text2speech/1.10.3/48fd510879dff266c3815947de66e3d4809f8668/text2speech-1.10.3.jar:/Users/harleyoconnor/.gradle/caches/modules-2/files-2.1/ca.weblite/java-objc-bridge/1.0.0/6ef160c3133a78de015830860197602ca1c855d3/java-objc-bridge-1.0.0.jar:/Users/harleyoconnor/.gradle/caches/modules-2/files-2.1/net.java.dev.jna/jna/4.4.0/cb208278274bf12ebdb56c61bd7407e6f774d65a/jna-4.4.0.jar:/Users/harleyoconnor/.gradle/caches/modules-2/files-2.1/net.java.dev.jna/platform/3.4.0/e3f70017be8100d3d6923f50b3d2ee17714e9c13/platform-3.4.0.jar:/Users/harleyoconnor/.gradle/caches/modules-2/files-2.1/com.ibm.icu/icu4j-core-mojang/51.2/63d216a9311cca6be337c1e458e587f99d382b84/icu4j-core-mojang-51.2.jar:/Use
Launcher Type: SUN_STANDARD

Environment Variables:
PATH=/Library/Frameworks/Python.framework/Versions/3.7/bin:/usr/local/bin:/usr/bin:/bin:/usr/sbin:/sbin:/Applications/VMware Fusion.app/Contents/Public:/usr/local/share/dotnet:~/.dotnet/tools:/Library/Apple/usr/bin:/Library/Frameworks/Mono.framework/Versions/Current/Commands
SHELL=/bin/bash

Signal Handlers:
SIGSEGV: [libjvm.dylib+0x5b723d], sa_mask[0]=11111111011111110111111111111111, sa_flags=SA_ONSTACK|SA_RESTART|SA_SIGINFO
SIGBUS: [libjvm.dylib+0x5b723d], sa_mask[0]=11111111011111110111111111111111, sa_flags=SA_RESTART|SA_SIGINFO
SIGFPE: [libjvm.dylib+0x48c9bc], sa_mask[0]=11111111011111110111111111111111, sa_flags=SA_RESTART|SA_SIGINFO
SIGPIPE: [libjvm.dylib+0x48c9bc], sa_mask[0]=11111111011111110111111111111111, sa_flags=SA_RESTART|SA_SIGINFO
SIGXFSZ: [libjvm.dylib+0x48c9bc], sa_mask[0]=11111111011111110111111111111111, sa_flags=SA_RESTART|SA_SIGINFO
SIGILL: [libjvm.dylib+0x48c9bc], sa_mask[0]=11111111011111110111111111111111, sa_flags=SA_RESTART|SA_SIGINFO
SIGUSR1: SIG_DFL, sa_mask[0]=00000000000000000000000000000000, sa_flags=none
SIGUSR2: [libjvm.dylib+0x48c4da], sa_mask[0]=00100000000000000000000000000000, sa_flags=SA_RESTART|SA_SIGINFO
SIGHUP: [libjvm.dylib+0x48aa65], sa_mask[0]=11111111011111110111111111111111, sa_flags=SA_RESTART|SA_SIGINFO
SIGINT: [libjvm.dylib+0x48aa65], sa_mask[0]=11111111011111110111111111111111, sa_flags=SA_RESTART|SA_SIGINFO
SIGTERM: [libjvm.dylib+0x48aa65], sa_mask[0]=11111111011111110111111111111111, sa_flags=SA_RESTART|SA_SIGINFO
SIGQUIT: [libjvm.dylib+0x48aa65], sa_mask[0]=11111111011111110111111111111111, sa_flags=SA_RESTART|SA_SIGINFO


---------------  S Y S T E M  ---------------

OS:Bsduname:Darwin 20.0.0 Darwin Kernel Version 20.0.0: Thu Jul 30 22:49:28 PDT 2020; root:xnu-7195.0.0.141.5~1/RELEASE_X86_64 x86_64
rlimit: STACK 8192k, CORE 0k, NPROC 1392, NOFILE 10240, AS infinity
load average:3.63 2.84 2.45

CPU:total 6 (initial active 6) (6 cores per cpu, 1 threads per core) family 6 model 158 stepping 10, cmov, cx8, fxsr, mmx, sse, sse2, sse3, ssse3, sse4.1, sse4.2, popcnt, avx, avx2, aes, clmul, erms, rtm, 3dnowpref, lzcnt, tsc, tscinvbit, bmi1, bmi2, adx

Memory: 4k page, physical 8388608k(36788k free)

/proc/meminfo:


vm_info: Java HotSpot(TM) 64-Bit Server VM (25.201-b09) for bsd-amd64 JRE (1.8.0_201-b09), built on Dec 15 2018 18:35:23 by "java_re" with gcc 4.2.1 (Based on Apple Inc. build 5658) (LLVM build 2336.11.00)

time: Mon Aug 17 15:02:10 2020
timezone: BST
elapsed time: 926 seconds (0d 0h 15m 26s)

