#
# A fatal error has been detected by the Java Runtime Environment:
#
#  SIGSEGV (0xb) at pc=0x00007fff676341dd, pid=21838, tid=0x0000000000001103
#
# JRE version: Java(TM) SE Runtime Environment (8.0_201-b09) (build 1.8.0_201-b09)
# Java VM: Java HotSpot(TM) 64-Bit Server VM (25.201-b09 mixed mode bsd-amd64 compressed oops)
# Problematic frame:
# C  [libobjc.A.dylib+0x61dd]  objc_msgSend+0x1d
#
# Failed to write core dump. Core dumps have been disabled. To enable core dumping, try "ulimit -c unlimited" before starting Java again
#
# If you would like to submit a bug report, please visit:
#   http://bugreport.java.com/bugreport/crash.jsp
# The crash happened outside the Java Virtual Machine in native code.
# See problematic frame for where to report the bug.
#

---------------  T H R E A D  ---------------

Current thread (0x00007faf82809000):  JavaThread "Client thread" [_thread_in_native, id=4355, stack(0x0000700009b76000,0x0000700009c76000)]

siginfo: si_signo: 11 (SIGSEGV), si_code: 1 (SEGV_MAPERR), si_addr: 0x0000000000000018

Registers:
RAX=0x00000000000000a8, RBX=0x00007faf8677dc20, RCX=0x00007fff68a2896e, RDX=0x0000000000001103
RSP=0x0000700009c73e68, RBP=0x0000700009c73ec0, RSI=0x00007fff7852b77d, RDI=0x00007faf8677dc20
R8 =0x00000000000130a8, R9 =0x00007faf80d04390, R10=0x0000000000000000, R11=0x00007fff7852b77d
R12=0x0000000000000090, R13=0x00007fff676341c0, R14=0x00007faf80dec710, R15=0x00007faf86775640
RIP=0x00007fff676341dd, EFLAGS=0x0000000000010246, ERR=0x0000000000000004
  TRAPNO=0x000000000000000e

Top of Stack: (sp=0x0000700009c73e68)
0x0000700009c73e68:   00007fff243f64a1 0000000000000000
0x0000700009c73e78:   0000000000000000 0000000000000000
0x0000700009c73e88:   0000000000000000 0000000000000000
0x0000700009c73e98:   00007fff676341c0 00007faf80eb9b30
0x0000700009c73ea8:   0000000126375cd0 00007faf80dec710
0x0000700009c73eb8:   00007faf86775640 0000700009c73ef0
0x0000700009c73ec8:   00007fff24a746f2 00007faf86775640
0x0000700009c73ed8:   00007faf80eb9b30 0000700009c73f70
0x0000700009c73ee8:   00007fff2515cf97 0000700009c73f30
0x0000700009c73ef8:   00007fff24a74851 0000000000000000
0x0000700009c73f08:   0000000000000000 00007faf80eb9b30
0x0000700009c73f18:   0000000126375cd0 0000700009c73f70
0x0000700009c73f28:   0000000000000000 0000700009c73f60
0x0000700009c73f38:   00007fff24429d05 0000000000000000
0x0000700009c73f48:   00007faf867751c0 00007faf86775640
0x0000700009c73f58:   00007faf84863ec0 0000700009c73fc0
0x0000700009c73f68:   00007fff24749c47 00007fff8cdc0d28
0x0000700009c73f78:   00000000c2000000 00007fff24a7478b
0x0000700009c73f88:   00007fff83cf0cb0 0000000000000000
0x0000700009c73f98:   00007faf84863ec0 00007faf86775640
0x0000700009c73fa8:   00007faf867751c0 00007faf875134e0
0x0000700009c73fb8:   00007faf828091f8 0000700009c73ff0
0x0000700009c73fc8:   0000000125a67e0f 0000000126375cd8
0x0000700009c73fd8:   0000000000000000 0000700009c74078
0x0000700009c73fe8:   00007faf82809000 0000700009c74050
0x0000700009c73ff8:   000000010a818667 00000007987b4fc8
0x0000700009c74008:   000000010a818382 0000700009c74010
0x0000700009c74018:   0000000126375cd0 0000700009c74078
0x0000700009c74028:   0000000126376238 0000000000000000
0x0000700009c74038:   0000000126375cd8 0000000000000000
0x0000700009c74048:   0000700009c74070 0000700009c740c0
0x0000700009c74058:   000000010a8082bd 000000079888c710 

Instructions: (pc=0x00007fff676341dd)
0x00007fff676341bd:   44 00 00 48 85 ff 2e 74 72 40 f6 c7 01 2e 75 76
0x00007fff676341cd:   49 ba f8 ff ff ff ff 7f 00 00 4c 23 17 49 89 f3
0x00007fff676341dd:   45 23 5a 18 49 c1 e3 04 4d 03 5a 10 49 3b 33 75
0x00007fff676341ed:   0a 4d 8b 5b 08 4d 31 d3 41 ff e3 49 83 3b 01 76 

Register to memory mapping:

RAX=0x00000000000000a8 is an unknown value
RBX=0x00007faf8677dc20 is an unknown value
RCX=0x00007fff68a2896e: __ulock_wait+0xa in /usr/lib/system/libsystem_kernel.dylib at 0x00007fff68a26000
RDX=0x0000000000001103 is an unknown value
RSP=0x0000700009c73e68 is pointing into the stack for thread: 0x00007faf82809000
RBP=0x0000700009c73ec0 is pointing into the stack for thread: 0x00007faf82809000
RSI=0x00007fff7852b77d: GCC_except_table770+0x10ec8ea1 in /usr/lib/libobjc.A.dylib at 0x00007fff6762e000
RDI=0x00007faf8677dc20 is an unknown value
R8 =0x00000000000130a8 is an unknown value
R9 =0x00007faf80d04390 is an unknown value
R10=0x0000000000000000 is an unknown value
R11=0x00007fff7852b77d: GCC_except_table770+0x10ec8ea1 in /usr/lib/libobjc.A.dylib at 0x00007fff6762e000
R12=0x0000000000000090 is an unknown value
R13=0x00007fff676341c0: objc_msgSend+0 in /usr/lib/libobjc.A.dylib at 0x00007fff6762e000
R14=0x00007faf80dec710 is an unknown value
R15=0x00007faf86775640 is an unknown value


Stack: [0x0000700009b76000,0x0000700009c76000],  sp=0x0000700009c73e68,  free space=1015k
Native frames: (J=compiled Java code, j=interpreted, Vv=VM code, C=native code)
C  [libobjc.A.dylib+0x61dd]  objc_msgSend+0x1d
C  [AppKit+0x6db6f2]  NSOpenGLContextSetLayerOnViewIfNecessary+0xc4
C  [AppKit+0x6db851]  __27-[NSOpenGLContext setView:]_block_invoke+0xc6
C  [AppKit+0x90d05]  NSPerformVisuallyAtomicChange+0x84
C  [AppKit+0x3b0c47]  -[NSOpenGLContext setView:]+0x90
C  [liblwjgl.dylib+0x15e0f]  Java_org_lwjgl_opengl_MacOSXContextImplementation_setView+0xaf
j  org.lwjgl.opengl.MacOSXContextImplementation.setView(Ljava/nio/ByteBuffer;Ljava/nio/ByteBuffer;)V+0
j  org.lwjgl.opengl.MacOSXContextImplementation.makeCurrent(Lorg/lwjgl/opengl/PeerInfo;Ljava/nio/ByteBuffer;)V+7
j  org.lwjgl.opengl.ContextGL.makeCurrent()V+46
j  org.lwjgl.opengl.DrawableGL.makeCurrent()V+14
j  org.lwjgl.opengl.Display.makeCurrent()V+3
j  org.lwjgl.opengl.Display.makeCurrentAndSetSwapInterval()V+0
j  org.lwjgl.opengl.Display.create(Lorg/lwjgl/opengl/PixelFormat;Lorg/lwjgl/opengl/Drawable;Lorg/lwjgl/opengl/ContextAttribs;)V+108
j  org.lwjgl.opengl.Display.create(Lorg/lwjgl/opengl/PixelFormat;)V+12
j  net.minecraft.client.Minecraft.createDisplay()V+22
j  net.minecraft.client.Minecraft.init()V+115
j  net.minecraft.client.Minecraft.run()V+6
j  net.minecraft.client.main.Main.main([Ljava/lang/String;)V+1094
v  ~StubRoutines::call_stub
V  [libjvm.dylib+0x2f0bea]  JavaCalls::call_helper(JavaValue*, methodHandle*, JavaCallArguments*, Thread*)+0x6ae
V  [libjvm.dylib+0x4d7830]  Reflection::invoke(instanceKlassHandle, methodHandle, Handle, bool, objArrayHandle, BasicType, objArrayHandle, bool, Thread*)+0xe12
V  [libjvm.dylib+0x4d7d64]  Reflection::invoke_method(oopDesc*, Handle, objArrayHandle, Thread*)+0x16c
V  [libjvm.dylib+0x349138]  JVM_InvokeMethod+0x166
j  sun.reflect.NativeMethodAccessorImpl.invoke0(Ljava/lang/reflect/Method;Ljava/lang/Object;[Ljava/lang/Object;)Ljava/lang/Object;+0
j  sun.reflect.NativeMethodAccessorImpl.invoke(Ljava/lang/Object;[Ljava/lang/Object;)Ljava/lang/Object;+100
J 1501 C1 sun.reflect.DelegatingMethodAccessorImpl.invoke(Ljava/lang/Object;[Ljava/lang/Object;)Ljava/lang/Object; (10 bytes) @ 0x000000010acf8db4 [0x000000010acf8d40+0x74]
J 1500 C1 java.lang.reflect.Method.invoke(Ljava/lang/Object;[Ljava/lang/Object;)Ljava/lang/Object; (62 bytes) @ 0x000000010acf9214 [0x000000010acf90e0+0x134]
j  net.minecraft.launchwrapper.Launch.launch([Ljava/lang/String;)V+661
j  net.minecraft.launchwrapper.Launch.main([Ljava/lang/String;)V+8
v  ~StubRoutines::call_stub
V  [libjvm.dylib+0x2f0bea]  JavaCalls::call_helper(JavaValue*, methodHandle*, JavaCallArguments*, Thread*)+0x6ae
V  [libjvm.dylib+0x4d7830]  Reflection::invoke(instanceKlassHandle, methodHandle, Handle, bool, objArrayHandle, BasicType, objArrayHandle, bool, Thread*)+0xe12
V  [libjvm.dylib+0x4d7d64]  Reflection::invoke_method(oopDesc*, Handle, objArrayHandle, Thread*)+0x16c
V  [libjvm.dylib+0x349138]  JVM_InvokeMethod+0x166
j  sun.reflect.NativeMethodAccessorImpl.invoke0(Ljava/lang/reflect/Method;Ljava/lang/Object;[Ljava/lang/Object;)Ljava/lang/Object;+0
j  sun.reflect.NativeMethodAccessorImpl.invoke(Ljava/lang/Object;[Ljava/lang/Object;)Ljava/lang/Object;+100
j  sun.reflect.DelegatingMethodAccessorImpl.invoke(Ljava/lang/Object;[Ljava/lang/Object;)Ljava/lang/Object;+6
j  java.lang.reflect.Method.invoke(Ljava/lang/Object;[Ljava/lang/Object;)Ljava/lang/Object;+56
j  net.minecraftforge.gradle.GradleStartCommon.launch([Ljava/lang/String;)V+169
j  GradleStart.main([Ljava/lang/String;)V+11
v  ~StubRoutines::call_stub
V  [libjvm.dylib+0x2f0bea]  JavaCalls::call_helper(JavaValue*, methodHandle*, JavaCallArguments*, Thread*)+0x6ae
V  [libjvm.dylib+0x327b91]  jni_invoke_static(JNIEnv_*, JavaValue*, _jobject*, JNICallType, _jmethodID*, JNI_ArgumentPusher*, Thread*)+0x1bf
V  [libjvm.dylib+0x32091d]  jni_CallStaticVoidMethod+0x15d
C  [java+0x38c6]  JavaMain+0x9c4
C  [libsystem_pthread.dylib+0x69b4]  _pthread_start+0xe0
C  [libsystem_pthread.dylib+0x24d7]  thread_start+0xf
C  0x0000000000000000

Java frames: (J=compiled Java code, j=interpreted, Vv=VM code)
j  org.lwjgl.opengl.MacOSXContextImplementation.setView(Ljava/nio/ByteBuffer;Ljava/nio/ByteBuffer;)V+0
j  org.lwjgl.opengl.MacOSXContextImplementation.makeCurrent(Lorg/lwjgl/opengl/PeerInfo;Ljava/nio/ByteBuffer;)V+7
j  org.lwjgl.opengl.ContextGL.makeCurrent()V+46
j  org.lwjgl.opengl.DrawableGL.makeCurrent()V+14
j  org.lwjgl.opengl.Display.makeCurrent()V+3
j  org.lwjgl.opengl.Display.makeCurrentAndSetSwapInterval()V+0
j  org.lwjgl.opengl.Display.create(Lorg/lwjgl/opengl/PixelFormat;Lorg/lwjgl/opengl/Drawable;Lorg/lwjgl/opengl/ContextAttribs;)V+108
j  org.lwjgl.opengl.Display.create(Lorg/lwjgl/opengl/PixelFormat;)V+12
j  net.minecraft.client.Minecraft.createDisplay()V+22
j  net.minecraft.client.Minecraft.init()V+115
j  net.minecraft.client.Minecraft.run()V+6
j  net.minecraft.client.main.Main.main([Ljava/lang/String;)V+1094
v  ~StubRoutines::call_stub
j  sun.reflect.NativeMethodAccessorImpl.invoke0(Ljava/lang/reflect/Method;Ljava/lang/Object;[Ljava/lang/Object;)Ljava/lang/Object;+0
j  sun.reflect.NativeMethodAccessorImpl.invoke(Ljava/lang/Object;[Ljava/lang/Object;)Ljava/lang/Object;+100
J 1501 C1 sun.reflect.DelegatingMethodAccessorImpl.invoke(Ljava/lang/Object;[Ljava/lang/Object;)Ljava/lang/Object; (10 bytes) @ 0x000000010acf8db4 [0x000000010acf8d40+0x74]
J 1500 C1 java.lang.reflect.Method.invoke(Ljava/lang/Object;[Ljava/lang/Object;)Ljava/lang/Object; (62 bytes) @ 0x000000010acf9214 [0x000000010acf90e0+0x134]
j  net.minecraft.launchwrapper.Launch.launch([Ljava/lang/String;)V+661
j  net.minecraft.launchwrapper.Launch.main([Ljava/lang/String;)V+8
v  ~StubRoutines::call_stub
j  sun.reflect.NativeMethodAccessorImpl.invoke0(Ljava/lang/reflect/Method;Ljava/lang/Object;[Ljava/lang/Object;)Ljava/lang/Object;+0
j  sun.reflect.NativeMethodAccessorImpl.invoke(Ljava/lang/Object;[Ljava/lang/Object;)Ljava/lang/Object;+100
j  sun.reflect.DelegatingMethodAccessorImpl.invoke(Ljava/lang/Object;[Ljava/lang/Object;)Ljava/lang/Object;+6
j  java.lang.reflect.Method.invoke(Ljava/lang/Object;[Ljava/lang/Object;)Ljava/lang/Object;+56
j  net.minecraftforge.gradle.GradleStartCommon.launch([Ljava/lang/String;)V+169
j  GradleStart.main([Ljava/lang/String;)V+11
v  ~StubRoutines::call_stub

---------------  P R O C E S S  ---------------

Java Threads: ( => current thread )
  0x00007faf882c6800 JavaThread "Timer hack thread" daemon [_thread_blocked, id=53307, stack(0x000070000b066000,0x000070000b166000)]
  0x00007faf82654800 JavaThread "Snooper Timer" daemon [_thread_blocked, id=51811, stack(0x000070000af63000,0x000070000b063000)]
  0x00007faf85631800 JavaThread "AWT-Shutdown" [_thread_blocked, id=26139, stack(0x000070000ad5a000,0x000070000ae5a000)]
  0x00007faf82d50000 JavaThread "AppKit Thread" daemon [_thread_in_native, id=775, stack(0x00007ffee9765000,0x00007ffee9f65000)]
  0x00007faf81d0c800 JavaThread "process reaper" daemon [_thread_blocked, id=16395, stack(0x000070000acac000,0x000070000acd4000)]
  0x00007faf81826000 JavaThread "Service Thread" daemon [_thread_blocked, id=15363, stack(0x000070000aaa6000,0x000070000aba6000)]
  0x00007faf81829800 JavaThread "C1 CompilerThread2" daemon [_thread_blocked, id=17923, stack(0x000070000a9a3000,0x000070000aaa3000)]
  0x00007faf8201d000 JavaThread "C2 CompilerThread1" daemon [_thread_in_native, id=18435, stack(0x000070000a8a0000,0x000070000a9a0000)]
  0x00007faf82845000 JavaThread "C2 CompilerThread0" daemon [_thread_in_native, id=18691, stack(0x000070000a79d000,0x000070000a89d000)]
  0x00007faf82011000 JavaThread "Signal Dispatcher" daemon [_thread_blocked, id=14595, stack(0x000070000a69a000,0x000070000a79a000)]
  0x00007faf8201a000 JavaThread "Finalizer" daemon [_thread_blocked, id=20483, stack(0x000070000a491000,0x000070000a591000)]
  0x00007faf82019800 JavaThread "Reference Handler" daemon [_thread_blocked, id=20739, stack(0x000070000a38e000,0x000070000a48e000)]
=>0x00007faf82809000 JavaThread "Client thread" [_thread_in_native, id=4355, stack(0x0000700009b76000,0x0000700009c76000)]

Other Threads:
  0x00007faf81822000 VMThread [stack: 0x000070000a28b000,0x000070000a38b000] [id=20995]
  0x00007faf82858000 WatcherThread [stack: 0x000070000aba9000,0x000070000aca9000] [id=15875]

VM state:not at safepoint (normal execution)

VM Mutex/Monitor currently owned by a thread: None

heap address: 0x0000000740000000, size: 2048 MB, Compressed Oops mode: Zero based, Oop shift amount: 3
Narrow klass base: 0x0000000000000000, Narrow klass shift: 3
Compressed class space size: 1073741824 Address: 0x00000007c0000000

Heap:
 PSYoungGen      total 380416K, used 86764K [0x0000000795580000, 0x00000007b3080000, 0x00000007c0000000)
  eden space 351232K, 16% used [0x0000000795580000,0x0000000798e55eb8,0x00000007aac80000)
  from space 29184K, 97% used [0x00000007aac80000,0x00000007ac865340,0x00000007ac900000)
  to   space 33280K, 0% used [0x00000007b1000000,0x00000007b1000000,0x00000007b3080000)
 ParOldGen       total 110080K, used 46983K [0x0000000740000000, 0x0000000746b80000, 0x0000000795580000)
  object space 110080K, 42% used [0x0000000740000000,0x0000000742de1ea8,0x0000000746b80000)
 Metaspace       used 33584K, capacity 34022K, committed 34264K, reserved 1079296K
  class space    used 4616K, capacity 4761K, committed 4864K, reserved 1048576K

Card table byte_map: [0x0000000119800000,0x0000000119c01000] byte_map_base: 0x0000000115e00000

Marking Bits: (ParMarkBitMap*) 0x00000001065cbe40
 Begin Bits: [0x0000000119c01000, 0x000000011bc01000)
 End Bits:   [0x000000011bc01000, 0x000000011dc01000)

Polling page: 0x0000000106ccd000

CodeCache: size=245760Kb used=11220Kb max_used=12292Kb free=234539Kb
 bounds [0x000000010a800000, 0x000000010b410000, 0x0000000119800000]
 total_blobs=3815 nmethods=3272 adapters=455
 compilation: enabled

Compilation events (10 events):
Event: 9.355 Thread 0x00007faf8201d000 nmethod 2861 0x000000010a9ed390 code [0x000000010a9ed520, 0x000000010a9ed978]
Event: 9.355 Thread 0x00007faf8201d000 2950       4       java.util.HashMap::<init> (11 bytes)
Event: 9.356 Thread 0x00007faf8201d000 nmethod 2950 0x000000010ab72510 code [0x000000010ab72660, 0x000000010ab726b8]
Event: 9.356 Thread 0x00007faf8201d000 2880       4       com.google.common.collect.ImmutableMapEntrySet$RegularEntrySet::iterator (5 bytes)
Event: 9.359 Thread 0x00007faf8201d000 nmethod 2880 0x000000010aab6850 code [0x000000010aab69a0, 0x000000010aab6ab8]
Event: 9.359 Thread 0x00007faf8201d000 2858       4       com.google.common.collect.StandardTable$CellIterator::next (92 bytes)
Event: 9.360 Thread 0x00007faf82845000 nmethod 2762 0x000000010aa130d0 code [0x000000010aa133a0, 0x000000010aa14b68]
Event: 9.360 Thread 0x00007faf82845000 2881       4       java.util.LinkedHashMap::afterNodeAccess (116 bytes)
Event: 9.361 Thread 0x00007faf82845000 nmethod 2881 0x000000010aa12e90 code [0x000000010aa12fe0, 0x000000010aa13058]
Event: 9.361 Thread 0x00007faf82845000 3008       4       java.net.JarURLConnection::parseSpecs (105 bytes)

GC Heap History (10 events):
Event: 6.610 GC heap before
{Heap before GC invocations=9 (full 1):
 PSYoungGen      total 138240K, used 30360K [0x0000000795580000, 0x00000007a6280000, 0x00000007c0000000)
  eden space 108544K, 20% used [0x0000000795580000,0x0000000796b2aac8,0x000000079bf80000)
  from space 29696K, 27% used [0x000000079bf80000,0x000000079c77b7e0,0x000000079dc80000)
  to   space 29184K, 0% used [0x00000007a4600000,0x00000007a4600000,0x00000007a6280000)
 ParOldGen       total 87552K, used 60194K [0x0000000740000000, 0x0000000745580000, 0x0000000795580000)
  object space 87552K, 68% used [0x0000000740000000,0x0000000743ac8870,0x0000000745580000)
 Metaspace       used 21553K, capacity 21844K, committed 21976K, reserved 1069056K
  class space    used 2668K, capacity 2769K, committed 2816K, reserved 1048576K
Event: 6.637 GC heap after
Heap after GC invocations=9 (full 1):
 PSYoungGen      total 245248K, used 16304K [0x0000000795580000, 0x00000007a6180000, 0x00000007c0000000)
  eden space 217088K, 0% used [0x0000000795580000,0x0000000795580000,0x00000007a2980000)
  from space 28160K, 57% used [0x00000007a4600000,0x00000007a55ec010,0x00000007a6180000)
  to   space 28672K, 0% used [0x00000007a2980000,0x00000007a2980000,0x00000007a4580000)
 ParOldGen       total 87552K, used 61655K [0x0000000740000000, 0x0000000745580000, 0x0000000795580000)
  object space 87552K, 70% used [0x0000000740000000,0x0000000743c35f20,0x0000000745580000)
 Metaspace       used 21553K, capacity 21844K, committed 21976K, reserved 1069056K
  class space    used 2668K, capacity 2769K, committed 2816K, reserved 1048576K
}
Event: 6.637 GC heap before
{Heap before GC invocations=10 (full 2):
 PSYoungGen      total 245248K, used 16304K [0x0000000795580000, 0x00000007a6180000, 0x00000007c0000000)
  eden space 217088K, 0% used [0x0000000795580000,0x0000000795580000,0x00000007a2980000)
  from space 28160K, 57% used [0x00000007a4600000,0x00000007a55ec010,0x00000007a6180000)
  to   space 28672K, 0% used [0x00000007a2980000,0x00000007a2980000,0x00000007a4580000)
 ParOldGen       total 87552K, used 61655K [0x0000000740000000, 0x0000000745580000, 0x0000000795580000)
  object space 87552K, 70% used [0x0000000740000000,0x0000000743c35f20,0x0000000745580000)
 Metaspace       used 21553K, capacity 21844K, committed 21976K, reserved 1069056K
  class space    used 2668K, capacity 2769K, committed 2816K, reserved 1048576K
Event: 6.720 GC heap after
Heap after GC invocations=10 (full 2):
 PSYoungGen      total 245248K, used 0K [0x0000000795580000, 0x00000007a6180000, 0x00000007c0000000)
  eden space 217088K, 0% used [0x0000000795580000,0x0000000795580000,0x00000007a2980000)
  from space 28160K, 0% used [0x00000007a4600000,0x00000007a4600000,0x00000007a6180000)
  to   space 28672K, 0% used [0x00000007a2980000,0x00000007a2980000,0x00000007a4580000)
 ParOldGen       total 110080K, used 44203K [0x0000000740000000, 0x0000000746b80000, 0x0000000795580000)
  object space 110080K, 40% used [0x0000000740000000,0x0000000742b2afb0,0x0000000746b80000)
 Metaspace       used 21553K, capacity 21844K, committed 21976K, reserved 1069056K
  class space    used 2668K, capacity 2769K, committed 2816K, reserved 1048576K
}
Event: 7.313 GC heap before
{Heap before GC invocations=11 (full 2):
 PSYoungGen      total 245248K, used 217088K [0x0000000795580000, 0x00000007a6180000, 0x00000007c0000000)
  eden space 217088K, 100% used [0x0000000795580000,0x00000007a2980000,0x00000007a2980000)
  from space 28160K, 0% used [0x00000007a4600000,0x00000007a4600000,0x00000007a6180000)
  to   space 28672K, 0% used [0x00000007a2980000,0x00000007a2980000,0x00000007a4580000)
 ParOldGen       total 110080K, used 44203K [0x0000000740000000, 0x0000000746b80000, 0x0000000795580000)
  object space 110080K, 40% used [0x0000000740000000,0x0000000742b2afb0,0x0000000746b80000)
 Metaspace       used 24617K, capacity 25008K, committed 25176K, reserved 1071104K
  class space    used 3043K, capacity 3161K, committed 3200K, reserved 1048576K
Event: 7.319 GC heap after
Heap after GC invocations=11 (full 2):
 PSYoungGen      total 245760K, used 4600K [0x0000000795580000, 0x00000007aef00000, 0x00000007c0000000)
  eden space 217088K, 0% used [0x0000000795580000,0x0000000795580000,0x00000007a2980000)
  from space 28672K, 16% used [0x00000007a2980000,0x00000007a2dfe2d0,0x00000007a4580000)
  to   space 28672K, 0% used [0x00000007ad300000,0x00000007ad300000,0x00000007aef00000)
 ParOldGen       total 110080K, used 44211K [0x0000000740000000, 0x0000000746b80000, 0x0000000795580000)
  object space 110080K, 40% used [0x0000000740000000,0x0000000742b2cfb0,0x0000000746b80000)
 Metaspace       used 24617K, capacity 25008K, committed 25176K, reserved 1071104K
  class space    used 3043K, capacity 3161K, committed 3200K, reserved 1048576K
}
Event: 8.053 GC heap before
{Heap before GC invocations=12 (full 2):
 PSYoungGen      total 245760K, used 221688K [0x0000000795580000, 0x00000007aef00000, 0x00000007c0000000)
  eden space 217088K, 100% used [0x0000000795580000,0x00000007a2980000,0x00000007a2980000)
  from space 28672K, 16% used [0x00000007a2980000,0x00000007a2dfe2d0,0x00000007a4580000)
  to   space 28672K, 0% used [0x00000007ad300000,0x00000007ad300000,0x00000007aef00000)
 ParOldGen       total 110080K, used 44211K [0x0000000740000000, 0x0000000746b80000, 0x0000000795580000)
  object space 110080K, 40% used [0x0000000740000000,0x0000000742b2cfb0,0x0000000746b80000)
 Metaspace       used 26829K, capacity 27216K, committed 27352K, reserved 1073152K
  class space    used 3466K, capacity 3577K, committed 3584K, reserved 1048576K
Event: 8.068 GC heap after
Heap after GC invocations=12 (full 2):
 PSYoungGen      total 320512K, used 18574K [0x0000000795580000, 0x00000007ae580000, 0x00000007c0000000)
  eden space 301568K, 0% used [0x0000000795580000,0x0000000795580000,0x00000007a7c00000)
  from space 18944K, 98% used [0x00000007ad300000,0x00000007ae5239b8,0x00000007ae580000)
  to   space 29184K, 0% used [0x00000007aac80000,0x00000007aac80000,0x00000007ac900000)
 ParOldGen       total 110080K, used 44219K [0x0000000740000000, 0x0000000746b80000, 0x0000000795580000)
  object space 110080K, 40% used [0x0000000740000000,0x0000000742b2efb0,0x0000000746b80000)
 Metaspace       used 26829K, capacity 27216K, committed 27352K, reserved 1073152K
  class space    used 3466K, capacity 3577K, committed 3584K, reserved 1048576K
}
Event: 8.944 GC heap before
{Heap before GC invocations=13 (full 2):
 PSYoungGen      total 320512K, used 320142K [0x0000000795580000, 0x00000007ae580000, 0x00000007c0000000)
  eden space 301568K, 100% used [0x0000000795580000,0x00000007a7c00000,0x00000007a7c00000)
  from space 18944K, 98% used [0x00000007ad300000,0x00000007ae5239b8,0x00000007ae580000)
  to   space 29184K, 0% used [0x00000007aac80000,0x00000007aac80000,0x00000007ac900000)
 ParOldGen       total 110080K, used 44219K [0x0000000740000000, 0x0000000746b80000, 0x0000000795580000)
  object space 110080K, 40% used [0x0000000740000000,0x0000000742b2efb0,0x0000000746b80000)
 Metaspace       used 31859K, capacity 32282K, committed 32472K, reserved 1077248K
  class space    used 4416K, capacity 4583K, committed 4608K, reserved 1048576K
Event: 8.970 GC heap after
Heap after GC invocations=13 (full 2):
 PSYoungGen      total 380416K, used 28564K [0x0000000795580000, 0x00000007b3080000, 0x00000007c0000000)
  eden space 351232K, 0% used [0x0000000795580000,0x0000000795580000,0x00000007aac80000)
  from space 29184K, 97% used [0x00000007aac80000,0x00000007ac865340,0x00000007ac900000)
  to   space 33280K, 0% used [0x00000007b1000000,0x00000007b1000000,0x00000007b3080000)
 ParOldGen       total 110080K, used 46983K [0x0000000740000000, 0x0000000746b80000, 0x0000000795580000)
  object space 110080K, 42% used [0x0000000740000000,0x0000000742de1ea8,0x0000000746b80000)
 Metaspace       used 31859K, capacity 32282K, committed 32472K, reserved 1077248K
  class space    used 4416K, capacity 4583K, committed 4608K, reserved 1048576K
}

Deoptimization events (10 events):
Event: 8.789 Thread 0x00007faf82809000 Uncommon trap: reason=bimorphic action=maybe_recompile pc=0x000000010aa8c850 method=java.util.zip.InflaterInputStream.read([BII)I @ 100
Event: 9.014 Thread 0x00007faf82809000 Uncommon trap: reason=class_check action=maybe_recompile pc=0x000000010afa0f68 method=com.google.common.base.Splitter$SplittingIterator.computeNext()Ljava/lang/String; @ 232
Event: 9.014 Thread 0x00007faf82809000 Uncommon trap: reason=class_check action=maybe_recompile pc=0x000000010afa0f68 method=com.google.common.base.Splitter$SplittingIterator.computeNext()Ljava/lang/String; @ 232
Event: 9.014 Thread 0x00007faf82809000 Uncommon trap: reason=class_check action=maybe_recompile pc=0x000000010afa0f68 method=com.google.common.base.Splitter$SplittingIterator.computeNext()Ljava/lang/String; @ 232
Event: 9.014 Thread 0x00007faf82809000 Uncommon trap: reason=class_check action=maybe_recompile pc=0x000000010afa0f68 method=com.google.common.base.Splitter$SplittingIterator.computeNext()Ljava/lang/String; @ 232
Event: 9.143 Thread 0x00007faf82809000 Uncommon trap: reason=bimorphic action=maybe_recompile pc=0x000000010b24f170 method=java.util.AbstractCollection.toArray()[Ljava/lang/Object; @ 1
Event: 9.144 Thread 0x00007faf82809000 Uncommon trap: reason=bimorphic action=maybe_recompile pc=0x000000010b24f170 method=java.util.AbstractCollection.toArray()[Ljava/lang/Object; @ 1
Event: 9.144 Thread 0x00007faf82809000 Uncommon trap: reason=bimorphic action=maybe_recompile pc=0x000000010b24f170 method=java.util.AbstractCollection.toArray()[Ljava/lang/Object; @ 1
Event: 9.144 Thread 0x00007faf82809000 Uncommon trap: reason=bimorphic action=maybe_recompile pc=0x000000010b24f170 method=java.util.AbstractCollection.toArray()[Ljava/lang/Object; @ 1
Event: 9.284 Thread 0x00007faf82809000 Uncommon trap: reason=unstable_if action=reinterpret pc=0x000000010af88a88 method=com.google.common.base.AbstractIterator.next()Ljava/lang/Object; @ 4

Classes redefined (0 events):
No events

Internal exceptions (10 events):
Event: 6.866 Thread 0x00007faf82809000 Implicit null exception at 0x000000010ac18b34 to 0x000000010ac19dc6
Event: 6.866 Thread 0x00007faf82809000 Exception <a 'java/lang/NullPointerException'> (0x00000007974aef58) thrown at [/Users/java_re/workspace/8-2-build-macosx-x86_64/jdk8u201/12322/hotspot/src/share/vm/runtime/sharedRuntime.cpp, line 605]
Event: 6.867 Thread 0x00007faf82809000 Implicit null exception at 0x000000010ac18b34 to 0x000000010ac19dc6
Event: 6.867 Thread 0x00007faf82809000 Exception <a 'java/lang/NullPointerException'> (0x00000007974b7688) thrown at [/Users/java_re/workspace/8-2-build-macosx-x86_64/jdk8u201/12322/hotspot/src/share/vm/runtime/sharedRuntime.cpp, line 605]
Event: 6.867 Thread 0x00007faf82809000 Implicit null exception at 0x000000010ac18b34 to 0x000000010ac19dc6
Event: 6.867 Thread 0x00007faf82809000 Exception <a 'java/lang/NullPointerException'> (0x00000007974bfe18) thrown at [/Users/java_re/workspace/8-2-build-macosx-x86_64/jdk8u201/12322/hotspot/src/share/vm/runtime/sharedRuntime.cpp, line 605]
Event: 6.868 Thread 0x00007faf82809000 Implicit null exception at 0x000000010ac18b34 to 0x000000010ac19dc6
Event: 6.868 Thread 0x00007faf82809000 Exception <a 'java/lang/NullPointerException'> (0x00000007974c7ea0) thrown at [/Users/java_re/workspace/8-2-build-macosx-x86_64/jdk8u201/12322/hotspot/src/share/vm/runtime/sharedRuntime.cpp, line 605]
Event: 6.982 Thread 0x00007faf82809000 Implicit null exception at 0x000000010aadd0b5 to 0x000000010aadd2c5
Event: 6.982 Thread 0x00007faf82809000 Implicit null exception at 0x000000010aab3eef to 0x000000010aab3f59

Events (10 events):
Event: 9.353 loading class org/lwjgl/opengl/GLContext done
Event: 9.354 loading class org/lwjgl/opengl/GLContext$CapabilitiesCacheEntry
Event: 9.354 loading class org/lwjgl/opengl/GLContext$CapabilitiesCacheEntry done
Event: 9.355 Thread 0x00007faf8201d000 flushing nmethod 0x000000010ad8d990
Event: 9.355 Thread 0x00007faf8201d000 flushing nmethod 0x000000010ad90710
Event: 9.355 Thread 0x00007faf8201d000 flushing nmethod 0x000000010ada7990
Event: 9.355 Thread 0x00007faf8201d000 flushing nmethod 0x000000010adac690
Event: 9.355 Thread 0x00007faf8201d000 flushing nmethod 0x000000010adaebd0
Event: 9.355 Thread 0x00007faf8201d000 flushing nmethod 0x000000010adc2690
Event: 9.355 Thread 0x00007faf8201d000 flushing nmethod 0x000000010adc9710


Dynamic libraries:
0x00007fff263e0000 	/System/Library/Frameworks/Cocoa.framework/Versions/A/Cocoa
0x00007fff32990000 	/System/Library/Frameworks/Security.framework/Versions/A/Security
0x00007fff25275000 	/System/Library/Frameworks/ApplicationServices.framework/Versions/A/ApplicationServices
0x00007fff67d9c000 	/usr/lib/libz.1.dylib
0x00007fff65535000 	/usr/lib/libSystem.B.dylib
0x00007fff6762e000 	/usr/lib/libobjc.A.dylib
0x00007fff274c8000 	/System/Library/Frameworks/CoreFoundation.framework/Versions/A/CoreFoundation
0x00007fff29ebc000 	/System/Library/Frameworks/Foundation.framework/Versions/C/Foundation
0x00007fff24399000 	/System/Library/Frameworks/AppKit.framework/Versions/C/AppKit
0x00007fff26f87000 	/System/Library/Frameworks/CoreData.framework/Versions/A/CoreData
0x00007fff5deb4000 	/System/Library/PrivateFrameworks/UIFoundation.framework/Versions/A/UIFoundation
0x00007fff5816b000 	/System/Library/PrivateFrameworks/RemoteViewServices.framework/Versions/A/RemoteViewServices
0x00007fff613b9000 	/System/Library/PrivateFrameworks/XCTTargetBootstrap.framework/Versions/A/XCTTargetBootstrap
0x00007fff67841000 	/usr/lib/libspindump.dylib
0x00007fff34042000 	/System/Library/Frameworks/UniformTypeIdentifiers.framework/Versions/A/UniformTypeIdentifiers
0x00007fff6563a000 	/usr/lib/libapp_launch_measurement.dylib
0x00007fff408fe000 	/System/Library/PrivateFrameworks/CoreAutoLayout.framework/Versions/A/CoreAutoLayout
0x00007fff2d4be000 	/System/Library/Frameworks/Metal.framework/Versions/A/Metal
0x00007fff668e9000 	/usr/lib/liblangid.dylib
0x00007fff425c0000 	/System/Library/PrivateFrameworks/CoreSVG.framework/Versions/A/CoreSVG
0x00007fff5b716000 	/System/Library/PrivateFrameworks/SkyLight.framework/Versions/A/SkyLight
0x00007fff279c3000 	/System/Library/Frameworks/CoreGraphics.framework/Versions/A/CoreGraphics
0x00007fff22b34000 	/System/Library/Frameworks/Accelerate.framework/Versions/A/Accelerate
0x00007fff4fa2a000 	/System/Library/PrivateFrameworks/IconServices.framework/Versions/A/IconServices
0x00007fff2a71d000 	/System/Library/Frameworks/IOSurface.framework/Versions/A/IOSurface
0x00007fff650e2000 	/usr/lib/libDiagnosticMessagesClient.dylib
0x00007fff4332e000 	/System/Library/PrivateFrameworks/DFRFoundation.framework/Versions/A/DFRFoundation
0x00007fff6661e000 	/usr/lib/libicucore.A.dylib
0x00007fff2542c000 	/System/Library/Frameworks/AudioToolbox.framework/Versions/A/AudioToolbox
0x00007fff433d6000 	/System/Library/PrivateFrameworks/DataDetectorsCore.framework/Versions/A/DataDetectorsCore
0x00007fff25e67000 	/System/Library/Frameworks/Carbon.framework/Versions/A/Frameworks/HIToolbox.framework/Versions/A/HIToolbox
0x00007fff31bb1000 	/System/Library/Frameworks/QuartzCore.framework/Versions/A/QuartzCore
0x00007fff2619b000 	/System/Library/Frameworks/Carbon.framework/Versions/A/Frameworks/SpeechRecognition.framework/Versions/A/SpeechRecognition
0x00007fff42d60000 	/System/Library/PrivateFrameworks/CoreUI.framework/Versions/A/CoreUI
0x00007fff26809000 	/System/Library/Frameworks/CoreAudio.framework/Versions/A/CoreAudio
0x00007fff29b56000 	/System/Library/Frameworks/DiskArbitration.framework/Versions/A/DiskArbitration
0x00007fff51ff8000 	/System/Library/PrivateFrameworks/MultitouchSupport.framework/Versions/A/MultitouchSupport
0x00007fff664b7000 	/usr/lib/libenergytrace.dylib
0x00007fff2a672000 	/System/Library/Frameworks/IOKit.framework/Versions/A/IOKit
0x00007fff28c42000 	/System/Library/Frameworks/CoreServices.framework/Versions/A/CoreServices
0x00007fff5485a000 	/System/Library/PrivateFrameworks/PerformanceAnalysis.framework/Versions/A/PerformanceAnalysis
0x00007fff30d7a000 	/System/Library/Frameworks/OpenGL.framework/Versions/A/OpenGL
0x00007fff5edce000 	/System/Library/PrivateFrameworks/UserActivity.framework/Versions/A/UserActivity
0x00007fff263f4000 	/System/Library/Frameworks/ColorSync.framework/Versions/A/ColorSync
0x00007fff28097000 	/System/Library/Frameworks/CoreImage.framework/Versions/A/CoreImage
0x00007fff295a7000 	/System/Library/Frameworks/CoreText.framework/Versions/A/CoreText
0x00007fff2a7be000 	/System/Library/Frameworks/ImageIO.framework/Versions/A/ImageIO
0x00007fff5c023000 	/System/Library/PrivateFrameworks/SoftLinking.framework/Versions/A/SoftLinking
0x00007fff67c8c000 	/usr/lib/libxml2.2.dylib
0x00007fff6597c000 	/usr/lib/libc++.1.dylib
0x00007fff65a02000 	/usr/lib/libcompression.dylib
0x00007fff65394000 	/usr/lib/libMobileGestalt.dylib
0x00007fff5d8b5000 	/System/Library/PrivateFrameworks/TextureIO.framework/Versions/A/TextureIO
0x00007fff656ff000 	/usr/lib/libate.dylib
0x00007fff4fe2b000 	/System/Library/PrivateFrameworks/InternationalSupport.framework/Versions/A/InternationalSupport
0x00007fff6867b000 	/usr/lib/system/libcache.dylib
0x00007fff68684000 	/usr/lib/system/libcommonCrypto.dylib
0x00007fff68691000 	/usr/lib/system/libcompiler_rt.dylib
0x00007fff68699000 	/usr/lib/system/libcopyfile.dylib
0x00007fff686a4000 	/usr/lib/system/libcorecrypto.dylib
0x00007fff6885e000 	/usr/lib/system/libdispatch.dylib
0x00007fff688a3000 	/usr/lib/system/libdyld.dylib
0x00007fff688de000 	/usr/lib/system/libkeymgr.dylib
0x00007fff688fb000 	/usr/lib/system/liblaunch.dylib
0x00007fff688fc000 	/usr/lib/system/libmacho.dylib
0x00007fff68902000 	/usr/lib/system/libquarantine.dylib
0x00007fff68905000 	/usr/lib/system/libremovefile.dylib
0x00007fff68907000 	/usr/lib/system/libsystem_asl.dylib
0x00007fff6891e000 	/usr/lib/system/libsystem_blocks.dylib
0x00007fff68920000 	/usr/lib/system/libsystem_c.dylib
0x00007fff689a9000 	/usr/lib/system/libsystem_collections.dylib
0x00007fff689ac000 	/usr/lib/system/libsystem_configuration.dylib
0x00007fff689b0000 	/usr/lib/system/libsystem_containermanager.dylib
0x00007fff689c0000 	/usr/lib/system/libsystem_coreservices.dylib
0x00007fff689c5000 	/usr/lib/system/libsystem_darwin.dylib
0x00007fff689cf000 	/usr/lib/system/libsystem_dnssd.dylib
0x00007fff689d7000 	/usr/lib/system/libsystem_featureflags.dylib
0x00007fff689da000 	/usr/lib/system/libsystem_info.dylib
0x00007fff68a55000 	/usr/lib/system/libsystem_m.dylib
0x00007fff68a9d000 	/usr/lib/system/libsystem_malloc.dylib
0x00007fff68aca000 	/usr/lib/system/libsystem_networkextension.dylib
0x00007fff68ad9000 	/usr/lib/system/libsystem_notify.dylib
0x00007fff68aed000 	/usr/lib/system/libsystem_product_info_filter.dylib
0x00007fff68afa000 	/usr/lib/system/libsystem_sandbox.dylib
0x00007fff68aff000 	/usr/lib/system/libsystem_secinit.dylib
0x00007fff68a26000 	/usr/lib/system/libsystem_kernel.dylib
0x00007fff68ae3000 	/usr/lib/system/libsystem_platform.dylib
0x00007fff68aee000 	/usr/lib/system/libsystem_pthread.dylib
0x00007fff68b02000 	/usr/lib/system/libsystem_symptoms.dylib
0x00007fff68b0a000 	/usr/lib/system/libsystem_trace.dylib
0x00007fff68b26000 	/usr/lib/system/libunwind.dylib
0x00007fff68b31000 	/usr/lib/system/libxpc.dylib
0x00007fff659d2000 	/usr/lib/libc++abi.dylib
0x00007fff67626000 	/usr/lib/liboah.dylib
0x00007fff668eb000 	/usr/lib/liblzma.5.dylib
0x00007fff33df2000 	/System/Library/Frameworks/SystemConfiguration.framework/Versions/A/SystemConfiguration
0x00007fff664df000 	/usr/lib/libfakelink.dylib
0x00007fff2596b000 	/System/Library/Frameworks/CFNetwork.framework/Versions/A/CFNetwork
0x00007fff6568d000 	/usr/lib/libarchive.2.dylib
0x00007fff65005000 	/usr/lib/libCRFSuite.dylib
0x00007fff6595d000 	/usr/lib/libbsm.0.dylib
0x00007fff66f41000 	/usr/lib/libnetwork.dylib
0x00007fff67696000 	/usr/lib/libpcap.A.dylib
0x00007fff663fa000 	/usr/lib/libdns_services.dylib
0x00007fff65d4f000 	/usr/lib/libcoretls_cfhelpers.dylib
0x00007fff6563d000 	/usr/lib/libapple_nghttp2.dylib
0x00007fff688df000 	/usr/lib/system/libkxld.dylib
0x00007fff67844000 	/usr/lib/libsqlite3.dylib
0x00007fff3b9ea000 	/System/Library/PrivateFrameworks/AppleFSCompression.framework/Versions/A/AppleFSCompression
0x00007fff65d37000 	/usr/lib/libcoretls.dylib
0x00007fff6767f000 	/usr/lib/libpam.2.dylib
0x00007fff67c79000 	/usr/lib/libxar.1.dylib
0x00007fff3c16d000 	/System/Library/PrivateFrameworks/AppleSystemInfo.framework/Versions/A/AppleSystemInfo
0x00007fff4f647000 	/System/Library/PrivateFrameworks/IOMobileFramebuffer.framework/Versions/A/IOMobileFramebuffer
0x00007fff6596e000 	/usr/lib/libbz2.1.0.dylib
0x00007fff6652d000 	/usr/lib/libiconv.2.dylib
0x00007fff659eb000 	/usr/lib/libcharset.1.dylib
0x00007fff28fef000 	/System/Library/Frameworks/CoreServices.framework/Versions/A/Frameworks/FSEvents.framework/Versions/A/FSEvents
0x00007fff28cb8000 	/System/Library/Frameworks/CoreServices.framework/Versions/A/Frameworks/CarbonCore.framework/Versions/A/CarbonCore
0x00007fff29235000 	/System/Library/Frameworks/CoreServices.framework/Versions/A/Frameworks/Metadata.framework/Versions/A/Metadata
0x00007fff292d1000 	/System/Library/Frameworks/CoreServices.framework/Versions/A/Frameworks/OSServices.framework/Versions/A/OSServices
0x00007fff292ff000 	/System/Library/Frameworks/CoreServices.framework/Versions/A/Frameworks/SearchKit.framework/Versions/A/SearchKit
0x00007fff28c43000 	/System/Library/Frameworks/CoreServices.framework/Versions/A/Frameworks/AE.framework/Versions/A/AE
0x00007fff28ff8000 	/System/Library/Frameworks/CoreServices.framework/Versions/A/Frameworks/LaunchServices.framework/Versions/A/LaunchServices
0x00007fff28fa0000 	/System/Library/Frameworks/CoreServices.framework/Versions/A/Frameworks/DictionaryServices.framework/Versions/A/DictionaryServices
0x00007fff29367000 	/System/Library/Frameworks/CoreServices.framework/Versions/A/Frameworks/SharedFileList.framework/Versions/A/SharedFileList
0x00007fff6503d000 	/usr/lib/libCheckFix.dylib
0x00007fff5d337000 	/System/Library/PrivateFrameworks/TCC.framework/Versions/A/TCC
0x00007fff41556000 	/System/Library/PrivateFrameworks/CoreNLP.framework/Versions/A/CoreNLP
0x00007fff51a84000 	/System/Library/PrivateFrameworks/MetadataUtilities.framework/Versions/A/MetadataUtilities
0x00007fff66964000 	/usr/lib/libmecabra.dylib
0x00007fff2c47d000 	/System/Library/Frameworks/MLCompute.framework/Versions/A/MLCompute
0x00007fff6691b000 	/usr/lib/libmecab.dylib
0x00007fff664f1000 	/usr/lib/libgermantok.dylib
0x00007fff655c4000 	/usr/lib/libThaiTokenizer.dylib
0x00007fff65049000 	/usr/lib/libChineseTokenizer.dylib
0x00007fff2d9ed000 	/System/Library/Frameworks/MetalPerformanceShaders.framework/Versions/A/MetalPerformanceShaders
0x00007fff22b35000 	/System/Library/Frameworks/Accelerate.framework/Versions/A/Frameworks/vImage.framework/Versions/A/vImage
0x00007fff241be000 	/System/Library/Frameworks/Accelerate.framework/Versions/A/Frameworks/vecLib.framework/Versions/A/vecLib
0x00007fff240ff000 	/System/Library/Frameworks/Accelerate.framework/Versions/A/Frameworks/vecLib.framework/Versions/A/libvMisc.dylib
0x00007fff23f2b000 	/System/Library/Frameworks/Accelerate.framework/Versions/A/Frameworks/vecLib.framework/Versions/A/libvDSP.dylib
0x00007fff231d5000 	/System/Library/Frameworks/Accelerate.framework/Versions/A/Frameworks/vecLib.framework/Versions/A/libBLAS.dylib
0x00007fff23af0000 	/System/Library/Frameworks/Accelerate.framework/Versions/A/Frameworks/vecLib.framework/Versions/A/libLAPACK.dylib
0x00007fff23e8d000 	/System/Library/Frameworks/Accelerate.framework/Versions/A/Frameworks/vecLib.framework/Versions/A/libLinearAlgebra.dylib
0x00007fff23f18000 	/System/Library/Frameworks/Accelerate.framework/Versions/A/Frameworks/vecLib.framework/Versions/A/libSparseBLAS.dylib
0x00007fff23ea3000 	/System/Library/Frameworks/Accelerate.framework/Versions/A/Frameworks/vecLib.framework/Versions/A/libQuadrature.dylib
0x00007fff23439000 	/System/Library/Frameworks/Accelerate.framework/Versions/A/Frameworks/vecLib.framework/Versions/A/libBNNS.dylib
0x00007fff23ea9000 	/System/Library/Frameworks/Accelerate.framework/Versions/A/Frameworks/vecLib.framework/Versions/A/libSparse.dylib
0x00007fff2d5ff000 	/System/Library/Frameworks/MetalPerformanceShaders.framework/Versions/A/Frameworks/MPSCore.framework/Versions/A/MPSCore
0x00007fff2d667000 	/System/Library/Frameworks/MetalPerformanceShaders.framework/Versions/A/Frameworks/MPSImage.framework/Versions/A/MPSImage
0x00007fff2d76e000 	/System/Library/Frameworks/MetalPerformanceShaders.framework/Versions/A/Frameworks/MPSNeuralNetwork.framework/Versions/A/MPSNeuralNetwork
0x00007fff2d6fb000 	/System/Library/Frameworks/MetalPerformanceShaders.framework/Versions/A/Frameworks/MPSMatrix.framework/Versions/A/MPSMatrix
0x00007fff2d999000 	/System/Library/Frameworks/MetalPerformanceShaders.framework/Versions/A/Frameworks/MPSRayIntersector.framework/Versions/A/MPSRayIntersector
0x00007fff2d72f000 	/System/Library/Frameworks/MetalPerformanceShaders.framework/Versions/A/Frameworks/MPSNDArray.framework/Versions/A/MPSNDArray
0x00007fff51af9000 	/System/Library/PrivateFrameworks/MetalTools.framework/Versions/A/MetalTools
0x00007fff3abc7000 	/System/Library/PrivateFrameworks/AggregateDictionary.framework/Versions/A/AggregateDictionary
0x00007fff4077b000 	/System/Library/PrivateFrameworks/CoreAnalytics.framework/Versions/A/CoreAnalytics
0x00007fff3c059000 	/System/Library/PrivateFrameworks/AppleSauce.framework/Versions/A/AppleSauce
0x00007fff4f603000 	/System/Library/PrivateFrameworks/IOAccelerator.framework/Versions/A/IOAccelerator
0x00007fff30214000 	/System/Library/Frameworks/OpenGL.framework/Versions/A/Libraries/libCoreFSCache.dylib
0x00007fff503a6000 	/System/Library/PrivateFrameworks/LanguageModeling.framework/Versions/A/LanguageModeling
0x00007fff40e75000 	/System/Library/PrivateFrameworks/CoreEmoji.framework/Versions/A/CoreEmoji
0x00007fff504e4000 	/System/Library/PrivateFrameworks/LinguisticData.framework/Versions/A/LinguisticData
0x00007fff50490000 	/System/Library/PrivateFrameworks/Lexicon.framework/Versions/A/Lexicon
0x00007fff659ec000 	/usr/lib/libcmph.dylib
0x00007fff2f8a1000 	/System/Library/Frameworks/OpenDirectory.framework/Versions/A/Frameworks/CFOpenDirectory.framework/Versions/A/CFOpenDirectory
0x00007fff2f8c1000 	/System/Library/Frameworks/OpenDirectory.framework/Versions/A/OpenDirectory
0x00007fff393b5000 	/System/Library/PrivateFrameworks/APFS.framework/Versions/A/APFS
0x00007fff32cdb000 	/System/Library/Frameworks/SecurityFoundation.framework/Versions/A/SecurityFoundation
0x00007fff67c75000 	/usr/lib/libutil.dylib
0x00007fff42621000 	/System/Library/PrivateFrameworks/CoreServicesStore.framework/Versions/A/CoreServicesStore
0x00007fff32dc5000 	/System/Library/Frameworks/ServiceManagement.framework/Versions/A/ServiceManagement
0x00007fff67d73000 	/usr/lib/libxslt.1.dylib
0x00007fff3d5df000 	/System/Library/PrivateFrameworks/BackgroundTaskManagement.framework/Versions/A/BackgroundTaskManagement
0x00007fff2ab1d000 	/System/Library/Frameworks/ImageIO.framework/Versions/A/Resources/libRadiance.dylib
0x00007fff2aad1000 	/System/Library/Frameworks/ImageIO.framework/Versions/A/Resources/libJPEG.dylib
0x00007fff2aaf6000 	/System/Library/Frameworks/ImageIO.framework/Versions/A/Resources/libPng.dylib
0x00007fff2ab20000 	/System/Library/Frameworks/ImageIO.framework/Versions/A/Resources/libTIFF.dylib
0x00007fff2a9ed000 	/System/Library/Frameworks/ImageIO.framework/Versions/A/Resources/libGIF.dylib
0x00007fff2a9f2000 	/System/Library/Frameworks/ImageIO.framework/Versions/A/Resources/libJP2.dylib
0x00007fff664b8000 	/usr/lib/libexpat.1.dylib
0x00007fff3bb6c000 	/System/Library/PrivateFrameworks/AppleJPEG.framework/Versions/A/AppleJPEG
0x00007fff4636b000 	/System/Library/PrivateFrameworks/FontServices.framework/libFontParser.dylib
0x00007fff5833f000 	/System/Library/PrivateFrameworks/RunningBoardServices.framework/Versions/A/RunningBoardServices
0x00007fff606a7000 	/System/Library/PrivateFrameworks/WatchdogClient.framework/Versions/A/WatchdogClient
0x00007fff27398000 	/System/Library/Frameworks/CoreDisplay.framework/Versions/A/CoreDisplay
0x00007fff289bf000 	/System/Library/Frameworks/CoreMedia.framework/Versions/A/CoreMedia
0x00007fff2978c000 	/System/Library/Frameworks/CoreVideo.framework/Versions/A/CoreVideo
0x00007fff34120000 	/System/Library/Frameworks/VideoToolbox.framework/Versions/A/VideoToolbox
0x00007fff3d691000 	/System/Library/PrivateFrameworks/BaseBoard.framework/Versions/A/BaseBoard
0x00007fff5486e000 	/System/Library/PrivateFrameworks/PersistentConnection.framework/Versions/A/PersistentConnection
0x00007fff57890000 	/System/Library/PrivateFrameworks/ProtocolBuffer.framework/Versions/A/ProtocolBuffer
0x00007fff3fb6a000 	/System/Library/PrivateFrameworks/CommonUtilities.framework/Versions/A/CommonUtilities
0x00007fff3dae9000 	/System/Library/PrivateFrameworks/Bom.framework/Versions/A/Bom
0x00007fff4b1db000 	/System/Library/PrivateFrameworks/GPUWrangler.framework/Versions/A/GPUWrangler
0x00007fff4f656000 	/System/Library/PrivateFrameworks/IOPresentment.framework/Versions/A/IOPresentment
0x00007fff43342000 	/System/Library/PrivateFrameworks/DSExternalDisplay.framework/Versions/A/DSExternalDisplay
0x00007fff3e1cb000 	/System/Library/PrivateFrameworks/CMCaptureCore.framework/Versions/A/CMCaptureCore
0x00007fff3b12b000 	/System/Library/PrivateFrameworks/AppServerSupport.framework/Versions/A/AppServerSupport
0x00007fff3c211000 	/System/Library/PrivateFrameworks/AssertionServices.framework/Versions/A/AssertionServices
0x00007fff3d04f000 	/System/Library/PrivateFrameworks/AudioToolboxCore.framework/Versions/A/AudioToolboxCore
0x00007fff6144d000 	/System/Library/PrivateFrameworks/caulk.framework/Versions/A/caulk
0x00007fff64fca000 	/usr/lib/libAudioToolboxUtility.dylib
0x00007fff303fd000 	/System/Library/Frameworks/OpenGL.framework/Versions/A/Libraries/libGLU.dylib
0x00007fff30220000 	/System/Library/Frameworks/OpenGL.framework/Versions/A/Libraries/libGFXShared.dylib
0x00007fff30229000 	/System/Library/Frameworks/OpenGL.framework/Versions/A/Libraries/libGL.dylib
0x00007fff30234000 	/System/Library/Frameworks/OpenGL.framework/Versions/A/Libraries/libGLImage.dylib
0x00007fff30211000 	/System/Library/Frameworks/OpenGL.framework/Versions/A/Libraries/libCVMSPluginSupport.dylib
0x00007fff3021b000 	/System/Library/Frameworks/OpenGL.framework/Versions/A/Libraries/libCoreVMClient.dylib
0x00007fff6534c000 	/usr/lib/libIOReport.dylib
0x00007fff2f848000 	/System/Library/Frameworks/OpenCL.framework/Versions/A/OpenCL
0x00007fff4cf20000 	/System/Library/PrivateFrameworks/GraphVisualizer.framework/Versions/A/GraphVisualizer
0x00007fff4582d000 	/System/Library/PrivateFrameworks/FaceCore.framework/Versions/A/FaceCore
0x00007fff5371f000 	/System/Library/PrivateFrameworks/OTSVG.framework/Versions/A/OTSVG
0x00007fff252e2000 	/System/Library/Frameworks/ApplicationServices.framework/Versions/A/Frameworks/ATS.framework/Versions/A/Resources/libFontRegistry.dylib
0x00007fff464c7000 	/System/Library/PrivateFrameworks/FontServices.framework/libhvf.dylib
0x00007fff3c171000 	/System/Library/PrivateFrameworks/AppleVA.framework/Versions/A/AppleVA
0x00007fff25276000 	/System/Library/Frameworks/ApplicationServices.framework/Versions/A/Frameworks/ATS.framework/Versions/A/ATS
0x00007fff25354000 	/System/Library/Frameworks/ApplicationServices.framework/Versions/A/Frameworks/ColorSyncLegacy.framework/Versions/A/ColorSyncLegacy
0x00007fff2535c000 	/System/Library/Frameworks/ApplicationServices.framework/Versions/A/Frameworks/HIServices.framework/Versions/A/HIServices
0x00007fff253b8000 	/System/Library/Frameworks/ApplicationServices.framework/Versions/A/Frameworks/LangAnalysis.framework/Versions/A/LangAnalysis
0x00007fff253c8000 	/System/Library/Frameworks/ApplicationServices.framework/Versions/A/Frameworks/PrintCore.framework/Versions/A/PrintCore
0x00007fff25410000 	/System/Library/Frameworks/ApplicationServices.framework/Versions/A/Frameworks/QD.framework/Versions/A/QD
0x00007fff2541c000 	/System/Library/Frameworks/ApplicationServices.framework/Versions/A/Frameworks/SpeechSynthesis.framework/Versions/A/SpeechSynthesis
0x00007fff25324000 	/System/Library/Frameworks/ApplicationServices.framework/Versions/A/Frameworks/ATSUI.framework/Versions/A/ATSUI
0x00007fff66332000 	/usr/lib/libcups.2.dylib
0x00007fff52590000 	/System/Library/PrivateFrameworks/NetAuth.framework/Versions/A/NetAuth
0x00007fff2c2bc000 	/System/Library/Frameworks/Kerberos.framework/Versions/A/Kerberos
0x00007fff2a2cb000 	/System/Library/Frameworks/GSS.framework/Versions/A/GSS
0x00007fff677c4000 	/usr/lib/libresolv.9.dylib
0x00007fff4d0f2000 	/System/Library/PrivateFrameworks/Heimdal.framework/Versions/A/Heimdal
0x00007fff2c2cc000 	/System/Library/Frameworks/Kerberos.framework/Versions/A/Libraries/libHeimdalProxy.dylib
0x00007fff2e879000 	/System/Library/Frameworks/Network.framework/Versions/A/Network
0x00007fff664f7000 	/usr/lib/libheimdal-asn1.dylib
0x00007fff3fb59000 	/System/Library/PrivateFrameworks/CommonAuth.framework/Versions/A/CommonAuth
0x00007fff623a0000 	/System/Library/PrivateFrameworks/login.framework/Versions/A/Frameworks/loginsupport.framework/Versions/A/loginsupport
0x00007fff3ceff000 	/System/Library/PrivateFrameworks/AudioSession.framework/Versions/A/AudioSession
0x00007fff64fba000 	/usr/lib/libAudioStatistics.dylib
0x00007fff5107a000 	/System/Library/PrivateFrameworks/MediaExperience.framework/Versions/A/MediaExperience
0x00007fff3cf69000 	/System/Library/PrivateFrameworks/AudioSession.framework/libSessionUtility.dylib
0x00007fff67712000 	/usr/lib/libperfcheck.dylib
0x00007fff623ed000 	/System/Library/PrivateFrameworks/perfdata.framework/Versions/A/perfdata
0x00007fff6543d000 	/usr/lib/libSMC.dylib
0x00007fff3c7ee000 	/System/Library/PrivateFrameworks/AudioResourceArbitration.framework/Versions/A/AudioResourceArbitration
0x00007fff4fa16000 	/System/Library/PrivateFrameworks/IconFoundation.framework/Versions/A/IconFoundation
0x00007fff5c4f5000 	/System/Library/PrivateFrameworks/SpeechRecognitionCore.framework/Versions/A/SpeechRecognitionCore
0x0000000105cd0000 	/Library/Java/JavaVirtualMachines/jdk1.8.0_201.jdk/Contents/Home/jre/lib/server/libjvm.dylib
0x00007fff67b2d000 	/usr/lib/libstdc++.6.dylib
0x0000000106c89000 	/Library/Java/JavaVirtualMachines/jdk1.8.0_201.jdk/Contents/Home/jre/lib/libverify.dylib
0x0000000106c97000 	/Library/Java/JavaVirtualMachines/jdk1.8.0_201.jdk/Contents/Home/jre/lib/libjava.dylib
0x0000000106d17000 	/Library/Java/JavaVirtualMachines/jdk1.8.0_201.jdk/Contents/Home/jre/lib/libzip.dylib
0x0000000120a09000 	/Library/Java/JavaVirtualMachines/jdk1.8.0_201.jdk/Contents/Home/jre/lib/libmanagement.dylib
0x0000000120a17000 	/Library/Java/JavaVirtualMachines/jdk1.8.0_201.jdk/Contents/Home/jre/lib/libnet.dylib
0x0000000120c49000 	/Library/Java/JavaVirtualMachines/jdk1.8.0_201.jdk/Contents/Home/jre/lib/libnio.dylib
0x000000012105d000 	/private/var/folders/wm/6b5jfvpx6wb7kq8vmyyfkb9w0000gn/T/jna-1675555959/jna8174606338703019873.tmp
0x00007fff2c2b4000 	/System/Library/Frameworks/JavaVM.framework/Versions/A/JavaVM
0x0000000121679000 	/Library/Java/JavaVirtualMachines/jdk1.8.0_201.jdk/Contents/Home/jre/lib/libawt.dylib
0x0000000121722000 	/Library/Java/JavaVirtualMachines/jdk1.8.0_201.jdk/Contents/Home/jre/lib/libmlib_image.dylib
0x00007fff2b14c000 	/System/Library/Frameworks/JavaNativeFoundation.framework/Versions/A/JavaNativeFoundation
0x00007fff2b158000 	/System/Library/Frameworks/JavaRuntimeSupport.framework/Versions/A/JavaRuntimeSupport
0x00007fff25e5f000 	/System/Library/Frameworks/Carbon.framework/Versions/A/Carbon
0x00007fff42bee000 	/System/Library/PrivateFrameworks/CoreSymbolication.framework/Versions/A/CoreSymbolication
0x00007fff25e63000 	/System/Library/Frameworks/Carbon.framework/Versions/A/Frameworks/CommonPanels.framework/Versions/A/CommonPanels
0x00007fff26167000 	/System/Library/Frameworks/Carbon.framework/Versions/A/Frameworks/Help.framework/Versions/A/Help
0x00007fff2616b000 	/System/Library/Frameworks/Carbon.framework/Versions/A/Frameworks/ImageCapture.framework/Versions/A/ImageCapture
0x00007fff26177000 	/System/Library/Frameworks/Carbon.framework/Versions/A/Frameworks/OpenScripting.framework/Versions/A/OpenScripting
0x00007fff26173000 	/System/Library/Frameworks/Carbon.framework/Versions/A/Frameworks/Ink.framework/Versions/A/Ink
0x00007fff26193000 	/System/Library/Frameworks/Carbon.framework/Versions/A/Frameworks/Print.framework/Versions/A/Print
0x00007fff26197000 	/System/Library/Frameworks/Carbon.framework/Versions/A/Frameworks/SecurityHI.framework/Versions/A/SecurityHI
0x00007fff4349d000 	/System/Library/PrivateFrameworks/DebugSymbols.framework/Versions/A/DebugSymbols
0x00000001217ee000 	/Library/Java/JavaVirtualMachines/jdk1.8.0_201.jdk/Contents/Home/jre/lib/libawt_lwawt.dylib
0x00000001218a8000 	/Library/Java/JavaVirtualMachines/jdk1.8.0_201.jdk/Contents/Home/jre/lib/libosxapp.dylib
0x00007fff29d40000 	/System/Library/Frameworks/ExceptionHandling.framework/Versions/A/ExceptionHandling
0x00007fff425e9000 	/System/Library/PrivateFrameworks/CoreServicesInternal.framework/Versions/A/CoreServicesInternal
0x0000000122765000 	/usr/lib/libobjc-trampolines.dylib
0x00007fff29d66000 	/System/Library/Frameworks/FileProvider.framework/Versions/A/FileProvider
0x00007fff241c3000 	/System/Library/Frameworks/Accounts.framework/Versions/A/Accounts
0x00007fff4b81d000 	/System/Library/PrivateFrameworks/GenerationalStorage.framework/Versions/A/GenerationalStorage
0x00007fff5cdec000 	/System/Library/PrivateFrameworks/SymptomDiagnosticReporter.framework/Versions/A/SymptomDiagnosticReporter
0x00007fff3b0a4000 	/System/Library/PrivateFrameworks/AppContainer.framework/Versions/A/AppContainer
0x00007fff434da000 	/System/Library/PrivateFrameworks/DesktopServicesPriv.framework/Versions/A/DesktopServicesPriv
0x00007fff677e1000 	/usr/lib/libsandbox.1.dylib
0x00007fff5ee34000 	/System/Library/PrivateFrameworks/UserManagement.framework/Versions/A/UserManagement
0x00007fff51cef000 	/System/Library/PrivateFrameworks/MobileKeyBag.framework/Versions/A/MobileKeyBag
0x00007fff3ecf9000 	/System/Library/PrivateFrameworks/ChunkingLibrary.framework/Versions/A/ChunkingLibrary
0x00007fff59f18000 	/System/Library/PrivateFrameworks/SecCodeWrapper.framework/Versions/A/SecCodeWrapper
0x00007fff43259000 	/System/Library/PrivateFrameworks/CrashReporterSupport.framework/Versions/A/CrashReporterSupport
0x00007fff5a0dd000 	/System/Library/PrivateFrameworks/Sharing.framework/Versions/A/Sharing
0x00007fff3b6a2000 	/System/Library/PrivateFrameworks/Apple80211.framework/Versions/A/Apple80211
0x00007fff3d2c1000 	/System/Library/PrivateFrameworks/AuthKit.framework/Versions/A/AuthKit
0x00007fff42e9e000 	/System/Library/PrivateFrameworks/CoreUtils.framework/Versions/A/CoreUtils
0x00007fff297d3000 	/System/Library/Frameworks/CoreWLAN.framework/Versions/A/CoreWLAN
0x00007fff2a4eb000 	/System/Library/Frameworks/IOBluetooth.framework/Versions/A/IOBluetooth
0x00007fff4310c000 	/System/Library/PrivateFrameworks/CoreWiFi.framework/Versions/A/CoreWiFi
0x00007fff41aae000 	/System/Library/PrivateFrameworks/CorePhoneNumbers.framework/Versions/A/CorePhoneNumbers
0x00007fff3bb1a000 	/System/Library/PrivateFrameworks/AppleIDAuthSupport.framework/Versions/A/AppleIDAuthSupport
0x00007fff501f9000 	/System/Library/PrivateFrameworks/KeychainCircle.framework/Versions/A/KeychainCircle
0x00007fff2553e000 	/System/Library/Frameworks/AudioUnit.framework/Versions/A/AudioUnit
0x00007fff26ef7000 	/System/Library/Frameworks/CoreBluetooth.framework/Versions/A/CoreBluetooth
0x00007fff65354000 	/usr/lib/libMatch.1.dylib
0x0000000122434000 	/System/Library/CoreServices/RawCamera.bundle/Contents/MacOS/RawCamera
0x00007fff51c69000 	/System/Library/PrivateFrameworks/MobileAsset.framework/Versions/A/MobileAsset
0x00007fff5cc85000 	/System/Library/PrivateFrameworks/StreamingZip.framework/Versions/A/StreamingZip
0x00007fff2c9d7000 	/System/Library/Frameworks/MediaToolbox.framework/Versions/A/MediaToolbox
0x00007fff40723000 	/System/Library/PrivateFrameworks/CoreAVCHD.framework/Versions/A/CoreAVCHD
0x00007fff2c83f000 	/System/Library/Frameworks/MediaAccessibility.framework/Versions/A/MediaAccessibility
0x00007fff50cfc000 	/System/Library/PrivateFrameworks/Mangrove.framework/Versions/A/Mangrove
0x00007fff3aef3000 	/System/Library/PrivateFrameworks/AlgosScoreFramework.framework/Versions/A/AlgosScoreFramework
0x00007fff3c1c5000 	/System/Library/PrivateFrameworks/AppleVPA.framework/Versions/A/AppleVPA
0x00007fff40368000 	/System/Library/PrivateFrameworks/CoreAUC.framework/Versions/A/CoreAUC
0x0000000122730000 	/System/Library/Frameworks/Accelerate.framework/Versions/A/Frameworks/vImage.framework/Versions/A/Libraries/libCGInterfaces.dylib
0x00007fff45c6e000 	/System/Library/PrivateFrameworks/FamilyControls.framework/Versions/A/FamilyControls
0x00007fff3fb4d000 	/System/Library/PrivateFrameworks/CommerceKit.framework/Versions/A/Frameworks/CommerceCore.framework/Versions/A/CommerceCore
0x00007fff5d0a3000 	/System/Library/PrivateFrameworks/SystemAdministration.framework/Versions/A/SystemAdministration
0x00007fff43cbb000 	/System/Library/PrivateFrameworks/DiskManagement.framework/Versions/A/DiskManagement
0x00007fff29a7a000 	/System/Library/Frameworks/DirectoryService.framework/Versions/A/DirectoryService
0x00007fff43bb7000 	/System/Library/PrivateFrameworks/DiskImages.framework/Versions/A/DiskImages
0x00007fff505b4000 	/System/Library/PrivateFrameworks/LoginUIKit.framework/Versions/A/Frameworks/LoginUICore.framework/Versions/A/LoginUICore
0x00007fff65054000 	/usr/lib/libCoreStorage.dylib
0x00007fff6631f000 	/usr/lib/libcsfde.dylib
0x00007fff67667000 	/usr/lib/libodfde.dylib
0x00007fff511cb000 	/System/Library/PrivateFrameworks/MediaKit.framework/Versions/A/MediaKit
0x00007fff29a86000 	/System/Library/Frameworks/DiscRecording.framework/Versions/A/DiscRecording
0x00007fff57837000 	/System/Library/PrivateFrameworks/ProtectedCloudStorage.framework/Versions/A/ProtectedCloudStorage
0x00007fff43eac000 	/System/Library/PrivateFrameworks/EFILogin.framework/Versions/A/EFILogin
0x00007fff66393000 	/usr/lib/libcurl.4.dylib
0x00007fff66217000 	/usr/lib/libcrypto.44.dylib
0x00007fff67afb000 	/usr/lib/libssl.46.dylib
0x00007fff2c2d1000 	/System/Library/Frameworks/LDAP.framework/Versions/A/LDAP
0x00007fff5de66000 	/System/Library/PrivateFrameworks/TrustEvaluationAgent.framework/Versions/A/TrustEvaluationAgent
0x00007fff6782d000 	/usr/lib/libsasl2.2.dylib
0x00007fff40bce000 	/System/Library/PrivateFrameworks/CoreDaemon.framework/Versions/B/CoreDaemon
0x00007fff3c054000 	/System/Library/PrivateFrameworks/AppleSRP.framework/Versions/A/AppleSRP
0x00007fff603ab000 	/System/Library/PrivateFrameworks/ViewBridge.framework/Versions/A/ViewBridge
0x00007fff623a3000 	/System/Library/PrivateFrameworks/login.framework/Versions/A/login
0x0000000125039000 	/System/Library/Frameworks/OpenCL.framework/Versions/A/Libraries/libcldcpuengine.dylib
0x000000012504d000 	/System/Library/Extensions/AppleIntelKBLGraphicsMTLDriver.bundle/Contents/MacOS/AppleIntelKBLGraphicsMTLDriver
0x00007fff4b1cb000 	/System/Library/PrivateFrameworks/GPURawCounter.framework/Versions/A/GPURawCounter
0x00007fff3a1af000 	/System/Library/PrivateFrameworks/AccessibilityBundles.framework/Versions/A/AccessibilityBundles
0x00000001259eb000 	/Library/Java/JavaVirtualMachines/jdk1.8.0_201.jdk/Contents/Home/jre/lib/libfontmanager.dylib
0x0000000125a52000 	/Users/harleyoconnor/.gradle/caches/minecraft/net/minecraft/natives/1.12.2/liblwjgl.dylib
0x0000000124372000 	/Library/Java/JavaVirtualMachines/jdk1.8.0_201.jdk/Contents/Home/jre/lib/libjawt.dylib
0x00000001264c4000 	/System/Library/Frameworks/OpenGL.framework/Versions/A/Resources/GLEngine.bundle/GLEngine
0x00007fff30268000 	/System/Library/Frameworks/OpenGL.framework/Versions/A/Libraries/libGLProgrammability.dylib
0x0000000126684000 	/System/Library/Extensions/AppleIntelKBLGraphicsGLDriver.bundle/Contents/MacOS/AppleIntelKBLGraphicsGLDriver
0x00007fff4b1cf000 	/System/Library/PrivateFrameworks/GPUSupport.framework/Versions/A/Libraries/libGPUSupportMercury.dylib
0x0000000124c36000 	/System/Library/Frameworks/OpenGL.framework/Versions/A/Resources/GLRendererFloat.bundle/GLRendererFloat

VM Arguments:
jvm_args: -Dfile.encoding=UTF-8 -Duser.country=GB -Duser.language=en -Duser.variant 
java_command: GradleStart
java_class_path (initial): /Users/harleyoconnor/Library/Mobile Documents/com~apple~CloudDocs/Programming/Minecraft/Mods/DynamicTrees-ExC/.PLANNED/DynamicTrees-NaturesAura/libs/NaturesAura-18.1.jar:/Users/harleyoconnor/Library/Mobile Documents/com~apple~CloudDocs/Programming/Minecraft/Mods/DynamicTrees-ExC/.PLANNED/DynamicTrees-NaturesAura/libs/DynamicTrees-1.12.2-0.9.8.jar:/Users/harleyoconnor/.gradle/caches/minecraft/deobfedDeps/compileDummy.jar:/Users/harleyoconnor/.gradle/caches/minecraft/deobfedDeps/providedDummy.jar:/Users/harleyoconnor/.gradle/caches/minecraft/net/minecraftforge/forge/1.12.2-14.23.5.2838/snapshot/20171003/forgeSrc-1.12.2-14.23.5.2838.jar:/Users/harleyoconnor/.gradle/caches/modules-2/files-2.1/com.mojang/authlib/1.5.25/9834cdf236c22e84b946bba989e2f94ef5897c3c/authlib-1.5.25.jar:/Users/harleyoconnor/.gradle/caches/modules-2/files-2.1/com.google.code.findbugs/jsr305/3.0.1/f7be08ec23c21485b9b5a1cf1654c2ec8c58168d/jsr305-3.0.1.jar:/Users/harleyoconnor/.gradle/caches/modules-2/files-2.1/com.mojang/patchy/1.1/aef610b34a1be37fa851825f12372b78424d8903/patchy-1.1.jar:/Users/harleyoconnor/.gradle/caches/modules-2/files-2.1/oshi-project/oshi-core/1.1/9ddf7b048a8d701be231c0f4f95fd986198fd2d8/oshi-core-1.1.jar:/Users/harleyoconnor/.gradle/caches/modules-2/files-2.1/com.mojang/text2speech/1.10.3/48fd510879dff266c3815947de66e3d4809f8668/text2speech-1.10.3.jar:/Users/harleyoconnor/.gradle/caches/modules-2/files-2.1/ca.weblite/java-objc-bridge/1.0.0/6ef160c3133a78de015830860197602ca1c855d3/java-objc-bridge-1.0.0.jar:/Users/harleyoconnor/.gradle/caches/modules-2/files-2.1/net.java.dev.jna/jna/4.4.0/cb208278274bf12ebdb56c61bd7407e6f774d65a/jna-4.4.0.jar:/Users/harleyoconnor/.gradle/caches/modules-2/files-2.1/net.java.dev.jna/platform/3.4.0/e3f70017be8100d3d6923f50b3d2ee17714e9c13/platform-3.4.0.jar:/Users/harleyoconnor/.gradle/caches/modules-2/files-2.1/com.ibm.icu/icu4j-core-mojang/51.2/63d216a9311cca6be337c1e458e587f99d382b84/icu4j-core-mojang-51.2.jar:/Users
Launcher Type: SUN_STANDARD

Environment Variables:
PATH=/Library/Frameworks/Python.framework/Versions/3.7/bin:/usr/local/bin:/usr/bin:/bin:/usr/sbin:/sbin:/Applications/VMware Fusion.app/Contents/Public:/usr/local/share/dotnet:~/.dotnet/tools:/Library/Apple/usr/bin:/Library/Frameworks/Mono.framework/Versions/Current/Commands
SHELL=/bin/bash

Signal Handlers:
SIGSEGV: [libjvm.dylib+0x5b723d], sa_mask[0]=11111111011111110111111111111111, sa_flags=SA_ONSTACK|SA_RESTART|SA_SIGINFO
SIGBUS: [libjvm.dylib+0x5b723d], sa_mask[0]=11111111011111110111111111111111, sa_flags=SA_RESTART|SA_SIGINFO
SIGFPE: [libjvm.dylib+0x48c9bc], sa_mask[0]=11111111011111110111111111111111, sa_flags=SA_RESTART|SA_SIGINFO
SIGPIPE: [libjvm.dylib+0x48c9bc], sa_mask[0]=11111111011111110111111111111111, sa_flags=SA_RESTART|SA_SIGINFO
SIGXFSZ: [libjvm.dylib+0x48c9bc], sa_mask[0]=11111111011111110111111111111111, sa_flags=SA_RESTART|SA_SIGINFO
SIGILL: [libjvm.dylib+0x48c9bc], sa_mask[0]=11111111011111110111111111111111, sa_flags=SA_RESTART|SA_SIGINFO
SIGUSR1: SIG_DFL, sa_mask[0]=00000000000000000000000000000000, sa_flags=none
SIGUSR2: [libjvm.dylib+0x48c4da], sa_mask[0]=00100000000000000000000000000000, sa_flags=SA_RESTART|SA_SIGINFO
SIGHUP: [libjvm.dylib+0x48aa65], sa_mask[0]=11111111011111110111111111111111, sa_flags=SA_RESTART|SA_SIGINFO
SIGINT: [libjvm.dylib+0x48aa65], sa_mask[0]=11111111011111110111111111111111, sa_flags=SA_RESTART|SA_SIGINFO
SIGTERM: [libjvm.dylib+0x48aa65], sa_mask[0]=11111111011111110111111111111111, sa_flags=SA_RESTART|SA_SIGINFO
SIGQUIT: [libjvm.dylib+0x48aa65], sa_mask[0]=11111111011111110111111111111111, sa_flags=SA_RESTART|SA_SIGINFO


---------------  S Y S T E M  ---------------

OS:Bsduname:Darwin 20.0.0 Darwin Kernel Version 20.0.0: Thu Jul 30 22:49:28 PDT 2020; root:xnu-7195.0.0.141.5~1/RELEASE_X86_64 x86_64
rlimit: STACK 8192k, CORE 0k, NPROC 1392, NOFILE 10240, AS infinity
load average:7.29 6.47 8.33

CPU:total 6 (initial active 6) (6 cores per cpu, 1 threads per core) family 6 model 158 stepping 10, cmov, cx8, fxsr, mmx, sse, sse2, sse3, ssse3, sse4.1, sse4.2, popcnt, avx, avx2, aes, clmul, erms, rtm, 3dnowpref, lzcnt, tsc, tscinvbit, bmi1, bmi2, adx

Memory: 4k page, physical 8388608k(34468k free)

/proc/meminfo:


vm_info: Java HotSpot(TM) 64-Bit Server VM (25.201-b09) for bsd-amd64 JRE (1.8.0_201-b09), built on Dec 15 2018 18:35:23 by "java_re" with gcc 4.2.1 (Based on Apple Inc. build 5658) (LLVM build 2336.11.00)

time: Sun Aug 16 13:04:50 2020
timezone: BST
elapsed time: 9 seconds (0d 0h 0m 9s)

