#
# A fatal error has been detected by the Java Runtime Environment:
#
#  SIGSEGV (0xb) at pc=0x00007fff67635e5f, pid=21663, tid=0x0000000000000e03
#
# JRE version: Java(TM) SE Runtime Environment (8.0_201-b09) (build 1.8.0_201-b09)
# Java VM: Java HotSpot(TM) 64-Bit Server VM (25.201-b09 mixed mode bsd-amd64 compressed oops)
# Problematic frame:
# C  [libobjc.A.dylib+0x7e5f]  objc_release+0x1f
#
# Failed to write core dump. Core dumps have been disabled. To enable core dumping, try "ulimit -c unlimited" before starting Java again
#
# If you would like to submit a bug report, please visit:
#   http://bugreport.java.com/bugreport/crash.jsp
# The crash happened outside the Java Virtual Machine in native code.
# See problematic frame for where to report the bug.
#

---------------  T H R E A D  ---------------

Current thread (0x00007fc96d809000):  JavaThread "Client thread" [_thread_in_native, id=3587, stack(0x00007000001f9000,0x00007000002f9000)]

siginfo: si_signo: 11 (SIGSEGV), si_code: 1 (SEGV_MAPERR), si_addr: 0x0000000000000020

Registers:
RAX=0x8000000000000000, RBX=0x0000000000000001, RCX=0x0000000000000000, RDX=0x0000000000000006
RSP=0x00007000002f6f38, RBP=0x00007000002f6f70, RSI=0x00007fc96c8d6280, RDI=0x00007fc96c9bb9c0
R8 =0x00007fc970d57a70, R9 =0x000000000000000f, R10=0x000000012d233c68, R11=0x00007fff243a4392
R12=0x00007fc96c9bb9c0, R13=0xa3a3a3a3a3a3a3a3, R14=0x00007fc96e01a080, R15=0x00007fc96e01a000
RIP=0x00007fff67635e5f, EFLAGS=0x0000000000010246, ERR=0x0000000000000004
  TRAPNO=0x000000000000000e

Top of Stack: (sp=0x00007000002f6f38)
0x00007000002f6f38:   00007fff67653411 0000000000000000
0x00007000002f6f48:   00007fc96e01a000 0000000000000000
0x00007000002f6f58:   000000012db18a18 00007fff7852b362
0x00007000002f6f68:   00007fc96d809000 00007000002f6f90
0x00007000002f6f78:   00007fff676366b2 0000000000000000
0x00007000002f6f88:   00007fc96e01a080 00007000002f6fb0
0x00007000002f6f98:   00007fff27509898 0000000000000000
0x00007000002f6fa8:   00007fc96b6ca7d0 00007000002f6ff0
0x00007000002f6fb8:   00007fff29eda31d 00007000002f6ff0
0x00007000002f6fc8:   000000012d20be0f 000000012db18a20
0x00007000002f6fd8:   c3b2bf8f15050022 000000012db18a20
0x00007000002f6fe8:   00007000002f7078 00007000002f7050
0x00007000002f6ff8:   000000011c15e667 00000007a3f90d20
0x00007000002f7008:   000000011c15e382 00007000002f7010
0x00007000002f7018:   000000012db18a18 00007000002f7078
0x00007000002f7028:   000000012db18f80 0000000000000000
0x00007000002f7038:   000000012db18a20 0000000000000000
0x00007000002f7048:   00007000002f7070 00007000002f70c0
0x00007000002f7058:   000000011c14e2bd 00000007a4068468
0x00007000002f7068:   000000011c157d18 00000007a407ab58
0x00007000002f7078:   00000007a3f90d20 00007000002f7080
0x00007000002f7088:   000000012db1891f 00007000002f70f0
0x00007000002f7098:   000000012db18f80 0000000000000000
0x00007000002f70a8:   000000012db18990 00007000002f7070
0x00007000002f70b8:   00007000002f70e0 00007000002f7148
0x00007000002f70c8:   000000011c14e302 0000000000000000
0x00007000002f70d8:   00000007a3f90d20 00000007a407ab58
0x00007000002f70e8:   00000007a3f90c68 00000007a40684f8
0x00007000002f70f8:   000000011c159ca7 00000007a4068508
0x00007000002f7108:   00007000002f70f8 000000012db0624e
0x00007000002f7118:   00007000002f7158 000000012db070e8
0x00007000002f7128:   0000000000000000 000000012db06280 

Instructions: (pc=0x00007fff67635e5f)
0x00007fff67635e3f:   90 48 85 ff 74 76 89 f8 83 e0 01 48 85 c0 75 6c
0x00007fff67635e4f:   48 8b 07 48 b9 f8 ff ff ff ff 7f 00 00 48 21 c1
0x00007fff67635e5f:   48 8b 51 20 f6 c2 04 74 54 a8 01 74 6f 48 b9 00
0x00007fff67635e6f:   00 00 00 00 00 80 00 48 ba 00 00 00 00 00 00 00 

Register to memory mapping:

RAX=0x8000000000000000 is an unknown value
RBX=0x0000000000000001 is an unknown value
RCX=0x0000000000000000 is an unknown value
RDX=0x0000000000000006 is an unknown value
RSP=0x00007000002f6f38 is pointing into the stack for thread: 0x00007fc96d809000
RBP=0x00007000002f6f70 is pointing into the stack for thread: 0x00007fc96d809000
RSI=0x00007fc96c8d6280 is an unknown value
RDI=0x00007fc96c9bb9c0 is an unknown value
R8 =0x00007fc970d57a70 is an unknown value
R9 =0x000000000000000f is an unknown value
R10=0x000000012d233c68: OBJC_CLASS_$_MacOSXOpenGLView+0 in /Users/harleyoconnor/.gradle/caches/minecraft/net/minecraft/natives/1.12.2/liblwjgl.dylib at 0x000000012d1f6000
R11=0x00007fff243a4392: -[NSResponder release]+0 in /System/Library/Frameworks/AppKit.framework/Versions/C/AppKit at 0x00007fff24399000
R12=0x00007fc96c9bb9c0 is an unknown value
R13=0xa3a3a3a3a3a3a3a3 is an unknown value
R14=0x00007fc96e01a080 is an unknown value
R15=0x00007fc96e01a000 is an unknown value


Stack: [0x00007000001f9000,0x00007000002f9000],  sp=0x00007000002f6f38,  free space=1015k
Native frames: (J=compiled Java code, j=interpreted, Vv=VM code, C=native code)
C  [libobjc.A.dylib+0x7e5f]  objc_release+0x1f
C  [libobjc.A.dylib+0x86b2]  objc_autoreleasePoolPop+0xa1
C  [CoreFoundation+0x41898]  _CFAutoreleasePoolPop+0x16
C  [Foundation+0x1e31d]  -[NSAutoreleasePool release]+0x81
j  org.lwjgl.opengl.MacOSXContextImplementation.setView(Ljava/nio/ByteBuffer;Ljava/nio/ByteBuffer;)V+0
j  org.lwjgl.opengl.MacOSXContextImplementation.makeCurrent(Lorg/lwjgl/opengl/PeerInfo;Ljava/nio/ByteBuffer;)V+7
j  org.lwjgl.opengl.ContextGL.makeCurrent()V+46
j  org.lwjgl.opengl.DrawableGL.makeCurrent()V+14
j  org.lwjgl.opengl.Display.makeCurrent()V+3
j  org.lwjgl.opengl.Display.makeCurrentAndSetSwapInterval()V+0
j  org.lwjgl.opengl.Display.create(Lorg/lwjgl/opengl/PixelFormat;Lorg/lwjgl/opengl/Drawable;Lorg/lwjgl/opengl/ContextAttribs;)V+108
j  org.lwjgl.opengl.Display.create(Lorg/lwjgl/opengl/PixelFormat;)V+12
j  net.minecraft.client.Minecraft.createDisplay()V+22
j  net.minecraft.client.Minecraft.init()V+115
j  net.minecraft.client.Minecraft.run()V+6
j  net.minecraft.client.main.Main.main([Ljava/lang/String;)V+1094
v  ~StubRoutines::call_stub
V  [libjvm.dylib+0x2f0bea]  JavaCalls::call_helper(JavaValue*, methodHandle*, JavaCallArguments*, Thread*)+0x6ae
V  [libjvm.dylib+0x4d7830]  Reflection::invoke(instanceKlassHandle, methodHandle, Handle, bool, objArrayHandle, BasicType, objArrayHandle, bool, Thread*)+0xe12
V  [libjvm.dylib+0x4d7d64]  Reflection::invoke_method(oopDesc*, Handle, objArrayHandle, Thread*)+0x16c
V  [libjvm.dylib+0x349138]  JVM_InvokeMethod+0x166
j  sun.reflect.NativeMethodAccessorImpl.invoke0(Ljava/lang/reflect/Method;Ljava/lang/Object;[Ljava/lang/Object;)Ljava/lang/Object;+0
j  sun.reflect.NativeMethodAccessorImpl.invoke(Ljava/lang/Object;[Ljava/lang/Object;)Ljava/lang/Object;+100
J 1514 C1 sun.reflect.DelegatingMethodAccessorImpl.invoke(Ljava/lang/Object;[Ljava/lang/Object;)Ljava/lang/Object; (10 bytes) @ 0x000000011c645a0c [0x000000011c645900+0x10c]
J 1513 C1 java.lang.reflect.Method.invoke(Ljava/lang/Object;[Ljava/lang/Object;)Ljava/lang/Object; (62 bytes) @ 0x000000011c6461dc [0x000000011c645de0+0x3fc]
j  net.minecraft.launchwrapper.Launch.launch([Ljava/lang/String;)V+661
j  net.minecraft.launchwrapper.Launch.main([Ljava/lang/String;)V+8
v  ~StubRoutines::call_stub
V  [libjvm.dylib+0x2f0bea]  JavaCalls::call_helper(JavaValue*, methodHandle*, JavaCallArguments*, Thread*)+0x6ae
V  [libjvm.dylib+0x4d7830]  Reflection::invoke(instanceKlassHandle, methodHandle, Handle, bool, objArrayHandle, BasicType, objArrayHandle, bool, Thread*)+0xe12
V  [libjvm.dylib+0x4d7d64]  Reflection::invoke_method(oopDesc*, Handle, objArrayHandle, Thread*)+0x16c
V  [libjvm.dylib+0x349138]  JVM_InvokeMethod+0x166
j  sun.reflect.NativeMethodAccessorImpl.invoke0(Ljava/lang/reflect/Method;Ljava/lang/Object;[Ljava/lang/Object;)Ljava/lang/Object;+0
j  sun.reflect.NativeMethodAccessorImpl.invoke(Ljava/lang/Object;[Ljava/lang/Object;)Ljava/lang/Object;+100
j  sun.reflect.DelegatingMethodAccessorImpl.invoke(Ljava/lang/Object;[Ljava/lang/Object;)Ljava/lang/Object;+6
j  java.lang.reflect.Method.invoke(Ljava/lang/Object;[Ljava/lang/Object;)Ljava/lang/Object;+56
j  net.minecraftforge.gradle.GradleStartCommon.launch([Ljava/lang/String;)V+169
j  GradleStart.main([Ljava/lang/String;)V+11
v  ~StubRoutines::call_stub
V  [libjvm.dylib+0x2f0bea]  JavaCalls::call_helper(JavaValue*, methodHandle*, JavaCallArguments*, Thread*)+0x6ae
V  [libjvm.dylib+0x327b91]  jni_invoke_static(JNIEnv_*, JavaValue*, _jobject*, JNICallType, _jmethodID*, JNI_ArgumentPusher*, Thread*)+0x1bf
V  [libjvm.dylib+0x32091d]  jni_CallStaticVoidMethod+0x15d
C  [java+0x38c6]  JavaMain+0x9c4
C  [libsystem_pthread.dylib+0x69b4]  _pthread_start+0xe0
C  [libsystem_pthread.dylib+0x24d7]  thread_start+0xf
C  0x0000000000000000

Java frames: (J=compiled Java code, j=interpreted, Vv=VM code)
j  org.lwjgl.opengl.MacOSXContextImplementation.setView(Ljava/nio/ByteBuffer;Ljava/nio/ByteBuffer;)V+0
j  org.lwjgl.opengl.MacOSXContextImplementation.makeCurrent(Lorg/lwjgl/opengl/PeerInfo;Ljava/nio/ByteBuffer;)V+7
j  org.lwjgl.opengl.ContextGL.makeCurrent()V+46
j  org.lwjgl.opengl.DrawableGL.makeCurrent()V+14
j  org.lwjgl.opengl.Display.makeCurrent()V+3
j  org.lwjgl.opengl.Display.makeCurrentAndSetSwapInterval()V+0
j  org.lwjgl.opengl.Display.create(Lorg/lwjgl/opengl/PixelFormat;Lorg/lwjgl/opengl/Drawable;Lorg/lwjgl/opengl/ContextAttribs;)V+108
j  org.lwjgl.opengl.Display.create(Lorg/lwjgl/opengl/PixelFormat;)V+12
j  net.minecraft.client.Minecraft.createDisplay()V+22
j  net.minecraft.client.Minecraft.init()V+115
j  net.minecraft.client.Minecraft.run()V+6
j  net.minecraft.client.main.Main.main([Ljava/lang/String;)V+1094
v  ~StubRoutines::call_stub
j  sun.reflect.NativeMethodAccessorImpl.invoke0(Ljava/lang/reflect/Method;Ljava/lang/Object;[Ljava/lang/Object;)Ljava/lang/Object;+0
j  sun.reflect.NativeMethodAccessorImpl.invoke(Ljava/lang/Object;[Ljava/lang/Object;)Ljava/lang/Object;+100
J 1514 C1 sun.reflect.DelegatingMethodAccessorImpl.invoke(Ljava/lang/Object;[Ljava/lang/Object;)Ljava/lang/Object; (10 bytes) @ 0x000000011c645a0c [0x000000011c645900+0x10c]
J 1513 C1 java.lang.reflect.Method.invoke(Ljava/lang/Object;[Ljava/lang/Object;)Ljava/lang/Object; (62 bytes) @ 0x000000011c6461dc [0x000000011c645de0+0x3fc]
j  net.minecraft.launchwrapper.Launch.launch([Ljava/lang/String;)V+661
j  net.minecraft.launchwrapper.Launch.main([Ljava/lang/String;)V+8
v  ~StubRoutines::call_stub
j  sun.reflect.NativeMethodAccessorImpl.invoke0(Ljava/lang/reflect/Method;Ljava/lang/Object;[Ljava/lang/Object;)Ljava/lang/Object;+0
j  sun.reflect.NativeMethodAccessorImpl.invoke(Ljava/lang/Object;[Ljava/lang/Object;)Ljava/lang/Object;+100
j  sun.reflect.DelegatingMethodAccessorImpl.invoke(Ljava/lang/Object;[Ljava/lang/Object;)Ljava/lang/Object;+6
j  java.lang.reflect.Method.invoke(Ljava/lang/Object;[Ljava/lang/Object;)Ljava/lang/Object;+56
j  net.minecraftforge.gradle.GradleStartCommon.launch([Ljava/lang/String;)V+169
j  GradleStart.main([Ljava/lang/String;)V+11
v  ~StubRoutines::call_stub

---------------  P R O C E S S  ---------------

Java Threads: ( => current thread )
  0x00007fc972c97000 JavaThread "AWT-Shutdown" [_thread_blocked, id=80139, stack(0x00007000016e9000,0x00007000017e9000)]
  0x00007fc96c46c000 JavaThread "Timer hack thread" daemon [_thread_blocked, id=37919, stack(0x000070000135a000,0x000070000145a000)]
  0x00007fc970181800 JavaThread "Snooper Timer" daemon [_thread_blocked, id=46859, stack(0x00007000015e6000,0x00007000016e6000)]
  0x00007fc96c3d3800 JavaThread "AppKit Thread" daemon [_thread_in_native, id=775, stack(0x00007ffee1075000,0x00007ffee1875000)]
  0x00007fc96c202800 JavaThread "process reaper" daemon [_thread_blocked, id=15627, stack(0x000070000132f000,0x0000700001357000)]
  0x00007fc97002c000 JavaThread "Service Thread" daemon [_thread_blocked, id=17155, stack(0x0000700001129000,0x0000700001229000)]
  0x00007fc96d00c800 JavaThread "C1 CompilerThread2" daemon [_thread_blocked, id=17411, stack(0x0000700001026000,0x0000700001126000)]
  0x00007fc970019800 JavaThread "C2 CompilerThread1" daemon [_thread_in_native, id=17923, stack(0x0000700000f23000,0x0000700001023000)]
  0x00007fc970017800 JavaThread "C2 CompilerThread0" daemon [_thread_in_native, id=14083, stack(0x0000700000e20000,0x0000700000f20000)]
  0x00007fc96d857000 JavaThread "Signal Dispatcher" daemon [_thread_blocked, id=13827, stack(0x0000700000d1d000,0x0000700000e1d000)]
  0x00007fc96d009000 JavaThread "Finalizer" daemon [_thread_blocked, id=19971, stack(0x0000700000b14000,0x0000700000c14000)]
  0x00007fc96e015000 JavaThread "Reference Handler" daemon [_thread_blocked, id=20483, stack(0x0000700000a11000,0x0000700000b11000)]
=>0x00007fc96d809000 JavaThread "Client thread" [_thread_in_native, id=3587, stack(0x00007000001f9000,0x00007000002f9000)]

Other Threads:
  0x00007fc96d84f000 VMThread [stack: 0x000070000090e000,0x0000700000a0e000] [id=11523]
  0x00007fc970009000 WatcherThread [stack: 0x000070000122c000,0x000070000132c000] [id=15107]

VM state:not at safepoint (normal execution)

VM Mutex/Monitor currently owned by a thread: None

heap address: 0x0000000740000000, size: 2048 MB, Compressed Oops mode: Zero based, Oop shift amount: 3
Narrow klass base: 0x0000000000000000, Narrow klass shift: 3
Compressed class space size: 1073741824 Address: 0x00000007c0000000

Heap:
 PSYoungGen      total 313856K, used 270571K [0x0000000795580000, 0x00000007ad400000, 0x00000007c0000000)
  eden space 290816K, 85% used [0x0000000795580000,0x00000007a47a2af0,0x00000007a7180000)
  from space 23040K, 98% used [0x00000007abd80000,0x00000007ad3983d8,0x00000007ad400000)
  to   space 29184K, 0% used [0x00000007a9b00000,0x00000007a9b00000,0x00000007ab780000)
 ParOldGen       total 117760K, used 47350K [0x0000000740000000, 0x0000000747300000, 0x0000000795580000)
  object space 117760K, 40% used [0x0000000740000000,0x0000000742e3dbf8,0x0000000747300000)
 Metaspace       used 33571K, capacity 34022K, committed 34264K, reserved 1079296K
  class space    used 4616K, capacity 4761K, committed 4864K, reserved 1048576K

Card table byte_map: [0x0000000112b79000,0x0000000112f7a000] byte_map_base: 0x000000010f179000

Marking Bits: (ParMarkBitMap*) 0x00000001120fbe40
 Begin Bits: [0x0000000112f7a000, 0x0000000114f7a000)
 End Bits:   [0x0000000114f7a000, 0x0000000116f7a000)

Polling page: 0x000000010e404000

CodeCache: size=245760Kb used=11616Kb max_used=12237Kb free=234143Kb
 bounds [0x000000011c146000, 0x000000011cd46000, 0x000000012b146000]
 total_blobs=3828 nmethods=3285 adapters=455
 compilation: enabled

Compilation events (10 events):
Event: 5.472 Thread 0x00007fc970019800 nmethod 2981 0x000000011cd26310 code [0x000000011cd26c40, 0x000000011cd31370]
Event: 5.472 Thread 0x00007fc970019800 3541       4       java.util.HashMap::getNode (148 bytes)
Event: 5.475 Thread 0x00007fc970019800 nmethod 3541 0x000000011cd0e3d0 code [0x000000011cd0e540, 0x000000011cd0e7a8]
Event: 5.475 Thread 0x00007fc970019800 3366   !   4       java.io.BufferedReader::readLine (304 bytes)
Event: 5.476 Thread 0x00007fc96d00c800 3557       2       java.lang.reflect.Modifier::isFinal (13 bytes)
Event: 5.476 Thread 0x00007fc96d00c800 nmethod 3557 0x000000011cd0e0d0 code [0x000000011cd0e220, 0x000000011cd0e370]
Event: 5.476 Thread 0x00007fc96d00c800 3558       2       sun.reflect.ReflectionFactory::checkInitted (19 bytes)
Event: 5.476 Thread 0x00007fc96d00c800 nmethod 3558 0x000000011cd0dd10 code [0x000000011cd0de80, 0x000000011cd0e048]
Event: 5.477 Thread 0x00007fc96d00c800 3559       2       java.lang.reflect.Field::setFieldAccessor (34 bytes)
Event: 5.477 Thread 0x00007fc96d00c800 nmethod 3559 0x000000011cd0d850 code [0x000000011cd0d9c0, 0x000000011cd0dc08]

GC Heap History (10 events):
Event: 2.619 GC heap before
{Heap before GC invocations=8 (full 1):
 PSYoungGen      total 113664K, used 113644K [0x0000000795580000, 0x00000007a1180000, 0x00000007c0000000)
  eden space 108544K, 100% used [0x0000000795580000,0x000000079bf80000,0x000000079bf80000)
  from space 5120K, 99% used [0x000000079dc80000,0x000000079e17b368,0x000000079e180000)
  to   space 29696K, 0% used [0x000000079bf80000,0x000000079bf80000,0x000000079dc80000)
 ParOldGen       total 87552K, used 60016K [0x0000000740000000, 0x0000000745580000, 0x0000000795580000)
  object space 87552K, 68% used [0x0000000740000000,0x0000000743a9c068,0x0000000745580000)
 Metaspace       used 20901K, capacity 21292K, committed 21376K, reserved 1069056K
  class space    used 2583K, capacity 2671K, committed 2688K, reserved 1048576K
Event: 2.626 GC heap after
Heap after GC invocations=8 (full 1):
 PSYoungGen      total 138240K, used 8438K [0x0000000795580000, 0x00000007a6180000, 0x00000007c0000000)
  eden space 108544K, 0% used [0x0000000795580000,0x0000000795580000,0x000000079bf80000)
  from space 29696K, 28% used [0x000000079bf80000,0x000000079c7bdb88,0x000000079dc80000)
  to   space 28672K, 0% used [0x00000007a4580000,0x00000007a4580000,0x00000007a6180000)
 ParOldGen       total 87552K, used 60024K [0x0000000740000000, 0x0000000745580000, 0x0000000795580000)
  object space 87552K, 68% used [0x0000000740000000,0x0000000743a9e068,0x0000000745580000)
 Metaspace       used 20901K, capacity 21292K, committed 21376K, reserved 1069056K
  class space    used 2583K, capacity 2671K, committed 2688K, reserved 1048576K
}
Event: 2.897 GC heap before
{Heap before GC invocations=9 (full 1):
 PSYoungGen      total 138240K, used 30649K [0x0000000795580000, 0x00000007a6180000, 0x00000007c0000000)
  eden space 108544K, 20% used [0x0000000795580000,0x0000000796b30ba0,0x000000079bf80000)
  from space 29696K, 28% used [0x000000079bf80000,0x000000079c7bdb88,0x000000079dc80000)
  to   space 28672K, 0% used [0x00000007a4580000,0x00000007a4580000,0x00000007a6180000)
 ParOldGen       total 87552K, used 60024K [0x0000000740000000, 0x0000000745580000, 0x0000000795580000)
  object space 87552K, 68% used [0x0000000740000000,0x0000000743a9e068,0x0000000745580000)
 Metaspace       used 21542K, capacity 21844K, committed 21976K, reserved 1069056K
  class space    used 2664K, capacity 2769K, committed 2816K, reserved 1048576K
Event: 2.913 GC heap after
Heap after GC invocations=9 (full 1):
 PSYoungGen      total 245760K, used 16882K [0x0000000795580000, 0x00000007a6180000, 0x00000007c0000000)
  eden space 217088K, 0% used [0x0000000795580000,0x0000000795580000,0x00000007a2980000)
  from space 28672K, 58% used [0x00000007a4580000,0x00000007a55fcb98,0x00000007a6180000)
  to   space 28672K, 0% used [0x00000007a2980000,0x00000007a2980000,0x00000007a4580000)
 ParOldGen       total 87552K, used 61071K [0x0000000740000000, 0x0000000745580000, 0x0000000795580000)
  object space 87552K, 69% used [0x0000000740000000,0x0000000743ba3f50,0x0000000745580000)
 Metaspace       used 21542K, capacity 21844K, committed 21976K, reserved 1069056K
  class space    used 2664K, capacity 2769K, committed 2816K, reserved 1048576K
}
Event: 2.913 GC heap before
{Heap before GC invocations=10 (full 2):
 PSYoungGen      total 245760K, used 16882K [0x0000000795580000, 0x00000007a6180000, 0x00000007c0000000)
  eden space 217088K, 0% used [0x0000000795580000,0x0000000795580000,0x00000007a2980000)
  from space 28672K, 58% used [0x00000007a4580000,0x00000007a55fcb98,0x00000007a6180000)
  to   space 28672K, 0% used [0x00000007a2980000,0x00000007a2980000,0x00000007a4580000)
 ParOldGen       total 87552K, used 61071K [0x0000000740000000, 0x0000000745580000, 0x0000000795580000)
  object space 87552K, 69% used [0x0000000740000000,0x0000000743ba3f50,0x0000000745580000)
 Metaspace       used 21542K, capacity 21844K, committed 21976K, reserved 1069056K
  class space    used 2664K, capacity 2769K, committed 2816K, reserved 1048576K
Event: 2.971 GC heap after
Heap after GC invocations=10 (full 2):
 PSYoungGen      total 245760K, used 0K [0x0000000795580000, 0x00000007a6180000, 0x00000007c0000000)
  eden space 217088K, 0% used [0x0000000795580000,0x0000000795580000,0x00000007a2980000)
  from space 28672K, 0% used [0x00000007a4580000,0x00000007a4580000,0x00000007a6180000)
  to   space 28672K, 0% used [0x00000007a2980000,0x00000007a2980000,0x00000007a4580000)
 ParOldGen       total 117760K, used 47334K [0x0000000740000000, 0x0000000747300000, 0x0000000795580000)
  object space 117760K, 40% used [0x0000000740000000,0x0000000742e39bf8,0x0000000747300000)
 Metaspace       used 21542K, capacity 21844K, committed 21976K, reserved 1069056K
  class space    used 2664K, capacity 2769K, committed 2816K, reserved 1048576K
}
Event: 3.942 GC heap before
{Heap before GC invocations=11 (full 2):
 PSYoungGen      total 245760K, used 217088K [0x0000000795580000, 0x00000007a6180000, 0x00000007c0000000)
  eden space 217088K, 100% used [0x0000000795580000,0x00000007a2980000,0x00000007a2980000)
  from space 28672K, 0% used [0x00000007a4580000,0x00000007a4580000,0x00000007a6180000)
  to   space 28672K, 0% used [0x00000007a2980000,0x00000007a2980000,0x00000007a4580000)
 ParOldGen       total 117760K, used 47334K [0x0000000740000000, 0x0000000747300000, 0x0000000795580000)
  object space 117760K, 40% used [0x0000000740000000,0x0000000742e39bf8,0x0000000747300000)
 Metaspace       used 25712K, capacity 26032K, committed 26456K, reserved 1073152K
  class space    used 3238K, capacity 3353K, committed 3456K, reserved 1048576K
Event: 3.960 GC heap after
Heap after GC invocations=11 (full 2):
 PSYoungGen      total 245760K, used 12941K [0x0000000795580000, 0x00000007ad800000, 0x00000007c0000000)
  eden space 217088K, 0% used [0x0000000795580000,0x0000000795580000,0x00000007a2980000)
  from space 28672K, 45% used [0x00000007a2980000,0x00000007a36236a8,0x00000007a4580000)
  to   space 27136K, 0% used [0x00000007abd80000,0x00000007abd80000,0x00000007ad800000)
 ParOldGen       total 117760K, used 47342K [0x0000000740000000, 0x0000000747300000, 0x0000000795580000)
  object space 117760K, 40% used [0x0000000740000000,0x0000000742e3bbf8,0x0000000747300000)
 Metaspace       used 25712K, capacity 26032K, committed 26456K, reserved 1073152K
  class space    used 3238K, capacity 3353K, committed 3456K, reserved 1048576K
}
Event: 4.685 GC heap before
{Heap before GC invocations=12 (full 2):
 PSYoungGen      total 245760K, used 230029K [0x0000000795580000, 0x00000007ad800000, 0x00000007c0000000)
  eden space 217088K, 100% used [0x0000000795580000,0x00000007a2980000,0x00000007a2980000)
  from space 28672K, 45% used [0x00000007a2980000,0x00000007a36236a8,0x00000007a4580000)
  to   space 27136K, 0% used [0x00000007abd80000,0x00000007abd80000,0x00000007ad800000)
 ParOldGen       total 117760K, used 47342K [0x0000000740000000, 0x0000000747300000, 0x0000000795580000)
  object space 117760K, 40% used [0x0000000740000000,0x0000000742e3bbf8,0x0000000747300000)
 Metaspace       used 28278K, capacity 28592K, committed 29016K, reserved 1075200K
  class space    used 3784K, capacity 3865K, committed 3968K, reserved 1048576K
Event: 4.710 GC heap after
Heap after GC invocations=12 (full 2):
 PSYoungGen      total 313856K, used 22624K [0x0000000795580000, 0x00000007ad400000, 0x00000007c0000000)
  eden space 290816K, 0% used [0x0000000795580000,0x0000000795580000,0x00000007a7180000)
  from space 23040K, 98% used [0x00000007abd80000,0x00000007ad3983d8,0x00000007ad400000)
  to   space 29184K, 0% used [0x00000007a9b00000,0x00000007a9b00000,0x00000007ab780000)
 ParOldGen       total 117760K, used 47350K [0x0000000740000000, 0x0000000747300000, 0x0000000795580000)
  object space 117760K, 40% used [0x0000000740000000,0x0000000742e3dbf8,0x0000000747300000)
 Metaspace       used 28278K, capacity 28592K, committed 29016K, reserved 1075200K
  class space    used 3784K, capacity 3865K, committed 3968K, reserved 1048576K
}

Deoptimization events (10 events):
Event: 4.977 Thread 0x00007fc96d809000 Uncommon trap: reason=unstable_if action=reinterpret pc=0x000000011c974318 method=org.objectweb.asm.Type.getArgumentsAndReturnSizes(Ljava/lang/String;)I @ 100
Event: 5.112 Thread 0x00007fc96d809000 Uncommon trap: reason=bimorphic action=maybe_recompile pc=0x000000011c3d42d0 method=java.util.zip.InflaterInputStream.read([BII)I @ 100
Event: 5.114 Thread 0x00007fc96d809000 Uncommon trap: reason=bimorphic action=maybe_recompile pc=0x000000011c3d42d0 method=java.util.zip.InflaterInputStream.read([BII)I @ 100
Event: 5.115 Thread 0x00007fc96d809000 Uncommon trap: reason=bimorphic action=maybe_recompile pc=0x000000011c3d42d0 method=java.util.zip.InflaterInputStream.read([BII)I @ 100
Event: 5.115 Thread 0x00007fc96d809000 Uncommon trap: reason=bimorphic action=maybe_recompile pc=0x000000011c3d42d0 method=java.util.zip.InflaterInputStream.read([BII)I @ 100
Event: 5.218 Thread 0x00007fc96d809000 Uncommon trap: reason=unstable_if action=reinterpret pc=0x000000011cbeb2bc method=net.minecraftforge.fml.common.asm.transformers.TerminalTransformer$ExitVisitor$1.visitMethodInsn(ILjava/lang/String;Ljava/lang/String;Ljava/lang/String;Z)V @ 22
Event: 5.406 Thread 0x00007fc96d809000 Uncommon trap: reason=class_check action=maybe_recompile pc=0x000000011c8ff964 method=com.google.common.base.Splitter$SplittingIterator.computeNext()Ljava/lang/String; @ 232
Event: 5.406 Thread 0x00007fc96d809000 Uncommon trap: reason=class_check action=maybe_recompile pc=0x000000011c8ff964 method=com.google.common.base.Splitter$SplittingIterator.computeNext()Ljava/lang/String; @ 232
Event: 5.406 Thread 0x00007fc96d809000 Uncommon trap: reason=class_check action=maybe_recompile pc=0x000000011c8ff964 method=com.google.common.base.Splitter$SplittingIterator.computeNext()Ljava/lang/String; @ 232
Event: 5.406 Thread 0x00007fc96d809000 Uncommon trap: reason=class_check action=maybe_recompile pc=0x000000011c8ff964 method=com.google.common.base.Splitter$SplittingIterator.computeNext()Ljava/lang/String; @ 232

Classes redefined (0 events):
No events

Internal exceptions (10 events):
Event: 3.152 Thread 0x00007fc96d809000 Implicit null exception at 0x000000011c561fb4 to 0x000000011c563246
Event: 3.152 Thread 0x00007fc96d809000 Exception <a 'java/lang/NullPointerException'> (0x000000079726b838) thrown at [/Users/java_re/workspace/8-2-build-macosx-x86_64/jdk8u201/12322/hotspot/src/share/vm/runtime/sharedRuntime.cpp, line 605]
Event: 3.152 Thread 0x00007fc96d809000 Implicit null exception at 0x000000011c561fb4 to 0x000000011c563246
Event: 3.152 Thread 0x00007fc96d809000 Exception <a 'java/lang/NullPointerException'> (0x0000000797273f68) thrown at [/Users/java_re/workspace/8-2-build-macosx-x86_64/jdk8u201/12322/hotspot/src/share/vm/runtime/sharedRuntime.cpp, line 605]
Event: 3.153 Thread 0x00007fc96d809000 Implicit null exception at 0x000000011c561fb4 to 0x000000011c563246
Event: 3.153 Thread 0x00007fc96d809000 Exception <a 'java/lang/NullPointerException'> (0x000000079727c6f8) thrown at [/Users/java_re/workspace/8-2-build-macosx-x86_64/jdk8u201/12322/hotspot/src/share/vm/runtime/sharedRuntime.cpp, line 605]
Event: 3.153 Thread 0x00007fc96d809000 Implicit null exception at 0x000000011c561fb4 to 0x000000011c563246
Event: 3.153 Thread 0x00007fc96d809000 Exception <a 'java/lang/NullPointerException'> (0x0000000797284780) thrown at [/Users/java_re/workspace/8-2-build-macosx-x86_64/jdk8u201/12322/hotspot/src/share/vm/runtime/sharedRuntime.cpp, line 605]
Event: 3.239 Thread 0x00007fc96d809000 Implicit null exception at 0x000000011c426ab5 to 0x000000011c426cc5
Event: 3.239 Thread 0x00007fc96d809000 Implicit null exception at 0x000000011c3f9e6f to 0x000000011c3f9ed9

Events (10 events):
Event: 5.481 loading class org/lwjgl/opengl/ContextGL
Event: 5.481 loading class org/lwjgl/opengl/ContextGL done
Event: 5.481 loading class org/lwjgl/opengl/ContextImplementation
Event: 5.481 loading class org/lwjgl/opengl/ContextImplementation done
Event: 5.482 loading class org/lwjgl/opengl/MacOSXContextImplementation
Event: 5.482 loading class org/lwjgl/opengl/MacOSXContextImplementation done
Event: 5.482 loading class org/lwjgl/opengl/GLContext
Event: 5.482 loading class org/lwjgl/opengl/GLContext done
Event: 5.483 loading class org/lwjgl/opengl/GLContext$CapabilitiesCacheEntry
Event: 5.483 loading class org/lwjgl/opengl/GLContext$CapabilitiesCacheEntry done


Dynamic libraries:
0x00007fff263e0000 	/System/Library/Frameworks/Cocoa.framework/Versions/A/Cocoa
0x00007fff32990000 	/System/Library/Frameworks/Security.framework/Versions/A/Security
0x00007fff25275000 	/System/Library/Frameworks/ApplicationServices.framework/Versions/A/ApplicationServices
0x00007fff67d9c000 	/usr/lib/libz.1.dylib
0x00007fff65535000 	/usr/lib/libSystem.B.dylib
0x00007fff6762e000 	/usr/lib/libobjc.A.dylib
0x00007fff274c8000 	/System/Library/Frameworks/CoreFoundation.framework/Versions/A/CoreFoundation
0x00007fff29ebc000 	/System/Library/Frameworks/Foundation.framework/Versions/C/Foundation
0x00007fff24399000 	/System/Library/Frameworks/AppKit.framework/Versions/C/AppKit
0x00007fff26f87000 	/System/Library/Frameworks/CoreData.framework/Versions/A/CoreData
0x00007fff5deb4000 	/System/Library/PrivateFrameworks/UIFoundation.framework/Versions/A/UIFoundation
0x00007fff5816b000 	/System/Library/PrivateFrameworks/RemoteViewServices.framework/Versions/A/RemoteViewServices
0x00007fff613b9000 	/System/Library/PrivateFrameworks/XCTTargetBootstrap.framework/Versions/A/XCTTargetBootstrap
0x00007fff67841000 	/usr/lib/libspindump.dylib
0x00007fff34042000 	/System/Library/Frameworks/UniformTypeIdentifiers.framework/Versions/A/UniformTypeIdentifiers
0x00007fff6563a000 	/usr/lib/libapp_launch_measurement.dylib
0x00007fff408fe000 	/System/Library/PrivateFrameworks/CoreAutoLayout.framework/Versions/A/CoreAutoLayout
0x00007fff2d4be000 	/System/Library/Frameworks/Metal.framework/Versions/A/Metal
0x00007fff668e9000 	/usr/lib/liblangid.dylib
0x00007fff425c0000 	/System/Library/PrivateFrameworks/CoreSVG.framework/Versions/A/CoreSVG
0x00007fff5b716000 	/System/Library/PrivateFrameworks/SkyLight.framework/Versions/A/SkyLight
0x00007fff279c3000 	/System/Library/Frameworks/CoreGraphics.framework/Versions/A/CoreGraphics
0x00007fff22b34000 	/System/Library/Frameworks/Accelerate.framework/Versions/A/Accelerate
0x00007fff4fa2a000 	/System/Library/PrivateFrameworks/IconServices.framework/Versions/A/IconServices
0x00007fff2a71d000 	/System/Library/Frameworks/IOSurface.framework/Versions/A/IOSurface
0x00007fff650e2000 	/usr/lib/libDiagnosticMessagesClient.dylib
0x00007fff4332e000 	/System/Library/PrivateFrameworks/DFRFoundation.framework/Versions/A/DFRFoundation
0x00007fff6661e000 	/usr/lib/libicucore.A.dylib
0x00007fff2542c000 	/System/Library/Frameworks/AudioToolbox.framework/Versions/A/AudioToolbox
0x00007fff433d6000 	/System/Library/PrivateFrameworks/DataDetectorsCore.framework/Versions/A/DataDetectorsCore
0x00007fff25e67000 	/System/Library/Frameworks/Carbon.framework/Versions/A/Frameworks/HIToolbox.framework/Versions/A/HIToolbox
0x00007fff31bb1000 	/System/Library/Frameworks/QuartzCore.framework/Versions/A/QuartzCore
0x00007fff2619b000 	/System/Library/Frameworks/Carbon.framework/Versions/A/Frameworks/SpeechRecognition.framework/Versions/A/SpeechRecognition
0x00007fff42d60000 	/System/Library/PrivateFrameworks/CoreUI.framework/Versions/A/CoreUI
0x00007fff26809000 	/System/Library/Frameworks/CoreAudio.framework/Versions/A/CoreAudio
0x00007fff29b56000 	/System/Library/Frameworks/DiskArbitration.framework/Versions/A/DiskArbitration
0x00007fff51ff8000 	/System/Library/PrivateFrameworks/MultitouchSupport.framework/Versions/A/MultitouchSupport
0x00007fff664b7000 	/usr/lib/libenergytrace.dylib
0x00007fff2a672000 	/System/Library/Frameworks/IOKit.framework/Versions/A/IOKit
0x00007fff28c42000 	/System/Library/Frameworks/CoreServices.framework/Versions/A/CoreServices
0x00007fff5485a000 	/System/Library/PrivateFrameworks/PerformanceAnalysis.framework/Versions/A/PerformanceAnalysis
0x00007fff30d7a000 	/System/Library/Frameworks/OpenGL.framework/Versions/A/OpenGL
0x00007fff5edce000 	/System/Library/PrivateFrameworks/UserActivity.framework/Versions/A/UserActivity
0x00007fff263f4000 	/System/Library/Frameworks/ColorSync.framework/Versions/A/ColorSync
0x00007fff28097000 	/System/Library/Frameworks/CoreImage.framework/Versions/A/CoreImage
0x00007fff295a7000 	/System/Library/Frameworks/CoreText.framework/Versions/A/CoreText
0x00007fff2a7be000 	/System/Library/Frameworks/ImageIO.framework/Versions/A/ImageIO
0x00007fff5c023000 	/System/Library/PrivateFrameworks/SoftLinking.framework/Versions/A/SoftLinking
0x00007fff67c8c000 	/usr/lib/libxml2.2.dylib
0x00007fff6597c000 	/usr/lib/libc++.1.dylib
0x00007fff65a02000 	/usr/lib/libcompression.dylib
0x00007fff65394000 	/usr/lib/libMobileGestalt.dylib
0x00007fff5d8b5000 	/System/Library/PrivateFrameworks/TextureIO.framework/Versions/A/TextureIO
0x00007fff656ff000 	/usr/lib/libate.dylib
0x00007fff4fe2b000 	/System/Library/PrivateFrameworks/InternationalSupport.framework/Versions/A/InternationalSupport
0x00007fff6867b000 	/usr/lib/system/libcache.dylib
0x00007fff68684000 	/usr/lib/system/libcommonCrypto.dylib
0x00007fff68691000 	/usr/lib/system/libcompiler_rt.dylib
0x00007fff68699000 	/usr/lib/system/libcopyfile.dylib
0x00007fff686a4000 	/usr/lib/system/libcorecrypto.dylib
0x00007fff6885e000 	/usr/lib/system/libdispatch.dylib
0x00007fff688a3000 	/usr/lib/system/libdyld.dylib
0x00007fff688de000 	/usr/lib/system/libkeymgr.dylib
0x00007fff688fb000 	/usr/lib/system/liblaunch.dylib
0x00007fff688fc000 	/usr/lib/system/libmacho.dylib
0x00007fff68902000 	/usr/lib/system/libquarantine.dylib
0x00007fff68905000 	/usr/lib/system/libremovefile.dylib
0x00007fff68907000 	/usr/lib/system/libsystem_asl.dylib
0x00007fff6891e000 	/usr/lib/system/libsystem_blocks.dylib
0x00007fff68920000 	/usr/lib/system/libsystem_c.dylib
0x00007fff689a9000 	/usr/lib/system/libsystem_collections.dylib
0x00007fff689ac000 	/usr/lib/system/libsystem_configuration.dylib
0x00007fff689b0000 	/usr/lib/system/libsystem_containermanager.dylib
0x00007fff689c0000 	/usr/lib/system/libsystem_coreservices.dylib
0x00007fff689c5000 	/usr/lib/system/libsystem_darwin.dylib
0x00007fff689cf000 	/usr/lib/system/libsystem_dnssd.dylib
0x00007fff689d7000 	/usr/lib/system/libsystem_featureflags.dylib
0x00007fff689da000 	/usr/lib/system/libsystem_info.dylib
0x00007fff68a55000 	/usr/lib/system/libsystem_m.dylib
0x00007fff68a9d000 	/usr/lib/system/libsystem_malloc.dylib
0x00007fff68aca000 	/usr/lib/system/libsystem_networkextension.dylib
0x00007fff68ad9000 	/usr/lib/system/libsystem_notify.dylib
0x00007fff68aed000 	/usr/lib/system/libsystem_product_info_filter.dylib
0x00007fff68afa000 	/usr/lib/system/libsystem_sandbox.dylib
0x00007fff68aff000 	/usr/lib/system/libsystem_secinit.dylib
0x00007fff68a26000 	/usr/lib/system/libsystem_kernel.dylib
0x00007fff68ae3000 	/usr/lib/system/libsystem_platform.dylib
0x00007fff68aee000 	/usr/lib/system/libsystem_pthread.dylib
0x00007fff68b02000 	/usr/lib/system/libsystem_symptoms.dylib
0x00007fff68b0a000 	/usr/lib/system/libsystem_trace.dylib
0x00007fff68b26000 	/usr/lib/system/libunwind.dylib
0x00007fff68b31000 	/usr/lib/system/libxpc.dylib
0x00007fff659d2000 	/usr/lib/libc++abi.dylib
0x00007fff67626000 	/usr/lib/liboah.dylib
0x00007fff668eb000 	/usr/lib/liblzma.5.dylib
0x00007fff33df2000 	/System/Library/Frameworks/SystemConfiguration.framework/Versions/A/SystemConfiguration
0x00007fff664df000 	/usr/lib/libfakelink.dylib
0x00007fff2596b000 	/System/Library/Frameworks/CFNetwork.framework/Versions/A/CFNetwork
0x00007fff6568d000 	/usr/lib/libarchive.2.dylib
0x00007fff65005000 	/usr/lib/libCRFSuite.dylib
0x00007fff6595d000 	/usr/lib/libbsm.0.dylib
0x00007fff66f41000 	/usr/lib/libnetwork.dylib
0x00007fff67696000 	/usr/lib/libpcap.A.dylib
0x00007fff663fa000 	/usr/lib/libdns_services.dylib
0x00007fff65d4f000 	/usr/lib/libcoretls_cfhelpers.dylib
0x00007fff6563d000 	/usr/lib/libapple_nghttp2.dylib
0x00007fff688df000 	/usr/lib/system/libkxld.dylib
0x00007fff67844000 	/usr/lib/libsqlite3.dylib
0x00007fff3b9ea000 	/System/Library/PrivateFrameworks/AppleFSCompression.framework/Versions/A/AppleFSCompression
0x00007fff65d37000 	/usr/lib/libcoretls.dylib
0x00007fff6767f000 	/usr/lib/libpam.2.dylib
0x00007fff67c79000 	/usr/lib/libxar.1.dylib
0x00007fff3c16d000 	/System/Library/PrivateFrameworks/AppleSystemInfo.framework/Versions/A/AppleSystemInfo
0x00007fff4f647000 	/System/Library/PrivateFrameworks/IOMobileFramebuffer.framework/Versions/A/IOMobileFramebuffer
0x00007fff6596e000 	/usr/lib/libbz2.1.0.dylib
0x00007fff6652d000 	/usr/lib/libiconv.2.dylib
0x00007fff659eb000 	/usr/lib/libcharset.1.dylib
0x00007fff28fef000 	/System/Library/Frameworks/CoreServices.framework/Versions/A/Frameworks/FSEvents.framework/Versions/A/FSEvents
0x00007fff28cb8000 	/System/Library/Frameworks/CoreServices.framework/Versions/A/Frameworks/CarbonCore.framework/Versions/A/CarbonCore
0x00007fff29235000 	/System/Library/Frameworks/CoreServices.framework/Versions/A/Frameworks/Metadata.framework/Versions/A/Metadata
0x00007fff292d1000 	/System/Library/Frameworks/CoreServices.framework/Versions/A/Frameworks/OSServices.framework/Versions/A/OSServices
0x00007fff292ff000 	/System/Library/Frameworks/CoreServices.framework/Versions/A/Frameworks/SearchKit.framework/Versions/A/SearchKit
0x00007fff28c43000 	/System/Library/Frameworks/CoreServices.framework/Versions/A/Frameworks/AE.framework/Versions/A/AE
0x00007fff28ff8000 	/System/Library/Frameworks/CoreServices.framework/Versions/A/Frameworks/LaunchServices.framework/Versions/A/LaunchServices
0x00007fff28fa0000 	/System/Library/Frameworks/CoreServices.framework/Versions/A/Frameworks/DictionaryServices.framework/Versions/A/DictionaryServices
0x00007fff29367000 	/System/Library/Frameworks/CoreServices.framework/Versions/A/Frameworks/SharedFileList.framework/Versions/A/SharedFileList
0x00007fff6503d000 	/usr/lib/libCheckFix.dylib
0x00007fff5d337000 	/System/Library/PrivateFrameworks/TCC.framework/Versions/A/TCC
0x00007fff41556000 	/System/Library/PrivateFrameworks/CoreNLP.framework/Versions/A/CoreNLP
0x00007fff51a84000 	/System/Library/PrivateFrameworks/MetadataUtilities.framework/Versions/A/MetadataUtilities
0x00007fff66964000 	/usr/lib/libmecabra.dylib
0x00007fff2c47d000 	/System/Library/Frameworks/MLCompute.framework/Versions/A/MLCompute
0x00007fff6691b000 	/usr/lib/libmecab.dylib
0x00007fff664f1000 	/usr/lib/libgermantok.dylib
0x00007fff655c4000 	/usr/lib/libThaiTokenizer.dylib
0x00007fff65049000 	/usr/lib/libChineseTokenizer.dylib
0x00007fff2d9ed000 	/System/Library/Frameworks/MetalPerformanceShaders.framework/Versions/A/MetalPerformanceShaders
0x00007fff22b35000 	/System/Library/Frameworks/Accelerate.framework/Versions/A/Frameworks/vImage.framework/Versions/A/vImage
0x00007fff241be000 	/System/Library/Frameworks/Accelerate.framework/Versions/A/Frameworks/vecLib.framework/Versions/A/vecLib
0x00007fff240ff000 	/System/Library/Frameworks/Accelerate.framework/Versions/A/Frameworks/vecLib.framework/Versions/A/libvMisc.dylib
0x00007fff23f2b000 	/System/Library/Frameworks/Accelerate.framework/Versions/A/Frameworks/vecLib.framework/Versions/A/libvDSP.dylib
0x00007fff231d5000 	/System/Library/Frameworks/Accelerate.framework/Versions/A/Frameworks/vecLib.framework/Versions/A/libBLAS.dylib
0x00007fff23af0000 	/System/Library/Frameworks/Accelerate.framework/Versions/A/Frameworks/vecLib.framework/Versions/A/libLAPACK.dylib
0x00007fff23e8d000 	/System/Library/Frameworks/Accelerate.framework/Versions/A/Frameworks/vecLib.framework/Versions/A/libLinearAlgebra.dylib
0x00007fff23f18000 	/System/Library/Frameworks/Accelerate.framework/Versions/A/Frameworks/vecLib.framework/Versions/A/libSparseBLAS.dylib
0x00007fff23ea3000 	/System/Library/Frameworks/Accelerate.framework/Versions/A/Frameworks/vecLib.framework/Versions/A/libQuadrature.dylib
0x00007fff23439000 	/System/Library/Frameworks/Accelerate.framework/Versions/A/Frameworks/vecLib.framework/Versions/A/libBNNS.dylib
0x00007fff23ea9000 	/System/Library/Frameworks/Accelerate.framework/Versions/A/Frameworks/vecLib.framework/Versions/A/libSparse.dylib
0x00007fff2d5ff000 	/System/Library/Frameworks/MetalPerformanceShaders.framework/Versions/A/Frameworks/MPSCore.framework/Versions/A/MPSCore
0x00007fff2d667000 	/System/Library/Frameworks/MetalPerformanceShaders.framework/Versions/A/Frameworks/MPSImage.framework/Versions/A/MPSImage
0x00007fff2d76e000 	/System/Library/Frameworks/MetalPerformanceShaders.framework/Versions/A/Frameworks/MPSNeuralNetwork.framework/Versions/A/MPSNeuralNetwork
0x00007fff2d6fb000 	/System/Library/Frameworks/MetalPerformanceShaders.framework/Versions/A/Frameworks/MPSMatrix.framework/Versions/A/MPSMatrix
0x00007fff2d999000 	/System/Library/Frameworks/MetalPerformanceShaders.framework/Versions/A/Frameworks/MPSRayIntersector.framework/Versions/A/MPSRayIntersector
0x00007fff2d72f000 	/System/Library/Frameworks/MetalPerformanceShaders.framework/Versions/A/Frameworks/MPSNDArray.framework/Versions/A/MPSNDArray
0x00007fff51af9000 	/System/Library/PrivateFrameworks/MetalTools.framework/Versions/A/MetalTools
0x00007fff3abc7000 	/System/Library/PrivateFrameworks/AggregateDictionary.framework/Versions/A/AggregateDictionary
0x00007fff4077b000 	/System/Library/PrivateFrameworks/CoreAnalytics.framework/Versions/A/CoreAnalytics
0x00007fff3c059000 	/System/Library/PrivateFrameworks/AppleSauce.framework/Versions/A/AppleSauce
0x00007fff4f603000 	/System/Library/PrivateFrameworks/IOAccelerator.framework/Versions/A/IOAccelerator
0x00007fff30214000 	/System/Library/Frameworks/OpenGL.framework/Versions/A/Libraries/libCoreFSCache.dylib
0x00007fff503a6000 	/System/Library/PrivateFrameworks/LanguageModeling.framework/Versions/A/LanguageModeling
0x00007fff40e75000 	/System/Library/PrivateFrameworks/CoreEmoji.framework/Versions/A/CoreEmoji
0x00007fff504e4000 	/System/Library/PrivateFrameworks/LinguisticData.framework/Versions/A/LinguisticData
0x00007fff50490000 	/System/Library/PrivateFrameworks/Lexicon.framework/Versions/A/Lexicon
0x00007fff659ec000 	/usr/lib/libcmph.dylib
0x00007fff2f8a1000 	/System/Library/Frameworks/OpenDirectory.framework/Versions/A/Frameworks/CFOpenDirectory.framework/Versions/A/CFOpenDirectory
0x00007fff2f8c1000 	/System/Library/Frameworks/OpenDirectory.framework/Versions/A/OpenDirectory
0x00007fff393b5000 	/System/Library/PrivateFrameworks/APFS.framework/Versions/A/APFS
0x00007fff32cdb000 	/System/Library/Frameworks/SecurityFoundation.framework/Versions/A/SecurityFoundation
0x00007fff67c75000 	/usr/lib/libutil.dylib
0x00007fff42621000 	/System/Library/PrivateFrameworks/CoreServicesStore.framework/Versions/A/CoreServicesStore
0x00007fff32dc5000 	/System/Library/Frameworks/ServiceManagement.framework/Versions/A/ServiceManagement
0x00007fff67d73000 	/usr/lib/libxslt.1.dylib
0x00007fff3d5df000 	/System/Library/PrivateFrameworks/BackgroundTaskManagement.framework/Versions/A/BackgroundTaskManagement
0x00007fff2ab1d000 	/System/Library/Frameworks/ImageIO.framework/Versions/A/Resources/libRadiance.dylib
0x00007fff2aad1000 	/System/Library/Frameworks/ImageIO.framework/Versions/A/Resources/libJPEG.dylib
0x00007fff2aaf6000 	/System/Library/Frameworks/ImageIO.framework/Versions/A/Resources/libPng.dylib
0x00007fff2ab20000 	/System/Library/Frameworks/ImageIO.framework/Versions/A/Resources/libTIFF.dylib
0x00007fff2a9ed000 	/System/Library/Frameworks/ImageIO.framework/Versions/A/Resources/libGIF.dylib
0x00007fff2a9f2000 	/System/Library/Frameworks/ImageIO.framework/Versions/A/Resources/libJP2.dylib
0x00007fff664b8000 	/usr/lib/libexpat.1.dylib
0x00007fff3bb6c000 	/System/Library/PrivateFrameworks/AppleJPEG.framework/Versions/A/AppleJPEG
0x00007fff4636b000 	/System/Library/PrivateFrameworks/FontServices.framework/libFontParser.dylib
0x00007fff5833f000 	/System/Library/PrivateFrameworks/RunningBoardServices.framework/Versions/A/RunningBoardServices
0x00007fff606a7000 	/System/Library/PrivateFrameworks/WatchdogClient.framework/Versions/A/WatchdogClient
0x00007fff27398000 	/System/Library/Frameworks/CoreDisplay.framework/Versions/A/CoreDisplay
0x00007fff289bf000 	/System/Library/Frameworks/CoreMedia.framework/Versions/A/CoreMedia
0x00007fff2978c000 	/System/Library/Frameworks/CoreVideo.framework/Versions/A/CoreVideo
0x00007fff34120000 	/System/Library/Frameworks/VideoToolbox.framework/Versions/A/VideoToolbox
0x00007fff3d691000 	/System/Library/PrivateFrameworks/BaseBoard.framework/Versions/A/BaseBoard
0x00007fff5486e000 	/System/Library/PrivateFrameworks/PersistentConnection.framework/Versions/A/PersistentConnection
0x00007fff57890000 	/System/Library/PrivateFrameworks/ProtocolBuffer.framework/Versions/A/ProtocolBuffer
0x00007fff3fb6a000 	/System/Library/PrivateFrameworks/CommonUtilities.framework/Versions/A/CommonUtilities
0x00007fff3dae9000 	/System/Library/PrivateFrameworks/Bom.framework/Versions/A/Bom
0x00007fff4b1db000 	/System/Library/PrivateFrameworks/GPUWrangler.framework/Versions/A/GPUWrangler
0x00007fff4f656000 	/System/Library/PrivateFrameworks/IOPresentment.framework/Versions/A/IOPresentment
0x00007fff43342000 	/System/Library/PrivateFrameworks/DSExternalDisplay.framework/Versions/A/DSExternalDisplay
0x00007fff3e1cb000 	/System/Library/PrivateFrameworks/CMCaptureCore.framework/Versions/A/CMCaptureCore
0x00007fff3b12b000 	/System/Library/PrivateFrameworks/AppServerSupport.framework/Versions/A/AppServerSupport
0x00007fff3c211000 	/System/Library/PrivateFrameworks/AssertionServices.framework/Versions/A/AssertionServices
0x00007fff3d04f000 	/System/Library/PrivateFrameworks/AudioToolboxCore.framework/Versions/A/AudioToolboxCore
0x00007fff6144d000 	/System/Library/PrivateFrameworks/caulk.framework/Versions/A/caulk
0x00007fff64fca000 	/usr/lib/libAudioToolboxUtility.dylib
0x00007fff303fd000 	/System/Library/Frameworks/OpenGL.framework/Versions/A/Libraries/libGLU.dylib
0x00007fff30220000 	/System/Library/Frameworks/OpenGL.framework/Versions/A/Libraries/libGFXShared.dylib
0x00007fff30229000 	/System/Library/Frameworks/OpenGL.framework/Versions/A/Libraries/libGL.dylib
0x00007fff30234000 	/System/Library/Frameworks/OpenGL.framework/Versions/A/Libraries/libGLImage.dylib
0x00007fff30211000 	/System/Library/Frameworks/OpenGL.framework/Versions/A/Libraries/libCVMSPluginSupport.dylib
0x00007fff3021b000 	/System/Library/Frameworks/OpenGL.framework/Versions/A/Libraries/libCoreVMClient.dylib
0x00007fff6534c000 	/usr/lib/libIOReport.dylib
0x00007fff2f848000 	/System/Library/Frameworks/OpenCL.framework/Versions/A/OpenCL
0x00007fff4cf20000 	/System/Library/PrivateFrameworks/GraphVisualizer.framework/Versions/A/GraphVisualizer
0x00007fff4582d000 	/System/Library/PrivateFrameworks/FaceCore.framework/Versions/A/FaceCore
0x00007fff5371f000 	/System/Library/PrivateFrameworks/OTSVG.framework/Versions/A/OTSVG
0x00007fff252e2000 	/System/Library/Frameworks/ApplicationServices.framework/Versions/A/Frameworks/ATS.framework/Versions/A/Resources/libFontRegistry.dylib
0x00007fff464c7000 	/System/Library/PrivateFrameworks/FontServices.framework/libhvf.dylib
0x00007fff3c171000 	/System/Library/PrivateFrameworks/AppleVA.framework/Versions/A/AppleVA
0x00007fff25276000 	/System/Library/Frameworks/ApplicationServices.framework/Versions/A/Frameworks/ATS.framework/Versions/A/ATS
0x00007fff25354000 	/System/Library/Frameworks/ApplicationServices.framework/Versions/A/Frameworks/ColorSyncLegacy.framework/Versions/A/ColorSyncLegacy
0x00007fff2535c000 	/System/Library/Frameworks/ApplicationServices.framework/Versions/A/Frameworks/HIServices.framework/Versions/A/HIServices
0x00007fff253b8000 	/System/Library/Frameworks/ApplicationServices.framework/Versions/A/Frameworks/LangAnalysis.framework/Versions/A/LangAnalysis
0x00007fff253c8000 	/System/Library/Frameworks/ApplicationServices.framework/Versions/A/Frameworks/PrintCore.framework/Versions/A/PrintCore
0x00007fff25410000 	/System/Library/Frameworks/ApplicationServices.framework/Versions/A/Frameworks/QD.framework/Versions/A/QD
0x00007fff2541c000 	/System/Library/Frameworks/ApplicationServices.framework/Versions/A/Frameworks/SpeechSynthesis.framework/Versions/A/SpeechSynthesis
0x00007fff25324000 	/System/Library/Frameworks/ApplicationServices.framework/Versions/A/Frameworks/ATSUI.framework/Versions/A/ATSUI
0x00007fff66332000 	/usr/lib/libcups.2.dylib
0x00007fff52590000 	/System/Library/PrivateFrameworks/NetAuth.framework/Versions/A/NetAuth
0x00007fff2c2bc000 	/System/Library/Frameworks/Kerberos.framework/Versions/A/Kerberos
0x00007fff2a2cb000 	/System/Library/Frameworks/GSS.framework/Versions/A/GSS
0x00007fff677c4000 	/usr/lib/libresolv.9.dylib
0x00007fff4d0f2000 	/System/Library/PrivateFrameworks/Heimdal.framework/Versions/A/Heimdal
0x00007fff2c2cc000 	/System/Library/Frameworks/Kerberos.framework/Versions/A/Libraries/libHeimdalProxy.dylib
0x00007fff2e879000 	/System/Library/Frameworks/Network.framework/Versions/A/Network
0x00007fff664f7000 	/usr/lib/libheimdal-asn1.dylib
0x00007fff3fb59000 	/System/Library/PrivateFrameworks/CommonAuth.framework/Versions/A/CommonAuth
0x00007fff623a0000 	/System/Library/PrivateFrameworks/login.framework/Versions/A/Frameworks/loginsupport.framework/Versions/A/loginsupport
0x00007fff3ceff000 	/System/Library/PrivateFrameworks/AudioSession.framework/Versions/A/AudioSession
0x00007fff64fba000 	/usr/lib/libAudioStatistics.dylib
0x00007fff5107a000 	/System/Library/PrivateFrameworks/MediaExperience.framework/Versions/A/MediaExperience
0x00007fff3cf69000 	/System/Library/PrivateFrameworks/AudioSession.framework/libSessionUtility.dylib
0x00007fff67712000 	/usr/lib/libperfcheck.dylib
0x00007fff623ed000 	/System/Library/PrivateFrameworks/perfdata.framework/Versions/A/perfdata
0x00007fff6543d000 	/usr/lib/libSMC.dylib
0x00007fff3c7ee000 	/System/Library/PrivateFrameworks/AudioResourceArbitration.framework/Versions/A/AudioResourceArbitration
0x00007fff4fa16000 	/System/Library/PrivateFrameworks/IconFoundation.framework/Versions/A/IconFoundation
0x00007fff5c4f5000 	/System/Library/PrivateFrameworks/SpeechRecognitionCore.framework/Versions/A/SpeechRecognitionCore
0x0000000111800000 	/Library/Java/JavaVirtualMachines/jdk1.8.0_201.jdk/Contents/Home/jre/lib/server/libjvm.dylib
0x00007fff67b2d000 	/usr/lib/libstdc++.6.dylib
0x000000010e3c0000 	/Library/Java/JavaVirtualMachines/jdk1.8.0_201.jdk/Contents/Home/jre/lib/libverify.dylib
0x000000010e3ce000 	/Library/Java/JavaVirtualMachines/jdk1.8.0_201.jdk/Contents/Home/jre/lib/libjava.dylib
0x000000010e44e000 	/Library/Java/JavaVirtualMachines/jdk1.8.0_201.jdk/Contents/Home/jre/lib/libzip.dylib
0x0000000119fe1000 	/Library/Java/JavaVirtualMachines/jdk1.8.0_201.jdk/Contents/Home/jre/lib/libmanagement.dylib
0x0000000119fef000 	/Library/Java/JavaVirtualMachines/jdk1.8.0_201.jdk/Contents/Home/jre/lib/libnet.dylib
0x000000011a221000 	/Library/Java/JavaVirtualMachines/jdk1.8.0_201.jdk/Contents/Home/jre/lib/libnio.dylib
0x000000011a635000 	/private/var/folders/wm/6b5jfvpx6wb7kq8vmyyfkb9w0000gn/T/jna-1675555959/jna4442802811734661717.tmp
0x00007fff2c2b4000 	/System/Library/Frameworks/JavaVM.framework/Versions/A/JavaVM
0x000000011ac51000 	/Library/Java/JavaVirtualMachines/jdk1.8.0_201.jdk/Contents/Home/jre/lib/libawt.dylib
0x000000011acfa000 	/Library/Java/JavaVirtualMachines/jdk1.8.0_201.jdk/Contents/Home/jre/lib/libmlib_image.dylib
0x00007fff2b14c000 	/System/Library/Frameworks/JavaNativeFoundation.framework/Versions/A/JavaNativeFoundation
0x00007fff2b158000 	/System/Library/Frameworks/JavaRuntimeSupport.framework/Versions/A/JavaRuntimeSupport
0x00007fff25e5f000 	/System/Library/Frameworks/Carbon.framework/Versions/A/Carbon
0x00007fff42bee000 	/System/Library/PrivateFrameworks/CoreSymbolication.framework/Versions/A/CoreSymbolication
0x00007fff25e63000 	/System/Library/Frameworks/Carbon.framework/Versions/A/Frameworks/CommonPanels.framework/Versions/A/CommonPanels
0x00007fff26167000 	/System/Library/Frameworks/Carbon.framework/Versions/A/Frameworks/Help.framework/Versions/A/Help
0x00007fff2616b000 	/System/Library/Frameworks/Carbon.framework/Versions/A/Frameworks/ImageCapture.framework/Versions/A/ImageCapture
0x00007fff26177000 	/System/Library/Frameworks/Carbon.framework/Versions/A/Frameworks/OpenScripting.framework/Versions/A/OpenScripting
0x00007fff26173000 	/System/Library/Frameworks/Carbon.framework/Versions/A/Frameworks/Ink.framework/Versions/A/Ink
0x00007fff26193000 	/System/Library/Frameworks/Carbon.framework/Versions/A/Frameworks/Print.framework/Versions/A/Print
0x00007fff26197000 	/System/Library/Frameworks/Carbon.framework/Versions/A/Frameworks/SecurityHI.framework/Versions/A/SecurityHI
0x00007fff4349d000 	/System/Library/PrivateFrameworks/DebugSymbols.framework/Versions/A/DebugSymbols
0x000000011adc6000 	/Library/Java/JavaVirtualMachines/jdk1.8.0_201.jdk/Contents/Home/jre/lib/libawt_lwawt.dylib
0x000000011ae80000 	/Library/Java/JavaVirtualMachines/jdk1.8.0_201.jdk/Contents/Home/jre/lib/libosxapp.dylib
0x00007fff29d40000 	/System/Library/Frameworks/ExceptionHandling.framework/Versions/A/ExceptionHandling
0x00007fff425e9000 	/System/Library/PrivateFrameworks/CoreServicesInternal.framework/Versions/A/CoreServicesInternal
0x000000011bd3d000 	/usr/lib/libobjc-trampolines.dylib
0x00007fff29d66000 	/System/Library/Frameworks/FileProvider.framework/Versions/A/FileProvider
0x00007fff241c3000 	/System/Library/Frameworks/Accounts.framework/Versions/A/Accounts
0x00007fff4b81d000 	/System/Library/PrivateFrameworks/GenerationalStorage.framework/Versions/A/GenerationalStorage
0x00007fff5cdec000 	/System/Library/PrivateFrameworks/SymptomDiagnosticReporter.framework/Versions/A/SymptomDiagnosticReporter
0x00007fff3b0a4000 	/System/Library/PrivateFrameworks/AppContainer.framework/Versions/A/AppContainer
0x00007fff434da000 	/System/Library/PrivateFrameworks/DesktopServicesPriv.framework/Versions/A/DesktopServicesPriv
0x00007fff677e1000 	/usr/lib/libsandbox.1.dylib
0x00007fff5ee34000 	/System/Library/PrivateFrameworks/UserManagement.framework/Versions/A/UserManagement
0x00007fff51cef000 	/System/Library/PrivateFrameworks/MobileKeyBag.framework/Versions/A/MobileKeyBag
0x00007fff3ecf9000 	/System/Library/PrivateFrameworks/ChunkingLibrary.framework/Versions/A/ChunkingLibrary
0x00007fff59f18000 	/System/Library/PrivateFrameworks/SecCodeWrapper.framework/Versions/A/SecCodeWrapper
0x00007fff43259000 	/System/Library/PrivateFrameworks/CrashReporterSupport.framework/Versions/A/CrashReporterSupport
0x00007fff5a0dd000 	/System/Library/PrivateFrameworks/Sharing.framework/Versions/A/Sharing
0x00007fff3b6a2000 	/System/Library/PrivateFrameworks/Apple80211.framework/Versions/A/Apple80211
0x00007fff3d2c1000 	/System/Library/PrivateFrameworks/AuthKit.framework/Versions/A/AuthKit
0x00007fff42e9e000 	/System/Library/PrivateFrameworks/CoreUtils.framework/Versions/A/CoreUtils
0x00007fff297d3000 	/System/Library/Frameworks/CoreWLAN.framework/Versions/A/CoreWLAN
0x00007fff2a4eb000 	/System/Library/Frameworks/IOBluetooth.framework/Versions/A/IOBluetooth
0x00007fff4310c000 	/System/Library/PrivateFrameworks/CoreWiFi.framework/Versions/A/CoreWiFi
0x00007fff41aae000 	/System/Library/PrivateFrameworks/CorePhoneNumbers.framework/Versions/A/CorePhoneNumbers
0x00007fff3bb1a000 	/System/Library/PrivateFrameworks/AppleIDAuthSupport.framework/Versions/A/AppleIDAuthSupport
0x00007fff501f9000 	/System/Library/PrivateFrameworks/KeychainCircle.framework/Versions/A/KeychainCircle
0x00007fff2553e000 	/System/Library/Frameworks/AudioUnit.framework/Versions/A/AudioUnit
0x00007fff26ef7000 	/System/Library/Frameworks/CoreBluetooth.framework/Versions/A/CoreBluetooth
0x00007fff65354000 	/usr/lib/libMatch.1.dylib
0x000000011ba0c000 	/System/Library/CoreServices/RawCamera.bundle/Contents/MacOS/RawCamera
0x00007fff51c69000 	/System/Library/PrivateFrameworks/MobileAsset.framework/Versions/A/MobileAsset
0x00007fff5cc85000 	/System/Library/PrivateFrameworks/StreamingZip.framework/Versions/A/StreamingZip
0x00007fff2c9d7000 	/System/Library/Frameworks/MediaToolbox.framework/Versions/A/MediaToolbox
0x00007fff40723000 	/System/Library/PrivateFrameworks/CoreAVCHD.framework/Versions/A/CoreAVCHD
0x00007fff2c83f000 	/System/Library/Frameworks/MediaAccessibility.framework/Versions/A/MediaAccessibility
0x00007fff50cfc000 	/System/Library/PrivateFrameworks/Mangrove.framework/Versions/A/Mangrove
0x00007fff3aef3000 	/System/Library/PrivateFrameworks/AlgosScoreFramework.framework/Versions/A/AlgosScoreFramework
0x00007fff3c1c5000 	/System/Library/PrivateFrameworks/AppleVPA.framework/Versions/A/AppleVPA
0x00007fff40368000 	/System/Library/PrivateFrameworks/CoreAUC.framework/Versions/A/CoreAUC
0x000000011bd08000 	/System/Library/Frameworks/Accelerate.framework/Versions/A/Frameworks/vImage.framework/Versions/A/Libraries/libCGInterfaces.dylib
0x00007fff45c6e000 	/System/Library/PrivateFrameworks/FamilyControls.framework/Versions/A/FamilyControls
0x00007fff3fb4d000 	/System/Library/PrivateFrameworks/CommerceKit.framework/Versions/A/Frameworks/CommerceCore.framework/Versions/A/CommerceCore
0x00007fff5d0a3000 	/System/Library/PrivateFrameworks/SystemAdministration.framework/Versions/A/SystemAdministration
0x00007fff43cbb000 	/System/Library/PrivateFrameworks/DiskManagement.framework/Versions/A/DiskManagement
0x00007fff29a7a000 	/System/Library/Frameworks/DirectoryService.framework/Versions/A/DirectoryService
0x00007fff43bb7000 	/System/Library/PrivateFrameworks/DiskImages.framework/Versions/A/DiskImages
0x00007fff505b4000 	/System/Library/PrivateFrameworks/LoginUIKit.framework/Versions/A/Frameworks/LoginUICore.framework/Versions/A/LoginUICore
0x00007fff65054000 	/usr/lib/libCoreStorage.dylib
0x00007fff6631f000 	/usr/lib/libcsfde.dylib
0x00007fff67667000 	/usr/lib/libodfde.dylib
0x00007fff511cb000 	/System/Library/PrivateFrameworks/MediaKit.framework/Versions/A/MediaKit
0x00007fff29a86000 	/System/Library/Frameworks/DiscRecording.framework/Versions/A/DiscRecording
0x00007fff57837000 	/System/Library/PrivateFrameworks/ProtectedCloudStorage.framework/Versions/A/ProtectedCloudStorage
0x00007fff43eac000 	/System/Library/PrivateFrameworks/EFILogin.framework/Versions/A/EFILogin
0x00007fff66393000 	/usr/lib/libcurl.4.dylib
0x00007fff66217000 	/usr/lib/libcrypto.44.dylib
0x00007fff67afb000 	/usr/lib/libssl.46.dylib
0x00007fff2c2d1000 	/System/Library/Frameworks/LDAP.framework/Versions/A/LDAP
0x00007fff5de66000 	/System/Library/PrivateFrameworks/TrustEvaluationAgent.framework/Versions/A/TrustEvaluationAgent
0x00007fff6782d000 	/usr/lib/libsasl2.2.dylib
0x00007fff40bce000 	/System/Library/PrivateFrameworks/CoreDaemon.framework/Versions/B/CoreDaemon
0x00007fff3c054000 	/System/Library/PrivateFrameworks/AppleSRP.framework/Versions/A/AppleSRP
0x00007fff603ab000 	/System/Library/PrivateFrameworks/ViewBridge.framework/Versions/A/ViewBridge
0x000000012d173000 	/Library/Java/JavaVirtualMachines/jdk1.8.0_201.jdk/Contents/Home/jre/lib/libfontmanager.dylib
0x000000012d1f6000 	/Users/harleyoconnor/.gradle/caches/minecraft/net/minecraft/natives/1.12.2/liblwjgl.dylib
0x000000011bfea000 	/Library/Java/JavaVirtualMachines/jdk1.8.0_201.jdk/Contents/Home/jre/lib/libjawt.dylib
0x000000012dc68000 	/System/Library/Frameworks/OpenGL.framework/Versions/A/Resources/GLEngine.bundle/GLEngine
0x00007fff30268000 	/System/Library/Frameworks/OpenGL.framework/Versions/A/Libraries/libGLProgrammability.dylib
0x000000012de28000 	/System/Library/Extensions/AppleIntelKBLGraphicsGLDriver.bundle/Contents/MacOS/AppleIntelKBLGraphicsGLDriver
0x00007fff4b1cf000 	/System/Library/PrivateFrameworks/GPUSupport.framework/Versions/A/Libraries/libGPUSupportMercury.dylib
0x000000012f3bc000 	/System/Library/Frameworks/OpenGL.framework/Versions/A/Resources/GLRendererFloat.bundle/GLRendererFloat
0x00007fff623a3000 	/System/Library/PrivateFrameworks/login.framework/Versions/A/login

VM Arguments:
jvm_args: -Dfile.encoding=UTF-8 -Duser.country=GB -Duser.language=en -Duser.variant 
java_command: GradleStart
java_class_path (initial): /Users/harleyoconnor/Library/Mobile Documents/com~apple~CloudDocs/Programming/Minecraft/Mods/DynamicTrees-ExC/.PLANNED/DynamicTrees-NaturesAura/libs/NaturesAura-18.1.jar:/Users/harleyoconnor/Library/Mobile Documents/com~apple~CloudDocs/Programming/Minecraft/Mods/DynamicTrees-ExC/.PLANNED/DynamicTrees-NaturesAura/libs/DynamicTrees-1.12.2-0.9.8.jar:/Users/harleyoconnor/.gradle/caches/minecraft/deobfedDeps/compileDummy.jar:/Users/harleyoconnor/.gradle/caches/minecraft/deobfedDeps/providedDummy.jar:/Users/harleyoconnor/.gradle/caches/minecraft/net/minecraftforge/forge/1.12.2-14.23.5.2838/snapshot/20171003/forgeSrc-1.12.2-14.23.5.2838.jar:/Users/harleyoconnor/.gradle/caches/modules-2/files-2.1/com.mojang/authlib/1.5.25/9834cdf236c22e84b946bba989e2f94ef5897c3c/authlib-1.5.25.jar:/Users/harleyoconnor/.gradle/caches/modules-2/files-2.1/com.google.code.findbugs/jsr305/3.0.1/f7be08ec23c21485b9b5a1cf1654c2ec8c58168d/jsr305-3.0.1.jar:/Users/harleyoconnor/.gradle/caches/modules-2/files-2.1/com.mojang/patchy/1.1/aef610b34a1be37fa851825f12372b78424d8903/patchy-1.1.jar:/Users/harleyoconnor/.gradle/caches/modules-2/files-2.1/oshi-project/oshi-core/1.1/9ddf7b048a8d701be231c0f4f95fd986198fd2d8/oshi-core-1.1.jar:/Users/harleyoconnor/.gradle/caches/modules-2/files-2.1/com.mojang/text2speech/1.10.3/48fd510879dff266c3815947de66e3d4809f8668/text2speech-1.10.3.jar:/Users/harleyoconnor/.gradle/caches/modules-2/files-2.1/ca.weblite/java-objc-bridge/1.0.0/6ef160c3133a78de015830860197602ca1c855d3/java-objc-bridge-1.0.0.jar:/Users/harleyoconnor/.gradle/caches/modules-2/files-2.1/net.java.dev.jna/jna/4.4.0/cb208278274bf12ebdb56c61bd7407e6f774d65a/jna-4.4.0.jar:/Users/harleyoconnor/.gradle/caches/modules-2/files-2.1/net.java.dev.jna/platform/3.4.0/e3f70017be8100d3d6923f50b3d2ee17714e9c13/platform-3.4.0.jar:/Users/harleyoconnor/.gradle/caches/modules-2/files-2.1/com.ibm.icu/icu4j-core-mojang/51.2/63d216a9311cca6be337c1e458e587f99d382b84/icu4j-core-mojang-51.2.jar:/Users
Launcher Type: SUN_STANDARD

Environment Variables:
PATH=/Library/Frameworks/Python.framework/Versions/3.7/bin:/usr/local/bin:/usr/bin:/bin:/usr/sbin:/sbin:/Applications/VMware Fusion.app/Contents/Public:/usr/local/share/dotnet:~/.dotnet/tools:/Library/Apple/usr/bin:/Library/Frameworks/Mono.framework/Versions/Current/Commands
SHELL=/bin/bash

Signal Handlers:
SIGSEGV: [libjvm.dylib+0x5b723d], sa_mask[0]=11111111011111110111111111111111, sa_flags=SA_ONSTACK|SA_RESTART|SA_SIGINFO
SIGBUS: [libjvm.dylib+0x5b723d], sa_mask[0]=11111111011111110111111111111111, sa_flags=SA_RESTART|SA_SIGINFO
SIGFPE: [libjvm.dylib+0x48c9bc], sa_mask[0]=11111111011111110111111111111111, sa_flags=SA_RESTART|SA_SIGINFO
SIGPIPE: [libjvm.dylib+0x48c9bc], sa_mask[0]=11111111011111110111111111111111, sa_flags=SA_RESTART|SA_SIGINFO
SIGXFSZ: [libjvm.dylib+0x48c9bc], sa_mask[0]=11111111011111110111111111111111, sa_flags=SA_RESTART|SA_SIGINFO
SIGILL: [libjvm.dylib+0x48c9bc], sa_mask[0]=11111111011111110111111111111111, sa_flags=SA_RESTART|SA_SIGINFO
SIGUSR1: SIG_DFL, sa_mask[0]=00000000000000000000000000000000, sa_flags=none
SIGUSR2: [libjvm.dylib+0x48c4da], sa_mask[0]=00100000000000000000000000000000, sa_flags=SA_RESTART|SA_SIGINFO
SIGHUP: [libjvm.dylib+0x48aa65], sa_mask[0]=11111111011111110111111111111111, sa_flags=SA_RESTART|SA_SIGINFO
SIGINT: [libjvm.dylib+0x48aa65], sa_mask[0]=11111111011111110111111111111111, sa_flags=SA_RESTART|SA_SIGINFO
SIGTERM: [libjvm.dylib+0x48aa65], sa_mask[0]=11111111011111110111111111111111, sa_flags=SA_RESTART|SA_SIGINFO
SIGQUIT: [libjvm.dylib+0x48aa65], sa_mask[0]=11111111011111110111111111111111, sa_flags=SA_RESTART|SA_SIGINFO


---------------  S Y S T E M  ---------------

OS:Bsduname:Darwin 20.0.0 Darwin Kernel Version 20.0.0: Thu Jul 30 22:49:28 PDT 2020; root:xnu-7195.0.0.141.5~1/RELEASE_X86_64 x86_64
rlimit: STACK 8192k, CORE 0k, NPROC 1392, NOFILE 10240, AS infinity
load average:6.54 12.92 12.27

CPU:total 6 (initial active 6) (6 cores per cpu, 1 threads per core) family 6 model 158 stepping 10, cmov, cx8, fxsr, mmx, sse, sse2, sse3, ssse3, sse4.1, sse4.2, popcnt, avx, avx2, aes, clmul, erms, rtm, 3dnowpref, lzcnt, tsc, tscinvbit, bmi1, bmi2, adx

Memory: 4k page, physical 8388608k(37376k free)

/proc/meminfo:


vm_info: Java HotSpot(TM) 64-Bit Server VM (25.201-b09) for bsd-amd64 JRE (1.8.0_201-b09), built on Dec 15 2018 18:35:23 by "java_re" with gcc 4.2.1 (Based on Apple Inc. build 5658) (LLVM build 2336.11.00)

time: Sun Aug 16 12:52:32 2020
timezone: BST
elapsed time: 5 seconds (0d 0h 0m 5s)

