#
# A fatal error has been detected by the Java Runtime Environment:
#
#  SIGSEGV (0xb) at pc=0x00007fff67635e5f, pid=21024, tid=0x0000000000000c03
#
# JRE version: Java(TM) SE Runtime Environment (8.0_201-b09) (build 1.8.0_201-b09)
# Java VM: Java HotSpot(TM) 64-Bit Server VM (25.201-b09 mixed mode bsd-amd64 compressed oops)
# Problematic frame:
# C  [libobjc.A.dylib+0x7e5f]  objc_release+0x1f
#
# Failed to write core dump. Core dumps have been disabled. To enable core dumping, try "ulimit -c unlimited" before starting Java again
#
# If you would like to submit a bug report, please visit:
#   http://bugreport.java.com/bugreport/crash.jsp
# The crash happened outside the Java Virtual Machine in native code.
# See problematic frame for where to report the bug.
#

---------------  T H R E A D  ---------------

Current thread (0x00007f8beb80a800):  JavaThread "Client thread" [_thread_in_native, id=3075, stack(0x0000700004fd1000,0x00007000050d1000)]

siginfo: si_signo: 11 (SIGSEGV), si_code: 1 (SEGV_MAPERR), si_addr: 0x0000000000000020

Registers:
RAX=0xc000000000000000, RBX=0x0000000000000001, RCX=0x0000000000000000, RDX=0x0000000000000006
RSP=0x00007000050cef38, RBP=0x00007000050cef70, RSI=0x00007f8bec8eb050, RDI=0x00007f8beafb6ba0
R8 =0x00007f8beaf593c0, R9 =0x000000000000001f, R10=0x00000001235e3c68, R11=0x00007fff243a4392
R12=0x00007f8beafb6ba0, R13=0xa3a3a3a3a3a3a3a3, R14=0x00007f8beb83d080, R15=0x00007f8beb83d000
RIP=0x00007fff67635e5f, EFLAGS=0x0000000000010246, ERR=0x0000000000000004
  TRAPNO=0x000000000000000e

Top of Stack: (sp=0x00007000050cef38)
0x00007000050cef38:   00007fff67653411 0000000000000000
0x00007000050cef48:   00007f8beb83d000 0000000000000000
0x00007000050cef58:   0000000123ecab40 00007fff7852b362
0x00007000050cef68:   00007f8beb80a800 00007000050cef90
0x00007000050cef78:   00007fff676366b2 0000000000000000
0x00007000050cef88:   00007f8beb83d080 00007000050cefb0
0x00007000050cef98:   00007fff27509898 0000000000000000
0x00007000050cefa8:   00007f8bef143420 00007000050ceff0
0x00007000050cefb8:   00007fff29eda31d 00007000050ceff0
0x00007000050cefc8:   00000001235bbe0f 0000000123ecab48
0x00007000050cefd8:   05e5e2acac9000d5 0000000123ecab48
0x00007000050cefe8:   00007000050cf078 00007000050cf050
0x00007000050ceff8:   0000000114415667 000000079d4f5190
0x00007000050cf008:   0000000114415382 00007000050cf010
0x00007000050cf018:   0000000123ecab40 00007000050cf078
0x00007000050cf028:   0000000123ecb0a8 0000000000000000
0x00007000050cf038:   0000000123ecab48 0000000000000000
0x00007000050cf048:   00007000050cf070 00007000050cf0c0
0x00007000050cf058:   00000001144052bd 000000079d5cc8d8
0x00007000050cf068:   000000011440ed18 000000079d5defc8
0x00007000050cf078:   000000079d4f5190 00007000050cf080
0x00007000050cf088:   0000000123ecaa47 00007000050cf0f0
0x00007000050cf098:   0000000123ecb0a8 0000000000000000
0x00007000050cf0a8:   0000000123ecaab8 00007000050cf070
0x00007000050cf0b8:   00007000050cf0e0 00007000050cf148
0x00007000050cf0c8:   0000000114405302 0000000000000000
0x00007000050cf0d8:   000000079d4f5190 000000079d5defc8
0x00007000050cf0e8:   000000079d4f50d8 000000079d5cc968
0x00007000050cf0f8:   0000000114410ca7 000000079d5cc978
0x00007000050cf108:   00007000050cf0f8 0000000123ec8436
0x00007000050cf118:   00007000050cf158 0000000123ec92d0
0x00007000050cf128:   0000000000000000 0000000123ec8468 

Instructions: (pc=0x00007fff67635e5f)
0x00007fff67635e3f:   90 48 85 ff 74 76 89 f8 83 e0 01 48 85 c0 75 6c
0x00007fff67635e4f:   48 8b 07 48 b9 f8 ff ff ff ff 7f 00 00 48 21 c1
0x00007fff67635e5f:   48 8b 51 20 f6 c2 04 74 54 a8 01 74 6f 48 b9 00
0x00007fff67635e6f:   00 00 00 00 00 80 00 48 ba 00 00 00 00 00 00 00 

Register to memory mapping:

RAX=0xc000000000000000 is an unknown value
RBX=0x0000000000000001 is an unknown value
RCX=0x0000000000000000 is an unknown value
RDX=0x0000000000000006 is an unknown value
RSP=0x00007000050cef38 is pointing into the stack for thread: 0x00007f8beb80a800
RBP=0x00007000050cef70 is pointing into the stack for thread: 0x00007f8beb80a800
RSI=0x00007f8bec8eb050 is an unknown value
RDI=0x00007f8beafb6ba0 is an unknown value
R8 =0x00007f8beaf593c0 is an unknown value
R9 =0x000000000000001f is an unknown value
R10=0x00000001235e3c68: OBJC_CLASS_$_MacOSXOpenGLView+0 in /Users/harleyoconnor/.gradle/caches/minecraft/net/minecraft/natives/1.12.2/liblwjgl.dylib at 0x00000001235a6000
R11=0x00007fff243a4392: -[NSResponder release]+0 in /System/Library/Frameworks/AppKit.framework/Versions/C/AppKit at 0x00007fff24399000
R12=0x00007f8beafb6ba0 is an unknown value
R13=0xa3a3a3a3a3a3a3a3 is an unknown value
R14=0x00007f8beb83d080 is an unknown value
R15=0x00007f8beb83d000 is an unknown value


Stack: [0x0000700004fd1000,0x00007000050d1000],  sp=0x00007000050cef38,  free space=1015k
Native frames: (J=compiled Java code, j=interpreted, Vv=VM code, C=native code)
C  [libobjc.A.dylib+0x7e5f]  objc_release+0x1f
C  [libobjc.A.dylib+0x86b2]  objc_autoreleasePoolPop+0xa1
C  [CoreFoundation+0x41898]  _CFAutoreleasePoolPop+0x16
C  [Foundation+0x1e31d]  -[NSAutoreleasePool release]+0x81
j  org.lwjgl.opengl.MacOSXContextImplementation.setView(Ljava/nio/ByteBuffer;Ljava/nio/ByteBuffer;)V+0
j  org.lwjgl.opengl.MacOSXContextImplementation.makeCurrent(Lorg/lwjgl/opengl/PeerInfo;Ljava/nio/ByteBuffer;)V+7
j  org.lwjgl.opengl.ContextGL.makeCurrent()V+46
j  org.lwjgl.opengl.DrawableGL.makeCurrent()V+14
j  org.lwjgl.opengl.Display.makeCurrent()V+3
j  org.lwjgl.opengl.Display.makeCurrentAndSetSwapInterval()V+0
j  org.lwjgl.opengl.Display.create(Lorg/lwjgl/opengl/PixelFormat;Lorg/lwjgl/opengl/Drawable;Lorg/lwjgl/opengl/ContextAttribs;)V+108
j  org.lwjgl.opengl.Display.create(Lorg/lwjgl/opengl/PixelFormat;)V+12
j  net.minecraft.client.Minecraft.createDisplay()V+22
j  net.minecraft.client.Minecraft.init()V+115
j  net.minecraft.client.Minecraft.run()V+6
j  net.minecraft.client.main.Main.main([Ljava/lang/String;)V+1094
v  ~StubRoutines::call_stub
V  [libjvm.dylib+0x2f0bea]  JavaCalls::call_helper(JavaValue*, methodHandle*, JavaCallArguments*, Thread*)+0x6ae
V  [libjvm.dylib+0x4d7830]  Reflection::invoke(instanceKlassHandle, methodHandle, Handle, bool, objArrayHandle, BasicType, objArrayHandle, bool, Thread*)+0xe12
V  [libjvm.dylib+0x4d7d64]  Reflection::invoke_method(oopDesc*, Handle, objArrayHandle, Thread*)+0x16c
V  [libjvm.dylib+0x349138]  JVM_InvokeMethod+0x166
j  sun.reflect.NativeMethodAccessorImpl.invoke0(Ljava/lang/reflect/Method;Ljava/lang/Object;[Ljava/lang/Object;)Ljava/lang/Object;+0
j  sun.reflect.NativeMethodAccessorImpl.invoke(Ljava/lang/Object;[Ljava/lang/Object;)Ljava/lang/Object;+100
J 1512 C1 sun.reflect.DelegatingMethodAccessorImpl.invoke(Ljava/lang/Object;[Ljava/lang/Object;)Ljava/lang/Object; (10 bytes) @ 0x00000001148fd64c [0x00000001148fd540+0x10c]
J 1511 C1 java.lang.reflect.Method.invoke(Ljava/lang/Object;[Ljava/lang/Object;)Ljava/lang/Object; (62 bytes) @ 0x00000001148fde1c [0x00000001148fda20+0x3fc]
j  net.minecraft.launchwrapper.Launch.launch([Ljava/lang/String;)V+661
j  net.minecraft.launchwrapper.Launch.main([Ljava/lang/String;)V+8
v  ~StubRoutines::call_stub
V  [libjvm.dylib+0x2f0bea]  JavaCalls::call_helper(JavaValue*, methodHandle*, JavaCallArguments*, Thread*)+0x6ae
V  [libjvm.dylib+0x4d7830]  Reflection::invoke(instanceKlassHandle, methodHandle, Handle, bool, objArrayHandle, BasicType, objArrayHandle, bool, Thread*)+0xe12
V  [libjvm.dylib+0x4d7d64]  Reflection::invoke_method(oopDesc*, Handle, objArrayHandle, Thread*)+0x16c
V  [libjvm.dylib+0x349138]  JVM_InvokeMethod+0x166
j  sun.reflect.NativeMethodAccessorImpl.invoke0(Ljava/lang/reflect/Method;Ljava/lang/Object;[Ljava/lang/Object;)Ljava/lang/Object;+0
j  sun.reflect.NativeMethodAccessorImpl.invoke(Ljava/lang/Object;[Ljava/lang/Object;)Ljava/lang/Object;+100
j  sun.reflect.DelegatingMethodAccessorImpl.invoke(Ljava/lang/Object;[Ljava/lang/Object;)Ljava/lang/Object;+6
j  java.lang.reflect.Method.invoke(Ljava/lang/Object;[Ljava/lang/Object;)Ljava/lang/Object;+56
j  net.minecraftforge.gradle.GradleStartCommon.launch([Ljava/lang/String;)V+169
j  GradleStart.main([Ljava/lang/String;)V+11
v  ~StubRoutines::call_stub
V  [libjvm.dylib+0x2f0bea]  JavaCalls::call_helper(JavaValue*, methodHandle*, JavaCallArguments*, Thread*)+0x6ae
V  [libjvm.dylib+0x327b91]  jni_invoke_static(JNIEnv_*, JavaValue*, _jobject*, JNICallType, _jmethodID*, JNI_ArgumentPusher*, Thread*)+0x1bf
V  [libjvm.dylib+0x32091d]  jni_CallStaticVoidMethod+0x15d
C  [java+0x38c6]  JavaMain+0x9c4
C  [libsystem_pthread.dylib+0x69b4]  _pthread_start+0xe0
C  [libsystem_pthread.dylib+0x24d7]  thread_start+0xf
C  0x0000000000000000

Java frames: (J=compiled Java code, j=interpreted, Vv=VM code)
j  org.lwjgl.opengl.MacOSXContextImplementation.setView(Ljava/nio/ByteBuffer;Ljava/nio/ByteBuffer;)V+0
j  org.lwjgl.opengl.MacOSXContextImplementation.makeCurrent(Lorg/lwjgl/opengl/PeerInfo;Ljava/nio/ByteBuffer;)V+7
j  org.lwjgl.opengl.ContextGL.makeCurrent()V+46
j  org.lwjgl.opengl.DrawableGL.makeCurrent()V+14
j  org.lwjgl.opengl.Display.makeCurrent()V+3
j  org.lwjgl.opengl.Display.makeCurrentAndSetSwapInterval()V+0
j  org.lwjgl.opengl.Display.create(Lorg/lwjgl/opengl/PixelFormat;Lorg/lwjgl/opengl/Drawable;Lorg/lwjgl/opengl/ContextAttribs;)V+108
j  org.lwjgl.opengl.Display.create(Lorg/lwjgl/opengl/PixelFormat;)V+12
j  net.minecraft.client.Minecraft.createDisplay()V+22
j  net.minecraft.client.Minecraft.init()V+115
j  net.minecraft.client.Minecraft.run()V+6
j  net.minecraft.client.main.Main.main([Ljava/lang/String;)V+1094
v  ~StubRoutines::call_stub
j  sun.reflect.NativeMethodAccessorImpl.invoke0(Ljava/lang/reflect/Method;Ljava/lang/Object;[Ljava/lang/Object;)Ljava/lang/Object;+0
j  sun.reflect.NativeMethodAccessorImpl.invoke(Ljava/lang/Object;[Ljava/lang/Object;)Ljava/lang/Object;+100
J 1512 C1 sun.reflect.DelegatingMethodAccessorImpl.invoke(Ljava/lang/Object;[Ljava/lang/Object;)Ljava/lang/Object; (10 bytes) @ 0x00000001148fd64c [0x00000001148fd540+0x10c]
J 1511 C1 java.lang.reflect.Method.invoke(Ljava/lang/Object;[Ljava/lang/Object;)Ljava/lang/Object; (62 bytes) @ 0x00000001148fde1c [0x00000001148fda20+0x3fc]
j  net.minecraft.launchwrapper.Launch.launch([Ljava/lang/String;)V+661
j  net.minecraft.launchwrapper.Launch.main([Ljava/lang/String;)V+8
v  ~StubRoutines::call_stub
j  sun.reflect.NativeMethodAccessorImpl.invoke0(Ljava/lang/reflect/Method;Ljava/lang/Object;[Ljava/lang/Object;)Ljava/lang/Object;+0
j  sun.reflect.NativeMethodAccessorImpl.invoke(Ljava/lang/Object;[Ljava/lang/Object;)Ljava/lang/Object;+100
j  sun.reflect.DelegatingMethodAccessorImpl.invoke(Ljava/lang/Object;[Ljava/lang/Object;)Ljava/lang/Object;+6
j  java.lang.reflect.Method.invoke(Ljava/lang/Object;[Ljava/lang/Object;)Ljava/lang/Object;+56
j  net.minecraftforge.gradle.GradleStartCommon.launch([Ljava/lang/String;)V+169
j  GradleStart.main([Ljava/lang/String;)V+11
v  ~StubRoutines::call_stub

---------------  P R O C E S S  ---------------

Java Threads: ( => current thread )
  0x00007f8bed28e000 JavaThread "AWT-Shutdown" [_thread_blocked, id=51467, stack(0x00007000064c1000,0x00007000065c1000)]
  0x00007f8bf50ff800 JavaThread "Timer hack thread" daemon [_thread_blocked, id=26399, stack(0x0000700006132000,0x0000700006232000)]
  0x00007f8beb072800 JavaThread "Snooper Timer" daemon [_thread_blocked, id=84491, stack(0x00007000063be000,0x00007000064be000)]
  0x00007f8bed5a6800 JavaThread "AppKit Thread" daemon [_thread_in_native, id=775, stack(0x00007ffeeacd4000,0x00007ffeeb4d4000)]
  0x00007f8beb174800 JavaThread "process reaper" daemon [_thread_blocked, id=14347, stack(0x0000700006107000,0x000070000612f000)]
  0x00007f8beb85c800 JavaThread "Service Thread" daemon [_thread_blocked, id=16643, stack(0x0000700005f01000,0x0000700006001000)]
  0x00007f8bed810800 JavaThread "C1 CompilerThread2" daemon [_thread_blocked, id=17155, stack(0x0000700005dfe000,0x0000700005efe000)]
  0x00007f8beb854000 JavaThread "C2 CompilerThread1" daemon [_thread_blocked, id=17411, stack(0x0000700005cfb000,0x0000700005dfb000)]
  0x00007f8beb852000 JavaThread "C2 CompilerThread0" daemon [_thread_in_native, id=17667, stack(0x0000700005bf8000,0x0000700005cf8000)]
  0x00007f8beb036000 JavaThread "Signal Dispatcher" daemon [_thread_blocked, id=13571, stack(0x0000700005af5000,0x0000700005bf5000)]
  0x00007f8beb032800 JavaThread "Finalizer" daemon [_thread_blocked, id=20227, stack(0x00007000058ec000,0x00007000059ec000)]
  0x00007f8beb83b800 JavaThread "Reference Handler" daemon [_thread_blocked, id=20483, stack(0x00007000057e9000,0x00007000058e9000)]
=>0x00007f8beb80a800 JavaThread "Client thread" [_thread_in_native, id=3075, stack(0x0000700004fd1000,0x00007000050d1000)]

Other Threads:
  0x00007f8beb028800 VMThread [stack: 0x00007000056e6000,0x00007000057e6000] [id=11267]
  0x00007f8bed06d800 WatcherThread [stack: 0x0000700006004000,0x0000700006104000] [id=16131]

VM state:not at safepoint (normal execution)

VM Mutex/Monitor currently owned by a thread: None

heap address: 0x0000000740000000, size: 2048 MB, Compressed Oops mode: Zero based, Oop shift amount: 3
Narrow klass base: 0x0000000000000000, Narrow klass shift: 3
Compressed class space size: 1073741824 Address: 0x00000007c0000000

Heap:
 PSYoungGen      total 262144K, used 148069K [0x0000000795580000, 0x00000007aca00000, 0x00000007c0000000)
  eden space 230400K, 59% used [0x0000000795580000,0x000000079dc64ea0,0x00000007a3680000)
  from space 31744K, 31% used [0x00000007a3680000,0x00000007a4034860,0x00000007a5580000)
  to   space 30720K, 0% used [0x00000007aac00000,0x00000007aac00000,0x00000007aca00000)
 ParOldGen       total 99328K, used 62409K [0x0000000740000000, 0x0000000746100000, 0x0000000795580000)
  object space 99328K, 62% used [0x0000000740000000,0x0000000743cf2788,0x0000000746100000)
 Metaspace       used 33583K, capacity 34024K, committed 34264K, reserved 1079296K
  class space    used 4616K, capacity 4762K, committed 4864K, reserved 1048576K

Card table byte_map: [0x0000000108b79000,0x0000000108f7a000] byte_map_base: 0x0000000105179000

Marking Bits: (ParMarkBitMap*) 0x00000001080fbe40
 Begin Bits: [0x0000000109225000, 0x000000010b225000)
 End Bits:   [0x000000010b225000, 0x000000010d225000)

Polling page: 0x00000001047a5000

CodeCache: size=245760Kb used=12769Kb max_used=12782Kb free=232990Kb
 bounds [0x00000001143fd000, 0x000000011508d000, 0x00000001233fd000]
 total_blobs=3986 nmethods=3444 adapters=455
 compilation: enabled

Compilation events (10 events):
Event: 6.488 Thread 0x00007f8bed810800 nmethod 3543 0x0000000115038f50 code [0x00000001150390c0, 0x0000000115039250]
Event: 6.488 Thread 0x00007f8bed810800 3544       3       sun.reflect.ReflectionFactory::checkInitted (19 bytes)
Event: 6.488 Thread 0x00007f8bed810800 nmethod 3544 0x000000011502e750 code [0x000000011502e8e0, 0x000000011502eba8]
Event: 6.490 Thread 0x00007f8bed810800 3546       3       java.lang.reflect.Field::setFieldAccessor (34 bytes)
Event: 6.490 Thread 0x00007f8bed810800 nmethod 3546 0x0000000115063b50 code [0x0000000115063ce0, 0x0000000115064068]
Event: 6.500 Thread 0x00007f8beb852000 nmethod 2855 0x00000001150779d0 code [0x0000000115077f40, 0x000000011507e5e8]
Event: 6.500 Thread 0x00007f8beb852000 3547       4       java.lang.Integer::valueOf (32 bytes)
Event: 6.501 Thread 0x00007f8beb852000 nmethod 3547 0x00000001150609d0 code [0x0000000115060b20, 0x0000000115060bf8]
Event: 6.501 Thread 0x00007f8beb852000 2769       4       org.objectweb.asm.ClassWriter::newFieldItem (77 bytes)
Event: 6.507 Thread 0x00007f8beb854000 nmethod 2775 0x0000000115072550 code [0x00000001150728c0, 0x00000001150755d0]

GC Heap History (10 events):
Event: 3.564 GC heap before
{Heap before GC invocations=11 (full 1):
 PSYoungGen      total 129536K, used 75466K [0x0000000795580000, 0x00000007a5980000, 0x00000007c0000000)
  eden space 102400K, 49% used [0x0000000795580000,0x00000007986d83b0,0x000000079b980000)
  from space 27136K, 91% used [0x000000079b980000,0x000000079d1da4a8,0x000000079d400000)
  to   space 30720K, 0% used [0x00000007a3b80000,0x00000007a3b80000,0x00000007a5980000)
 ParOldGen       total 87552K, used 35047K [0x0000000740000000, 0x0000000745580000, 0x0000000795580000)
  object space 87552K, 40% used [0x0000000740000000,0x0000000742239d88,0x0000000745580000)
 Metaspace       used 21562K, capacity 21846K, committed 21976K, reserved 1069056K
  class space    used 2666K, capacity 2770K, committed 2816K, reserved 1048576K
Event: 3.585 GC heap after
Heap after GC invocations=11 (full 1):
 PSYoungGen      total 189952K, used 25655K [0x0000000795580000, 0x00000007a5500000, 0x00000007c0000000)
  eden space 163840K, 0% used [0x0000000795580000,0x0000000795580000,0x000000079f580000)
  from space 26112K, 98% used [0x00000007a3b80000,0x00000007a548dc78,0x00000007a5500000)
  to   space 33792K, 0% used [0x00000007a1300000,0x00000007a1300000,0x00000007a3400000)
 ParOldGen       total 87552K, used 44429K [0x0000000740000000, 0x0000000745580000, 0x0000000795580000)
  object space 87552K, 50% used [0x0000000740000000,0x0000000742b63460,0x0000000745580000)
 Metaspace       used 21562K, capacity 21846K, committed 21976K, reserved 1069056K
  class space    used 2666K, capacity 2770K, committed 2816K, reserved 1048576K
}
Event: 3.585 GC heap before
{Heap before GC invocations=12 (full 2):
 PSYoungGen      total 189952K, used 25655K [0x0000000795580000, 0x00000007a5500000, 0x00000007c0000000)
  eden space 163840K, 0% used [0x0000000795580000,0x0000000795580000,0x000000079f580000)
  from space 26112K, 98% used [0x00000007a3b80000,0x00000007a548dc78,0x00000007a5500000)
  to   space 33792K, 0% used [0x00000007a1300000,0x00000007a1300000,0x00000007a3400000)
 ParOldGen       total 87552K, used 44429K [0x0000000740000000, 0x0000000745580000, 0x0000000795580000)
  object space 87552K, 50% used [0x0000000740000000,0x0000000742b63460,0x0000000745580000)
 Metaspace       used 21562K, capacity 21846K, committed 21976K, reserved 1069056K
  class space    used 2666K, capacity 2770K, committed 2816K, reserved 1048576K
Event: 3.646 GC heap after
Heap after GC invocations=12 (full 2):
 PSYoungGen      total 189952K, used 0K [0x0000000795580000, 0x00000007a5500000, 0x00000007c0000000)
  eden space 163840K, 0% used [0x0000000795580000,0x0000000795580000,0x000000079f580000)
  from space 26112K, 0% used [0x00000007a3b80000,0x00000007a3b80000,0x00000007a5500000)
  to   space 33792K, 0% used [0x00000007a1300000,0x00000007a1300000,0x00000007a3400000)
 ParOldGen       total 99328K, used 44614K [0x0000000740000000, 0x0000000746100000, 0x0000000795580000)
  object space 99328K, 44% used [0x0000000740000000,0x0000000742b918e8,0x0000000746100000)
 Metaspace       used 21562K, capacity 21846K, committed 21976K, reserved 1069056K
  class space    used 2666K, capacity 2770K, committed 2816K, reserved 1048576K
}
Event: 4.317 GC heap before
{Heap before GC invocations=13 (full 2):
 PSYoungGen      total 189952K, used 163840K [0x0000000795580000, 0x00000007a5500000, 0x00000007c0000000)
  eden space 163840K, 100% used [0x0000000795580000,0x000000079f580000,0x000000079f580000)
  from space 26112K, 0% used [0x00000007a3b80000,0x00000007a3b80000,0x00000007a5500000)
  to   space 33792K, 0% used [0x00000007a1300000,0x00000007a1300000,0x00000007a3400000)
 ParOldGen       total 99328K, used 44614K [0x0000000740000000, 0x0000000746100000, 0x0000000795580000)
  object space 99328K, 44% used [0x0000000740000000,0x0000000742b918e8,0x0000000746100000)
 Metaspace       used 25431K, capacity 25778K, committed 26072K, reserved 1073152K
  class space    used 3180K, capacity 3290K, committed 3328K, reserved 1048576K
Event: 4.323 GC heap after
Heap after GC invocations=13 (full 2):
 PSYoungGen      total 227840K, used 6741K [0x0000000795580000, 0x00000007a7600000, 0x00000007c0000000)
  eden space 194048K, 0% used [0x0000000795580000,0x0000000795580000,0x00000007a1300000)
  from space 33792K, 19% used [0x00000007a1300000,0x00000007a19957e0,0x00000007a3400000)
  to   space 33280K, 0% used [0x00000007a5580000,0x00000007a5580000,0x00000007a7600000)
 ParOldGen       total 99328K, used 44622K [0x0000000740000000, 0x0000000746100000, 0x0000000795580000)
  object space 99328K, 44% used [0x0000000740000000,0x0000000742b938e8,0x0000000746100000)
 Metaspace       used 25431K, capacity 25778K, committed 26072K, reserved 1073152K
  class space    used 3180K, capacity 3290K, committed 3328K, reserved 1048576K
}
Event: 5.236 GC heap before
{Heap before GC invocations=14 (full 2):
 PSYoungGen      total 227840K, used 200789K [0x0000000795580000, 0x00000007a7600000, 0x00000007c0000000)
  eden space 194048K, 100% used [0x0000000795580000,0x00000007a1300000,0x00000007a1300000)
  from space 33792K, 19% used [0x00000007a1300000,0x00000007a19957e0,0x00000007a3400000)
  to   space 33280K, 0% used [0x00000007a5580000,0x00000007a5580000,0x00000007a7600000)
 ParOldGen       total 99328K, used 44622K [0x0000000740000000, 0x0000000746100000, 0x0000000795580000)
  object space 99328K, 44% used [0x0000000740000000,0x0000000742b938e8,0x0000000746100000)
 Metaspace       used 27000K, capacity 27314K, committed 27736K, reserved 1073152K
  class space    used 3514K, capacity 3610K, committed 3712K, reserved 1048576K
Event: 5.251 GC heap after
Heap after GC invocations=14 (full 2):
 PSYoungGen      total 263680K, used 15110K [0x0000000795580000, 0x00000007a9780000, 0x00000007c0000000)
  eden space 230400K, 0% used [0x0000000795580000,0x0000000795580000,0x00000007a3680000)
  from space 33280K, 45% used [0x00000007a5580000,0x00000007a6441b58,0x00000007a7600000)
  to   space 31744K, 0% used [0x00000007a3680000,0x00000007a3680000,0x00000007a5580000)
 ParOldGen       total 99328K, used 48788K [0x0000000740000000, 0x0000000746100000, 0x0000000795580000)
  object space 99328K, 49% used [0x0000000740000000,0x0000000742fa5128,0x0000000746100000)
 Metaspace       used 27000K, capacity 27314K, committed 27736K, reserved 1073152K
  class space    used 3514K, capacity 3610K, committed 3712K, reserved 1048576K
}
Event: 5.816 GC heap before
{Heap before GC invocations=15 (full 2):
 PSYoungGen      total 263680K, used 245510K [0x0000000795580000, 0x00000007a9780000, 0x00000007c0000000)
  eden space 230400K, 100% used [0x0000000795580000,0x00000007a3680000,0x00000007a3680000)
  from space 33280K, 45% used [0x00000007a5580000,0x00000007a6441b58,0x00000007a7600000)
  to   space 31744K, 0% used [0x00000007a3680000,0x00000007a3680000,0x00000007a5580000)
 ParOldGen       total 99328K, used 48788K [0x0000000740000000, 0x0000000746100000, 0x0000000795580000)
  object space 99328K, 49% used [0x0000000740000000,0x0000000742fa5128,0x0000000746100000)
 Metaspace       used 31125K, capacity 31410K, committed 31576K, reserved 1077248K
  class space    used 4334K, capacity 4442K, committed 4480K, reserved 1048576K
Event: 5.852 GC heap after
Heap after GC invocations=15 (full 2):
 PSYoungGen      total 262144K, used 9938K [0x0000000795580000, 0x00000007aca00000, 0x00000007c0000000)
  eden space 230400K, 0% used [0x0000000795580000,0x0000000795580000,0x00000007a3680000)
  from space 31744K, 31% used [0x00000007a3680000,0x00000007a4034860,0x00000007a5580000)
  to   space 30720K, 0% used [0x00000007aac00000,0x00000007aac00000,0x00000007aca00000)
 ParOldGen       total 99328K, used 62409K [0x0000000740000000, 0x0000000746100000, 0x0000000795580000)
  object space 99328K, 62% used [0x0000000740000000,0x0000000743cf2788,0x0000000746100000)
 Metaspace       used 31125K, capacity 31410K, committed 31576K, reserved 1077248K
  class space    used 4334K, capacity 4442K, committed 4480K, reserved 1048576K
}

Deoptimization events (10 events):
Event: 5.917 Thread 0x00007f8beb80a800 Uncommon trap: reason=bimorphic action=maybe_recompile pc=0x0000000114689690 method=java.util.zip.InflaterInputStream.read([BII)I @ 100
Event: 5.919 Thread 0x00007f8beb80a800 Uncommon trap: reason=bimorphic action=maybe_recompile pc=0x0000000114689690 method=java.util.zip.InflaterInputStream.read([BII)I @ 100
Event: 5.920 Thread 0x00007f8beb80a800 Uncommon trap: reason=bimorphic action=maybe_recompile pc=0x0000000114689690 method=java.util.zip.InflaterInputStream.read([BII)I @ 100
Event: 5.921 Thread 0x00007f8beb80a800 Uncommon trap: reason=bimorphic action=maybe_recompile pc=0x0000000114689690 method=java.util.zip.InflaterInputStream.read([BII)I @ 100
Event: 6.044 Thread 0x00007f8beb80a800 Uncommon trap: reason=unstable_if action=reinterpret pc=0x0000000114f101f4 method=net.minecraftforge.fml.common.asm.transformers.TerminalTransformer$ExitVisitor$1.visitMethodInsn(ILjava/lang/String;Ljava/lang/String;Ljava/lang/String;Z)V @ 22
Event: 6.059 Thread 0x00007f8beb80a800 Uncommon trap: reason=class_check action=maybe_recompile pc=0x0000000114bd72ac method=com.google.common.base.Splitter$SplittingIterator.computeNext()Ljava/lang/String; @ 232
Event: 6.059 Thread 0x00007f8beb80a800 Uncommon trap: reason=class_check action=maybe_recompile pc=0x0000000114bd72ac method=com.google.common.base.Splitter$SplittingIterator.computeNext()Ljava/lang/String; @ 232
Event: 6.059 Thread 0x00007f8beb80a800 Uncommon trap: reason=class_check action=maybe_recompile pc=0x0000000114bd72ac method=com.google.common.base.Splitter$SplittingIterator.computeNext()Ljava/lang/String; @ 232
Event: 6.059 Thread 0x00007f8beb80a800 Uncommon trap: reason=class_check action=maybe_recompile pc=0x0000000114bd72ac method=com.google.common.base.Splitter$SplittingIterator.computeNext()Ljava/lang/String; @ 232
Event: 6.236 Thread 0x00007f8beb80a800 Uncommon trap: reason=class_check action=maybe_recompile pc=0x0000000114b9dad0 method=com.google.common.base.Splitter$SplittingIterator.computeNext()Ljava/lang/String; @ 232

Classes redefined (0 events):
No events

Internal exceptions (10 events):
Event: 3.860 Thread 0x00007f8beb80a800 Implicit null exception at 0x000000011481a7f4 to 0x000000011481ba86
Event: 3.860 Thread 0x00007f8beb80a800 Exception <a 'java/lang/NullPointerException'> (0x00000007971dfdc8) thrown at [/Users/java_re/workspace/8-2-build-macosx-x86_64/jdk8u201/12322/hotspot/src/share/vm/runtime/sharedRuntime.cpp, line 605]
Event: 3.860 Thread 0x00007f8beb80a800 Implicit null exception at 0x000000011481a7f4 to 0x000000011481ba86
Event: 3.860 Thread 0x00007f8beb80a800 Exception <a 'java/lang/NullPointerException'> (0x00000007971e8510) thrown at [/Users/java_re/workspace/8-2-build-macosx-x86_64/jdk8u201/12322/hotspot/src/share/vm/runtime/sharedRuntime.cpp, line 605]
Event: 3.861 Thread 0x00007f8beb80a800 Implicit null exception at 0x000000011481a7f4 to 0x000000011481ba86
Event: 3.861 Thread 0x00007f8beb80a800 Exception <a 'java/lang/NullPointerException'> (0x00000007971f0598) thrown at [/Users/java_re/workspace/8-2-build-macosx-x86_64/jdk8u201/12322/hotspot/src/share/vm/runtime/sharedRuntime.cpp, line 605]
Event: 3.861 Thread 0x00007f8beb80a800 Implicit null exception at 0x000000011481a7f4 to 0x000000011481ba86
Event: 3.861 Thread 0x00007f8beb80a800 Exception <a 'java/lang/NullPointerException'> (0x00000007971f8d28) thrown at [/Users/java_re/workspace/8-2-build-macosx-x86_64/jdk8u201/12322/hotspot/src/share/vm/runtime/sharedRuntime.cpp, line 605]
Event: 3.950 Thread 0x00007f8beb80a800 Implicit null exception at 0x0000000114704a35 to 0x0000000114704c45
Event: 3.950 Thread 0x00007f8beb80a800 Implicit null exception at 0x00000001146f2fef to 0x00000001146f3059

Events (10 events):
Event: 6.493 loading class org/lwjgl/opengl/ContextGL
Event: 6.493 loading class org/lwjgl/opengl/ContextGL done
Event: 6.495 loading class org/lwjgl/opengl/ContextImplementation
Event: 6.495 loading class org/lwjgl/opengl/ContextImplementation done
Event: 6.495 loading class org/lwjgl/opengl/MacOSXContextImplementation
Event: 6.495 loading class org/lwjgl/opengl/MacOSXContextImplementation done
Event: 6.495 loading class org/lwjgl/opengl/GLContext
Event: 6.495 loading class org/lwjgl/opengl/GLContext done
Event: 6.497 loading class org/lwjgl/opengl/GLContext$CapabilitiesCacheEntry
Event: 6.497 loading class org/lwjgl/opengl/GLContext$CapabilitiesCacheEntry done


Dynamic libraries:
0x00007fff263e0000 	/System/Library/Frameworks/Cocoa.framework/Versions/A/Cocoa
0x00007fff32990000 	/System/Library/Frameworks/Security.framework/Versions/A/Security
0x00007fff25275000 	/System/Library/Frameworks/ApplicationServices.framework/Versions/A/ApplicationServices
0x00007fff67d9c000 	/usr/lib/libz.1.dylib
0x00007fff65535000 	/usr/lib/libSystem.B.dylib
0x00007fff6762e000 	/usr/lib/libobjc.A.dylib
0x00007fff274c8000 	/System/Library/Frameworks/CoreFoundation.framework/Versions/A/CoreFoundation
0x00007fff29ebc000 	/System/Library/Frameworks/Foundation.framework/Versions/C/Foundation
0x00007fff24399000 	/System/Library/Frameworks/AppKit.framework/Versions/C/AppKit
0x00007fff26f87000 	/System/Library/Frameworks/CoreData.framework/Versions/A/CoreData
0x00007fff5deb4000 	/System/Library/PrivateFrameworks/UIFoundation.framework/Versions/A/UIFoundation
0x00007fff5816b000 	/System/Library/PrivateFrameworks/RemoteViewServices.framework/Versions/A/RemoteViewServices
0x00007fff613b9000 	/System/Library/PrivateFrameworks/XCTTargetBootstrap.framework/Versions/A/XCTTargetBootstrap
0x00007fff67841000 	/usr/lib/libspindump.dylib
0x00007fff34042000 	/System/Library/Frameworks/UniformTypeIdentifiers.framework/Versions/A/UniformTypeIdentifiers
0x00007fff6563a000 	/usr/lib/libapp_launch_measurement.dylib
0x00007fff408fe000 	/System/Library/PrivateFrameworks/CoreAutoLayout.framework/Versions/A/CoreAutoLayout
0x00007fff2d4be000 	/System/Library/Frameworks/Metal.framework/Versions/A/Metal
0x00007fff668e9000 	/usr/lib/liblangid.dylib
0x00007fff425c0000 	/System/Library/PrivateFrameworks/CoreSVG.framework/Versions/A/CoreSVG
0x00007fff5b716000 	/System/Library/PrivateFrameworks/SkyLight.framework/Versions/A/SkyLight
0x00007fff279c3000 	/System/Library/Frameworks/CoreGraphics.framework/Versions/A/CoreGraphics
0x00007fff22b34000 	/System/Library/Frameworks/Accelerate.framework/Versions/A/Accelerate
0x00007fff4fa2a000 	/System/Library/PrivateFrameworks/IconServices.framework/Versions/A/IconServices
0x00007fff2a71d000 	/System/Library/Frameworks/IOSurface.framework/Versions/A/IOSurface
0x00007fff650e2000 	/usr/lib/libDiagnosticMessagesClient.dylib
0x00007fff4332e000 	/System/Library/PrivateFrameworks/DFRFoundation.framework/Versions/A/DFRFoundation
0x00007fff6661e000 	/usr/lib/libicucore.A.dylib
0x00007fff2542c000 	/System/Library/Frameworks/AudioToolbox.framework/Versions/A/AudioToolbox
0x00007fff433d6000 	/System/Library/PrivateFrameworks/DataDetectorsCore.framework/Versions/A/DataDetectorsCore
0x00007fff25e67000 	/System/Library/Frameworks/Carbon.framework/Versions/A/Frameworks/HIToolbox.framework/Versions/A/HIToolbox
0x00007fff31bb1000 	/System/Library/Frameworks/QuartzCore.framework/Versions/A/QuartzCore
0x00007fff2619b000 	/System/Library/Frameworks/Carbon.framework/Versions/A/Frameworks/SpeechRecognition.framework/Versions/A/SpeechRecognition
0x00007fff42d60000 	/System/Library/PrivateFrameworks/CoreUI.framework/Versions/A/CoreUI
0x00007fff26809000 	/System/Library/Frameworks/CoreAudio.framework/Versions/A/CoreAudio
0x00007fff29b56000 	/System/Library/Frameworks/DiskArbitration.framework/Versions/A/DiskArbitration
0x00007fff51ff8000 	/System/Library/PrivateFrameworks/MultitouchSupport.framework/Versions/A/MultitouchSupport
0x00007fff664b7000 	/usr/lib/libenergytrace.dylib
0x00007fff2a672000 	/System/Library/Frameworks/IOKit.framework/Versions/A/IOKit
0x00007fff28c42000 	/System/Library/Frameworks/CoreServices.framework/Versions/A/CoreServices
0x00007fff5485a000 	/System/Library/PrivateFrameworks/PerformanceAnalysis.framework/Versions/A/PerformanceAnalysis
0x00007fff30d7a000 	/System/Library/Frameworks/OpenGL.framework/Versions/A/OpenGL
0x00007fff5edce000 	/System/Library/PrivateFrameworks/UserActivity.framework/Versions/A/UserActivity
0x00007fff263f4000 	/System/Library/Frameworks/ColorSync.framework/Versions/A/ColorSync
0x00007fff28097000 	/System/Library/Frameworks/CoreImage.framework/Versions/A/CoreImage
0x00007fff295a7000 	/System/Library/Frameworks/CoreText.framework/Versions/A/CoreText
0x00007fff2a7be000 	/System/Library/Frameworks/ImageIO.framework/Versions/A/ImageIO
0x00007fff5c023000 	/System/Library/PrivateFrameworks/SoftLinking.framework/Versions/A/SoftLinking
0x00007fff67c8c000 	/usr/lib/libxml2.2.dylib
0x00007fff6597c000 	/usr/lib/libc++.1.dylib
0x00007fff65a02000 	/usr/lib/libcompression.dylib
0x00007fff65394000 	/usr/lib/libMobileGestalt.dylib
0x00007fff5d8b5000 	/System/Library/PrivateFrameworks/TextureIO.framework/Versions/A/TextureIO
0x00007fff656ff000 	/usr/lib/libate.dylib
0x00007fff4fe2b000 	/System/Library/PrivateFrameworks/InternationalSupport.framework/Versions/A/InternationalSupport
0x00007fff6867b000 	/usr/lib/system/libcache.dylib
0x00007fff68684000 	/usr/lib/system/libcommonCrypto.dylib
0x00007fff68691000 	/usr/lib/system/libcompiler_rt.dylib
0x00007fff68699000 	/usr/lib/system/libcopyfile.dylib
0x00007fff686a4000 	/usr/lib/system/libcorecrypto.dylib
0x00007fff6885e000 	/usr/lib/system/libdispatch.dylib
0x00007fff688a3000 	/usr/lib/system/libdyld.dylib
0x00007fff688de000 	/usr/lib/system/libkeymgr.dylib
0x00007fff688fb000 	/usr/lib/system/liblaunch.dylib
0x00007fff688fc000 	/usr/lib/system/libmacho.dylib
0x00007fff68902000 	/usr/lib/system/libquarantine.dylib
0x00007fff68905000 	/usr/lib/system/libremovefile.dylib
0x00007fff68907000 	/usr/lib/system/libsystem_asl.dylib
0x00007fff6891e000 	/usr/lib/system/libsystem_blocks.dylib
0x00007fff68920000 	/usr/lib/system/libsystem_c.dylib
0x00007fff689a9000 	/usr/lib/system/libsystem_collections.dylib
0x00007fff689ac000 	/usr/lib/system/libsystem_configuration.dylib
0x00007fff689b0000 	/usr/lib/system/libsystem_containermanager.dylib
0x00007fff689c0000 	/usr/lib/system/libsystem_coreservices.dylib
0x00007fff689c5000 	/usr/lib/system/libsystem_darwin.dylib
0x00007fff689cf000 	/usr/lib/system/libsystem_dnssd.dylib
0x00007fff689d7000 	/usr/lib/system/libsystem_featureflags.dylib
0x00007fff689da000 	/usr/lib/system/libsystem_info.dylib
0x00007fff68a55000 	/usr/lib/system/libsystem_m.dylib
0x00007fff68a9d000 	/usr/lib/system/libsystem_malloc.dylib
0x00007fff68aca000 	/usr/lib/system/libsystem_networkextension.dylib
0x00007fff68ad9000 	/usr/lib/system/libsystem_notify.dylib
0x00007fff68aed000 	/usr/lib/system/libsystem_product_info_filter.dylib
0x00007fff68afa000 	/usr/lib/system/libsystem_sandbox.dylib
0x00007fff68aff000 	/usr/lib/system/libsystem_secinit.dylib
0x00007fff68a26000 	/usr/lib/system/libsystem_kernel.dylib
0x00007fff68ae3000 	/usr/lib/system/libsystem_platform.dylib
0x00007fff68aee000 	/usr/lib/system/libsystem_pthread.dylib
0x00007fff68b02000 	/usr/lib/system/libsystem_symptoms.dylib
0x00007fff68b0a000 	/usr/lib/system/libsystem_trace.dylib
0x00007fff68b26000 	/usr/lib/system/libunwind.dylib
0x00007fff68b31000 	/usr/lib/system/libxpc.dylib
0x00007fff659d2000 	/usr/lib/libc++abi.dylib
0x00007fff67626000 	/usr/lib/liboah.dylib
0x00007fff668eb000 	/usr/lib/liblzma.5.dylib
0x00007fff33df2000 	/System/Library/Frameworks/SystemConfiguration.framework/Versions/A/SystemConfiguration
0x00007fff664df000 	/usr/lib/libfakelink.dylib
0x00007fff2596b000 	/System/Library/Frameworks/CFNetwork.framework/Versions/A/CFNetwork
0x00007fff6568d000 	/usr/lib/libarchive.2.dylib
0x00007fff65005000 	/usr/lib/libCRFSuite.dylib
0x00007fff6595d000 	/usr/lib/libbsm.0.dylib
0x00007fff66f41000 	/usr/lib/libnetwork.dylib
0x00007fff67696000 	/usr/lib/libpcap.A.dylib
0x00007fff663fa000 	/usr/lib/libdns_services.dylib
0x00007fff65d4f000 	/usr/lib/libcoretls_cfhelpers.dylib
0x00007fff6563d000 	/usr/lib/libapple_nghttp2.dylib
0x00007fff688df000 	/usr/lib/system/libkxld.dylib
0x00007fff67844000 	/usr/lib/libsqlite3.dylib
0x00007fff3b9ea000 	/System/Library/PrivateFrameworks/AppleFSCompression.framework/Versions/A/AppleFSCompression
0x00007fff65d37000 	/usr/lib/libcoretls.dylib
0x00007fff6767f000 	/usr/lib/libpam.2.dylib
0x00007fff67c79000 	/usr/lib/libxar.1.dylib
0x00007fff3c16d000 	/System/Library/PrivateFrameworks/AppleSystemInfo.framework/Versions/A/AppleSystemInfo
0x00007fff4f647000 	/System/Library/PrivateFrameworks/IOMobileFramebuffer.framework/Versions/A/IOMobileFramebuffer
0x00007fff6596e000 	/usr/lib/libbz2.1.0.dylib
0x00007fff6652d000 	/usr/lib/libiconv.2.dylib
0x00007fff659eb000 	/usr/lib/libcharset.1.dylib
0x00007fff28fef000 	/System/Library/Frameworks/CoreServices.framework/Versions/A/Frameworks/FSEvents.framework/Versions/A/FSEvents
0x00007fff28cb8000 	/System/Library/Frameworks/CoreServices.framework/Versions/A/Frameworks/CarbonCore.framework/Versions/A/CarbonCore
0x00007fff29235000 	/System/Library/Frameworks/CoreServices.framework/Versions/A/Frameworks/Metadata.framework/Versions/A/Metadata
0x00007fff292d1000 	/System/Library/Frameworks/CoreServices.framework/Versions/A/Frameworks/OSServices.framework/Versions/A/OSServices
0x00007fff292ff000 	/System/Library/Frameworks/CoreServices.framework/Versions/A/Frameworks/SearchKit.framework/Versions/A/SearchKit
0x00007fff28c43000 	/System/Library/Frameworks/CoreServices.framework/Versions/A/Frameworks/AE.framework/Versions/A/AE
0x00007fff28ff8000 	/System/Library/Frameworks/CoreServices.framework/Versions/A/Frameworks/LaunchServices.framework/Versions/A/LaunchServices
0x00007fff28fa0000 	/System/Library/Frameworks/CoreServices.framework/Versions/A/Frameworks/DictionaryServices.framework/Versions/A/DictionaryServices
0x00007fff29367000 	/System/Library/Frameworks/CoreServices.framework/Versions/A/Frameworks/SharedFileList.framework/Versions/A/SharedFileList
0x00007fff6503d000 	/usr/lib/libCheckFix.dylib
0x00007fff5d337000 	/System/Library/PrivateFrameworks/TCC.framework/Versions/A/TCC
0x00007fff41556000 	/System/Library/PrivateFrameworks/CoreNLP.framework/Versions/A/CoreNLP
0x00007fff51a84000 	/System/Library/PrivateFrameworks/MetadataUtilities.framework/Versions/A/MetadataUtilities
0x00007fff66964000 	/usr/lib/libmecabra.dylib
0x00007fff2c47d000 	/System/Library/Frameworks/MLCompute.framework/Versions/A/MLCompute
0x00007fff6691b000 	/usr/lib/libmecab.dylib
0x00007fff664f1000 	/usr/lib/libgermantok.dylib
0x00007fff655c4000 	/usr/lib/libThaiTokenizer.dylib
0x00007fff65049000 	/usr/lib/libChineseTokenizer.dylib
0x00007fff2d9ed000 	/System/Library/Frameworks/MetalPerformanceShaders.framework/Versions/A/MetalPerformanceShaders
0x00007fff22b35000 	/System/Library/Frameworks/Accelerate.framework/Versions/A/Frameworks/vImage.framework/Versions/A/vImage
0x00007fff241be000 	/System/Library/Frameworks/Accelerate.framework/Versions/A/Frameworks/vecLib.framework/Versions/A/vecLib
0x00007fff240ff000 	/System/Library/Frameworks/Accelerate.framework/Versions/A/Frameworks/vecLib.framework/Versions/A/libvMisc.dylib
0x00007fff23f2b000 	/System/Library/Frameworks/Accelerate.framework/Versions/A/Frameworks/vecLib.framework/Versions/A/libvDSP.dylib
0x00007fff231d5000 	/System/Library/Frameworks/Accelerate.framework/Versions/A/Frameworks/vecLib.framework/Versions/A/libBLAS.dylib
0x00007fff23af0000 	/System/Library/Frameworks/Accelerate.framework/Versions/A/Frameworks/vecLib.framework/Versions/A/libLAPACK.dylib
0x00007fff23e8d000 	/System/Library/Frameworks/Accelerate.framework/Versions/A/Frameworks/vecLib.framework/Versions/A/libLinearAlgebra.dylib
0x00007fff23f18000 	/System/Library/Frameworks/Accelerate.framework/Versions/A/Frameworks/vecLib.framework/Versions/A/libSparseBLAS.dylib
0x00007fff23ea3000 	/System/Library/Frameworks/Accelerate.framework/Versions/A/Frameworks/vecLib.framework/Versions/A/libQuadrature.dylib
0x00007fff23439000 	/System/Library/Frameworks/Accelerate.framework/Versions/A/Frameworks/vecLib.framework/Versions/A/libBNNS.dylib
0x00007fff23ea9000 	/System/Library/Frameworks/Accelerate.framework/Versions/A/Frameworks/vecLib.framework/Versions/A/libSparse.dylib
0x00007fff2d5ff000 	/System/Library/Frameworks/MetalPerformanceShaders.framework/Versions/A/Frameworks/MPSCore.framework/Versions/A/MPSCore
0x00007fff2d667000 	/System/Library/Frameworks/MetalPerformanceShaders.framework/Versions/A/Frameworks/MPSImage.framework/Versions/A/MPSImage
0x00007fff2d76e000 	/System/Library/Frameworks/MetalPerformanceShaders.framework/Versions/A/Frameworks/MPSNeuralNetwork.framework/Versions/A/MPSNeuralNetwork
0x00007fff2d6fb000 	/System/Library/Frameworks/MetalPerformanceShaders.framework/Versions/A/Frameworks/MPSMatrix.framework/Versions/A/MPSMatrix
0x00007fff2d999000 	/System/Library/Frameworks/MetalPerformanceShaders.framework/Versions/A/Frameworks/MPSRayIntersector.framework/Versions/A/MPSRayIntersector
0x00007fff2d72f000 	/System/Library/Frameworks/MetalPerformanceShaders.framework/Versions/A/Frameworks/MPSNDArray.framework/Versions/A/MPSNDArray
0x00007fff51af9000 	/System/Library/PrivateFrameworks/MetalTools.framework/Versions/A/MetalTools
0x00007fff3abc7000 	/System/Library/PrivateFrameworks/AggregateDictionary.framework/Versions/A/AggregateDictionary
0x00007fff4077b000 	/System/Library/PrivateFrameworks/CoreAnalytics.framework/Versions/A/CoreAnalytics
0x00007fff3c059000 	/System/Library/PrivateFrameworks/AppleSauce.framework/Versions/A/AppleSauce
0x00007fff4f603000 	/System/Library/PrivateFrameworks/IOAccelerator.framework/Versions/A/IOAccelerator
0x00007fff30214000 	/System/Library/Frameworks/OpenGL.framework/Versions/A/Libraries/libCoreFSCache.dylib
0x00007fff503a6000 	/System/Library/PrivateFrameworks/LanguageModeling.framework/Versions/A/LanguageModeling
0x00007fff40e75000 	/System/Library/PrivateFrameworks/CoreEmoji.framework/Versions/A/CoreEmoji
0x00007fff504e4000 	/System/Library/PrivateFrameworks/LinguisticData.framework/Versions/A/LinguisticData
0x00007fff50490000 	/System/Library/PrivateFrameworks/Lexicon.framework/Versions/A/Lexicon
0x00007fff659ec000 	/usr/lib/libcmph.dylib
0x00007fff2f8a1000 	/System/Library/Frameworks/OpenDirectory.framework/Versions/A/Frameworks/CFOpenDirectory.framework/Versions/A/CFOpenDirectory
0x00007fff2f8c1000 	/System/Library/Frameworks/OpenDirectory.framework/Versions/A/OpenDirectory
0x00007fff393b5000 	/System/Library/PrivateFrameworks/APFS.framework/Versions/A/APFS
0x00007fff32cdb000 	/System/Library/Frameworks/SecurityFoundation.framework/Versions/A/SecurityFoundation
0x00007fff67c75000 	/usr/lib/libutil.dylib
0x00007fff42621000 	/System/Library/PrivateFrameworks/CoreServicesStore.framework/Versions/A/CoreServicesStore
0x00007fff32dc5000 	/System/Library/Frameworks/ServiceManagement.framework/Versions/A/ServiceManagement
0x00007fff67d73000 	/usr/lib/libxslt.1.dylib
0x00007fff3d5df000 	/System/Library/PrivateFrameworks/BackgroundTaskManagement.framework/Versions/A/BackgroundTaskManagement
0x00007fff2ab1d000 	/System/Library/Frameworks/ImageIO.framework/Versions/A/Resources/libRadiance.dylib
0x00007fff2aad1000 	/System/Library/Frameworks/ImageIO.framework/Versions/A/Resources/libJPEG.dylib
0x00007fff2aaf6000 	/System/Library/Frameworks/ImageIO.framework/Versions/A/Resources/libPng.dylib
0x00007fff2ab20000 	/System/Library/Frameworks/ImageIO.framework/Versions/A/Resources/libTIFF.dylib
0x00007fff2a9ed000 	/System/Library/Frameworks/ImageIO.framework/Versions/A/Resources/libGIF.dylib
0x00007fff2a9f2000 	/System/Library/Frameworks/ImageIO.framework/Versions/A/Resources/libJP2.dylib
0x00007fff664b8000 	/usr/lib/libexpat.1.dylib
0x00007fff3bb6c000 	/System/Library/PrivateFrameworks/AppleJPEG.framework/Versions/A/AppleJPEG
0x00007fff4636b000 	/System/Library/PrivateFrameworks/FontServices.framework/libFontParser.dylib
0x00007fff5833f000 	/System/Library/PrivateFrameworks/RunningBoardServices.framework/Versions/A/RunningBoardServices
0x00007fff606a7000 	/System/Library/PrivateFrameworks/WatchdogClient.framework/Versions/A/WatchdogClient
0x00007fff27398000 	/System/Library/Frameworks/CoreDisplay.framework/Versions/A/CoreDisplay
0x00007fff289bf000 	/System/Library/Frameworks/CoreMedia.framework/Versions/A/CoreMedia
0x00007fff2978c000 	/System/Library/Frameworks/CoreVideo.framework/Versions/A/CoreVideo
0x00007fff34120000 	/System/Library/Frameworks/VideoToolbox.framework/Versions/A/VideoToolbox
0x00007fff3d691000 	/System/Library/PrivateFrameworks/BaseBoard.framework/Versions/A/BaseBoard
0x00007fff5486e000 	/System/Library/PrivateFrameworks/PersistentConnection.framework/Versions/A/PersistentConnection
0x00007fff57890000 	/System/Library/PrivateFrameworks/ProtocolBuffer.framework/Versions/A/ProtocolBuffer
0x00007fff3fb6a000 	/System/Library/PrivateFrameworks/CommonUtilities.framework/Versions/A/CommonUtilities
0x00007fff3dae9000 	/System/Library/PrivateFrameworks/Bom.framework/Versions/A/Bom
0x00007fff4b1db000 	/System/Library/PrivateFrameworks/GPUWrangler.framework/Versions/A/GPUWrangler
0x00007fff4f656000 	/System/Library/PrivateFrameworks/IOPresentment.framework/Versions/A/IOPresentment
0x00007fff43342000 	/System/Library/PrivateFrameworks/DSExternalDisplay.framework/Versions/A/DSExternalDisplay
0x00007fff3e1cb000 	/System/Library/PrivateFrameworks/CMCaptureCore.framework/Versions/A/CMCaptureCore
0x00007fff3b12b000 	/System/Library/PrivateFrameworks/AppServerSupport.framework/Versions/A/AppServerSupport
0x00007fff3c211000 	/System/Library/PrivateFrameworks/AssertionServices.framework/Versions/A/AssertionServices
0x00007fff3d04f000 	/System/Library/PrivateFrameworks/AudioToolboxCore.framework/Versions/A/AudioToolboxCore
0x00007fff6144d000 	/System/Library/PrivateFrameworks/caulk.framework/Versions/A/caulk
0x00007fff64fca000 	/usr/lib/libAudioToolboxUtility.dylib
0x00007fff303fd000 	/System/Library/Frameworks/OpenGL.framework/Versions/A/Libraries/libGLU.dylib
0x00007fff30220000 	/System/Library/Frameworks/OpenGL.framework/Versions/A/Libraries/libGFXShared.dylib
0x00007fff30229000 	/System/Library/Frameworks/OpenGL.framework/Versions/A/Libraries/libGL.dylib
0x00007fff30234000 	/System/Library/Frameworks/OpenGL.framework/Versions/A/Libraries/libGLImage.dylib
0x00007fff30211000 	/System/Library/Frameworks/OpenGL.framework/Versions/A/Libraries/libCVMSPluginSupport.dylib
0x00007fff3021b000 	/System/Library/Frameworks/OpenGL.framework/Versions/A/Libraries/libCoreVMClient.dylib
0x00007fff6534c000 	/usr/lib/libIOReport.dylib
0x00007fff2f848000 	/System/Library/Frameworks/OpenCL.framework/Versions/A/OpenCL
0x00007fff4cf20000 	/System/Library/PrivateFrameworks/GraphVisualizer.framework/Versions/A/GraphVisualizer
0x00007fff4582d000 	/System/Library/PrivateFrameworks/FaceCore.framework/Versions/A/FaceCore
0x00007fff5371f000 	/System/Library/PrivateFrameworks/OTSVG.framework/Versions/A/OTSVG
0x00007fff252e2000 	/System/Library/Frameworks/ApplicationServices.framework/Versions/A/Frameworks/ATS.framework/Versions/A/Resources/libFontRegistry.dylib
0x00007fff464c7000 	/System/Library/PrivateFrameworks/FontServices.framework/libhvf.dylib
0x00007fff3c171000 	/System/Library/PrivateFrameworks/AppleVA.framework/Versions/A/AppleVA
0x00007fff25276000 	/System/Library/Frameworks/ApplicationServices.framework/Versions/A/Frameworks/ATS.framework/Versions/A/ATS
0x00007fff25354000 	/System/Library/Frameworks/ApplicationServices.framework/Versions/A/Frameworks/ColorSyncLegacy.framework/Versions/A/ColorSyncLegacy
0x00007fff2535c000 	/System/Library/Frameworks/ApplicationServices.framework/Versions/A/Frameworks/HIServices.framework/Versions/A/HIServices
0x00007fff253b8000 	/System/Library/Frameworks/ApplicationServices.framework/Versions/A/Frameworks/LangAnalysis.framework/Versions/A/LangAnalysis
0x00007fff253c8000 	/System/Library/Frameworks/ApplicationServices.framework/Versions/A/Frameworks/PrintCore.framework/Versions/A/PrintCore
0x00007fff25410000 	/System/Library/Frameworks/ApplicationServices.framework/Versions/A/Frameworks/QD.framework/Versions/A/QD
0x00007fff2541c000 	/System/Library/Frameworks/ApplicationServices.framework/Versions/A/Frameworks/SpeechSynthesis.framework/Versions/A/SpeechSynthesis
0x00007fff25324000 	/System/Library/Frameworks/ApplicationServices.framework/Versions/A/Frameworks/ATSUI.framework/Versions/A/ATSUI
0x00007fff66332000 	/usr/lib/libcups.2.dylib
0x00007fff52590000 	/System/Library/PrivateFrameworks/NetAuth.framework/Versions/A/NetAuth
0x00007fff2c2bc000 	/System/Library/Frameworks/Kerberos.framework/Versions/A/Kerberos
0x00007fff2a2cb000 	/System/Library/Frameworks/GSS.framework/Versions/A/GSS
0x00007fff677c4000 	/usr/lib/libresolv.9.dylib
0x00007fff4d0f2000 	/System/Library/PrivateFrameworks/Heimdal.framework/Versions/A/Heimdal
0x00007fff2c2cc000 	/System/Library/Frameworks/Kerberos.framework/Versions/A/Libraries/libHeimdalProxy.dylib
0x00007fff2e879000 	/System/Library/Frameworks/Network.framework/Versions/A/Network
0x00007fff664f7000 	/usr/lib/libheimdal-asn1.dylib
0x00007fff3fb59000 	/System/Library/PrivateFrameworks/CommonAuth.framework/Versions/A/CommonAuth
0x00007fff623a0000 	/System/Library/PrivateFrameworks/login.framework/Versions/A/Frameworks/loginsupport.framework/Versions/A/loginsupport
0x00007fff3ceff000 	/System/Library/PrivateFrameworks/AudioSession.framework/Versions/A/AudioSession
0x00007fff64fba000 	/usr/lib/libAudioStatistics.dylib
0x00007fff5107a000 	/System/Library/PrivateFrameworks/MediaExperience.framework/Versions/A/MediaExperience
0x00007fff3cf69000 	/System/Library/PrivateFrameworks/AudioSession.framework/libSessionUtility.dylib
0x00007fff67712000 	/usr/lib/libperfcheck.dylib
0x00007fff623ed000 	/System/Library/PrivateFrameworks/perfdata.framework/Versions/A/perfdata
0x00007fff6543d000 	/usr/lib/libSMC.dylib
0x00007fff3c7ee000 	/System/Library/PrivateFrameworks/AudioResourceArbitration.framework/Versions/A/AudioResourceArbitration
0x00007fff4fa16000 	/System/Library/PrivateFrameworks/IconFoundation.framework/Versions/A/IconFoundation
0x00007fff5c4f5000 	/System/Library/PrivateFrameworks/SpeechRecognitionCore.framework/Versions/A/SpeechRecognitionCore
0x0000000107800000 	/Library/Java/JavaVirtualMachines/jdk1.8.0_201.jdk/Contents/Home/jre/lib/server/libjvm.dylib
0x00007fff67b2d000 	/usr/lib/libstdc++.6.dylib
0x0000000104761000 	/Library/Java/JavaVirtualMachines/jdk1.8.0_201.jdk/Contents/Home/jre/lib/libverify.dylib
0x000000010476f000 	/Library/Java/JavaVirtualMachines/jdk1.8.0_201.jdk/Contents/Home/jre/lib/libjava.dylib
0x00000001047ef000 	/Library/Java/JavaVirtualMachines/jdk1.8.0_201.jdk/Contents/Home/jre/lib/libzip.dylib
0x0000000110382000 	/Library/Java/JavaVirtualMachines/jdk1.8.0_201.jdk/Contents/Home/jre/lib/libmanagement.dylib
0x0000000110390000 	/Library/Java/JavaVirtualMachines/jdk1.8.0_201.jdk/Contents/Home/jre/lib/libnet.dylib
0x00000001105c2000 	/Library/Java/JavaVirtualMachines/jdk1.8.0_201.jdk/Contents/Home/jre/lib/libnio.dylib
0x00000001109d6000 	/private/var/folders/wm/6b5jfvpx6wb7kq8vmyyfkb9w0000gn/T/jna-1675555959/jna3873468938068103176.tmp
0x00007fff2c2b4000 	/System/Library/Frameworks/JavaVM.framework/Versions/A/JavaVM
0x0000000110ff2000 	/Library/Java/JavaVirtualMachines/jdk1.8.0_201.jdk/Contents/Home/jre/lib/libawt.dylib
0x000000011109b000 	/Library/Java/JavaVirtualMachines/jdk1.8.0_201.jdk/Contents/Home/jre/lib/libmlib_image.dylib
0x00007fff2b14c000 	/System/Library/Frameworks/JavaNativeFoundation.framework/Versions/A/JavaNativeFoundation
0x00007fff2b158000 	/System/Library/Frameworks/JavaRuntimeSupport.framework/Versions/A/JavaRuntimeSupport
0x00007fff25e5f000 	/System/Library/Frameworks/Carbon.framework/Versions/A/Carbon
0x00007fff42bee000 	/System/Library/PrivateFrameworks/CoreSymbolication.framework/Versions/A/CoreSymbolication
0x00007fff25e63000 	/System/Library/Frameworks/Carbon.framework/Versions/A/Frameworks/CommonPanels.framework/Versions/A/CommonPanels
0x00007fff26167000 	/System/Library/Frameworks/Carbon.framework/Versions/A/Frameworks/Help.framework/Versions/A/Help
0x00007fff2616b000 	/System/Library/Frameworks/Carbon.framework/Versions/A/Frameworks/ImageCapture.framework/Versions/A/ImageCapture
0x00007fff26177000 	/System/Library/Frameworks/Carbon.framework/Versions/A/Frameworks/OpenScripting.framework/Versions/A/OpenScripting
0x00007fff26173000 	/System/Library/Frameworks/Carbon.framework/Versions/A/Frameworks/Ink.framework/Versions/A/Ink
0x00007fff26193000 	/System/Library/Frameworks/Carbon.framework/Versions/A/Frameworks/Print.framework/Versions/A/Print
0x00007fff26197000 	/System/Library/Frameworks/Carbon.framework/Versions/A/Frameworks/SecurityHI.framework/Versions/A/SecurityHI
0x00007fff4349d000 	/System/Library/PrivateFrameworks/DebugSymbols.framework/Versions/A/DebugSymbols
0x0000000111167000 	/Library/Java/JavaVirtualMachines/jdk1.8.0_201.jdk/Contents/Home/jre/lib/libawt_lwawt.dylib
0x0000000111221000 	/Library/Java/JavaVirtualMachines/jdk1.8.0_201.jdk/Contents/Home/jre/lib/libosxapp.dylib
0x00007fff29d40000 	/System/Library/Frameworks/ExceptionHandling.framework/Versions/A/ExceptionHandling
0x00007fff425e9000 	/System/Library/PrivateFrameworks/CoreServicesInternal.framework/Versions/A/CoreServicesInternal
0x00000001120de000 	/usr/lib/libobjc-trampolines.dylib
0x00007fff29d66000 	/System/Library/Frameworks/FileProvider.framework/Versions/A/FileProvider
0x00007fff241c3000 	/System/Library/Frameworks/Accounts.framework/Versions/A/Accounts
0x00007fff4b81d000 	/System/Library/PrivateFrameworks/GenerationalStorage.framework/Versions/A/GenerationalStorage
0x00007fff5cdec000 	/System/Library/PrivateFrameworks/SymptomDiagnosticReporter.framework/Versions/A/SymptomDiagnosticReporter
0x00007fff3b0a4000 	/System/Library/PrivateFrameworks/AppContainer.framework/Versions/A/AppContainer
0x00007fff434da000 	/System/Library/PrivateFrameworks/DesktopServicesPriv.framework/Versions/A/DesktopServicesPriv
0x00007fff677e1000 	/usr/lib/libsandbox.1.dylib
0x00007fff5ee34000 	/System/Library/PrivateFrameworks/UserManagement.framework/Versions/A/UserManagement
0x00007fff51cef000 	/System/Library/PrivateFrameworks/MobileKeyBag.framework/Versions/A/MobileKeyBag
0x00007fff3ecf9000 	/System/Library/PrivateFrameworks/ChunkingLibrary.framework/Versions/A/ChunkingLibrary
0x00007fff59f18000 	/System/Library/PrivateFrameworks/SecCodeWrapper.framework/Versions/A/SecCodeWrapper
0x00007fff43259000 	/System/Library/PrivateFrameworks/CrashReporterSupport.framework/Versions/A/CrashReporterSupport
0x00007fff5a0dd000 	/System/Library/PrivateFrameworks/Sharing.framework/Versions/A/Sharing
0x00007fff3b6a2000 	/System/Library/PrivateFrameworks/Apple80211.framework/Versions/A/Apple80211
0x00007fff3d2c1000 	/System/Library/PrivateFrameworks/AuthKit.framework/Versions/A/AuthKit
0x00007fff42e9e000 	/System/Library/PrivateFrameworks/CoreUtils.framework/Versions/A/CoreUtils
0x00007fff297d3000 	/System/Library/Frameworks/CoreWLAN.framework/Versions/A/CoreWLAN
0x00007fff2a4eb000 	/System/Library/Frameworks/IOBluetooth.framework/Versions/A/IOBluetooth
0x00007fff4310c000 	/System/Library/PrivateFrameworks/CoreWiFi.framework/Versions/A/CoreWiFi
0x00007fff41aae000 	/System/Library/PrivateFrameworks/CorePhoneNumbers.framework/Versions/A/CorePhoneNumbers
0x00007fff3bb1a000 	/System/Library/PrivateFrameworks/AppleIDAuthSupport.framework/Versions/A/AppleIDAuthSupport
0x00007fff501f9000 	/System/Library/PrivateFrameworks/KeychainCircle.framework/Versions/A/KeychainCircle
0x00007fff2553e000 	/System/Library/Frameworks/AudioUnit.framework/Versions/A/AudioUnit
0x00007fff26ef7000 	/System/Library/Frameworks/CoreBluetooth.framework/Versions/A/CoreBluetooth
0x00007fff65354000 	/usr/lib/libMatch.1.dylib
0x0000000111dad000 	/System/Library/CoreServices/RawCamera.bundle/Contents/MacOS/RawCamera
0x00007fff51c69000 	/System/Library/PrivateFrameworks/MobileAsset.framework/Versions/A/MobileAsset
0x00007fff5cc85000 	/System/Library/PrivateFrameworks/StreamingZip.framework/Versions/A/StreamingZip
0x00007fff2c9d7000 	/System/Library/Frameworks/MediaToolbox.framework/Versions/A/MediaToolbox
0x00007fff40723000 	/System/Library/PrivateFrameworks/CoreAVCHD.framework/Versions/A/CoreAVCHD
0x00007fff2c83f000 	/System/Library/Frameworks/MediaAccessibility.framework/Versions/A/MediaAccessibility
0x00007fff50cfc000 	/System/Library/PrivateFrameworks/Mangrove.framework/Versions/A/Mangrove
0x00007fff3aef3000 	/System/Library/PrivateFrameworks/AlgosScoreFramework.framework/Versions/A/AlgosScoreFramework
0x00007fff3c1c5000 	/System/Library/PrivateFrameworks/AppleVPA.framework/Versions/A/AppleVPA
0x00007fff40368000 	/System/Library/PrivateFrameworks/CoreAUC.framework/Versions/A/CoreAUC
0x00000001120a9000 	/System/Library/Frameworks/Accelerate.framework/Versions/A/Frameworks/vImage.framework/Versions/A/Libraries/libCGInterfaces.dylib
0x00007fff45c6e000 	/System/Library/PrivateFrameworks/FamilyControls.framework/Versions/A/FamilyControls
0x00007fff3fb4d000 	/System/Library/PrivateFrameworks/CommerceKit.framework/Versions/A/Frameworks/CommerceCore.framework/Versions/A/CommerceCore
0x00007fff5d0a3000 	/System/Library/PrivateFrameworks/SystemAdministration.framework/Versions/A/SystemAdministration
0x00007fff43cbb000 	/System/Library/PrivateFrameworks/DiskManagement.framework/Versions/A/DiskManagement
0x00007fff29a7a000 	/System/Library/Frameworks/DirectoryService.framework/Versions/A/DirectoryService
0x00007fff43bb7000 	/System/Library/PrivateFrameworks/DiskImages.framework/Versions/A/DiskImages
0x00007fff505b4000 	/System/Library/PrivateFrameworks/LoginUIKit.framework/Versions/A/Frameworks/LoginUICore.framework/Versions/A/LoginUICore
0x00007fff65054000 	/usr/lib/libCoreStorage.dylib
0x00007fff6631f000 	/usr/lib/libcsfde.dylib
0x00007fff67667000 	/usr/lib/libodfde.dylib
0x00007fff511cb000 	/System/Library/PrivateFrameworks/MediaKit.framework/Versions/A/MediaKit
0x00007fff29a86000 	/System/Library/Frameworks/DiscRecording.framework/Versions/A/DiscRecording
0x00007fff57837000 	/System/Library/PrivateFrameworks/ProtectedCloudStorage.framework/Versions/A/ProtectedCloudStorage
0x00007fff43eac000 	/System/Library/PrivateFrameworks/EFILogin.framework/Versions/A/EFILogin
0x00007fff66393000 	/usr/lib/libcurl.4.dylib
0x00007fff66217000 	/usr/lib/libcrypto.44.dylib
0x00007fff67afb000 	/usr/lib/libssl.46.dylib
0x00007fff2c2d1000 	/System/Library/Frameworks/LDAP.framework/Versions/A/LDAP
0x00007fff5de66000 	/System/Library/PrivateFrameworks/TrustEvaluationAgent.framework/Versions/A/TrustEvaluationAgent
0x00007fff6782d000 	/usr/lib/libsasl2.2.dylib
0x00007fff40bce000 	/System/Library/PrivateFrameworks/CoreDaemon.framework/Versions/B/CoreDaemon
0x00007fff3c054000 	/System/Library/PrivateFrameworks/AppleSRP.framework/Versions/A/AppleSRP
0x00007fff603ab000 	/System/Library/PrivateFrameworks/ViewBridge.framework/Versions/A/ViewBridge
0x0000000123523000 	/Library/Java/JavaVirtualMachines/jdk1.8.0_201.jdk/Contents/Home/jre/lib/libfontmanager.dylib
0x00000001235a6000 	/Users/harleyoconnor/.gradle/caches/minecraft/net/minecraft/natives/1.12.2/liblwjgl.dylib
0x0000000113ceb000 	/Library/Java/JavaVirtualMachines/jdk1.8.0_201.jdk/Contents/Home/jre/lib/libjawt.dylib
0x0000000124018000 	/System/Library/Frameworks/OpenGL.framework/Versions/A/Resources/GLEngine.bundle/GLEngine
0x00007fff30268000 	/System/Library/Frameworks/OpenGL.framework/Versions/A/Libraries/libGLProgrammability.dylib
0x00000001241d8000 	/System/Library/Extensions/AppleIntelKBLGraphicsGLDriver.bundle/Contents/MacOS/AppleIntelKBLGraphicsGLDriver
0x00007fff4b1cf000 	/System/Library/PrivateFrameworks/GPUSupport.framework/Versions/A/Libraries/libGPUSupportMercury.dylib
0x000000012576c000 	/System/Library/Frameworks/OpenGL.framework/Versions/A/Resources/GLRendererFloat.bundle/GLRendererFloat
0x00007fff623a3000 	/System/Library/PrivateFrameworks/login.framework/Versions/A/login

VM Arguments:
jvm_args: -Dfile.encoding=UTF-8 -Duser.country=GB -Duser.language=en -Duser.variant 
java_command: GradleStart
java_class_path (initial): /Users/harleyoconnor/Library/Mobile Documents/com~apple~CloudDocs/Programming/Minecraft/Mods/DynamicTrees-ExC/.PLANNED/DynamicTrees-NaturesAura/libs/NaturesAura-18.1.jar:/Users/harleyoconnor/Library/Mobile Documents/com~apple~CloudDocs/Programming/Minecraft/Mods/DynamicTrees-ExC/.PLANNED/DynamicTrees-NaturesAura/libs/DynamicTrees-1.12.2-0.9.8.jar:/Users/harleyoconnor/.gradle/caches/minecraft/deobfedDeps/compileDummy.jar:/Users/harleyoconnor/.gradle/caches/minecraft/deobfedDeps/providedDummy.jar:/Users/harleyoconnor/.gradle/caches/minecraft/net/minecraftforge/forge/1.12.2-14.23.5.2838/snapshot/20171003/forgeSrc-1.12.2-14.23.5.2838.jar:/Users/harleyoconnor/.gradle/caches/modules-2/files-2.1/com.mojang/authlib/1.5.25/9834cdf236c22e84b946bba989e2f94ef5897c3c/authlib-1.5.25.jar:/Users/harleyoconnor/.gradle/caches/modules-2/files-2.1/com.google.code.findbugs/jsr305/3.0.1/f7be08ec23c21485b9b5a1cf1654c2ec8c58168d/jsr305-3.0.1.jar:/Users/harleyoconnor/.gradle/caches/modules-2/files-2.1/com.mojang/patchy/1.1/aef610b34a1be37fa851825f12372b78424d8903/patchy-1.1.jar:/Users/harleyoconnor/.gradle/caches/modules-2/files-2.1/oshi-project/oshi-core/1.1/9ddf7b048a8d701be231c0f4f95fd986198fd2d8/oshi-core-1.1.jar:/Users/harleyoconnor/.gradle/caches/modules-2/files-2.1/com.mojang/text2speech/1.10.3/48fd510879dff266c3815947de66e3d4809f8668/text2speech-1.10.3.jar:/Users/harleyoconnor/.gradle/caches/modules-2/files-2.1/ca.weblite/java-objc-bridge/1.0.0/6ef160c3133a78de015830860197602ca1c855d3/java-objc-bridge-1.0.0.jar:/Users/harleyoconnor/.gradle/caches/modules-2/files-2.1/net.java.dev.jna/jna/4.4.0/cb208278274bf12ebdb56c61bd7407e6f774d65a/jna-4.4.0.jar:/Users/harleyoconnor/.gradle/caches/modules-2/files-2.1/net.java.dev.jna/platform/3.4.0/e3f70017be8100d3d6923f50b3d2ee17714e9c13/platform-3.4.0.jar:/Users/harleyoconnor/.gradle/caches/modules-2/files-2.1/com.ibm.icu/icu4j-core-mojang/51.2/63d216a9311cca6be337c1e458e587f99d382b84/icu4j-core-mojang-51.2.jar:/Users
Launcher Type: SUN_STANDARD

Environment Variables:
PATH=/Library/Frameworks/Python.framework/Versions/3.7/bin:/usr/local/bin:/usr/bin:/bin:/usr/sbin:/sbin:/Applications/VMware Fusion.app/Contents/Public:/usr/local/share/dotnet:~/.dotnet/tools:/Library/Apple/usr/bin:/Library/Frameworks/Mono.framework/Versions/Current/Commands
SHELL=/bin/bash

Signal Handlers:
SIGSEGV: [libjvm.dylib+0x5b723d], sa_mask[0]=11111111011111110111111111111111, sa_flags=SA_ONSTACK|SA_RESTART|SA_SIGINFO
SIGBUS: [libjvm.dylib+0x5b723d], sa_mask[0]=11111111011111110111111111111111, sa_flags=SA_RESTART|SA_SIGINFO
SIGFPE: [libjvm.dylib+0x48c9bc], sa_mask[0]=11111111011111110111111111111111, sa_flags=SA_RESTART|SA_SIGINFO
SIGPIPE: [libjvm.dylib+0x48c9bc], sa_mask[0]=11111111011111110111111111111111, sa_flags=SA_RESTART|SA_SIGINFO
SIGXFSZ: [libjvm.dylib+0x48c9bc], sa_mask[0]=11111111011111110111111111111111, sa_flags=SA_RESTART|SA_SIGINFO
SIGILL: [libjvm.dylib+0x48c9bc], sa_mask[0]=11111111011111110111111111111111, sa_flags=SA_RESTART|SA_SIGINFO
SIGUSR1: SIG_DFL, sa_mask[0]=00000000000000000000000000000000, sa_flags=none
SIGUSR2: [libjvm.dylib+0x48c4da], sa_mask[0]=00100000000000000000000000000000, sa_flags=SA_RESTART|SA_SIGINFO
SIGHUP: [libjvm.dylib+0x48aa65], sa_mask[0]=11111111011111110111111111111111, sa_flags=SA_RESTART|SA_SIGINFO
SIGINT: [libjvm.dylib+0x48aa65], sa_mask[0]=11111111011111110111111111111111, sa_flags=SA_RESTART|SA_SIGINFO
SIGTERM: [libjvm.dylib+0x48aa65], sa_mask[0]=11111111011111110111111111111111, sa_flags=SA_RESTART|SA_SIGINFO
SIGQUIT: [libjvm.dylib+0x48aa65], sa_mask[0]=11111111011111110111111111111111, sa_flags=SA_RESTART|SA_SIGINFO


---------------  S Y S T E M  ---------------

OS:Bsduname:Darwin 20.0.0 Darwin Kernel Version 20.0.0: Thu Jul 30 22:49:28 PDT 2020; root:xnu-7195.0.0.141.5~1/RELEASE_X86_64 x86_64
rlimit: STACK 8192k, CORE 0k, NPROC 1392, NOFILE 10240, AS infinity
load average:5.29 3.92 3.18

CPU:total 6 (initial active 6) (6 cores per cpu, 1 threads per core) family 6 model 158 stepping 10, cmov, cx8, fxsr, mmx, sse, sse2, sse3, ssse3, sse4.1, sse4.2, popcnt, avx, avx2, aes, clmul, erms, rtm, 3dnowpref, lzcnt, tsc, tscinvbit, bmi1, bmi2, adx

Memory: 4k page, physical 8388608k(54292k free)

/proc/meminfo:


vm_info: Java HotSpot(TM) 64-Bit Server VM (25.201-b09) for bsd-amd64 JRE (1.8.0_201-b09), built on Dec 15 2018 18:35:23 by "java_re" with gcc 4.2.1 (Based on Apple Inc. build 5658) (LLVM build 2336.11.00)

time: Sun Aug 16 12:35:00 2020
timezone: BST
elapsed time: 6 seconds (0d 0h 0m 6s)

